        -:    0:Source:bn_err.c
        -:    0:Graph:bn_err.gcno
        -:    0:Data:bn_err.gcda
        -:    0:Runs:10000
        -:    0:Programs:1
        -:    1:/* crypto/bn/bn_err.c */
        -:    2:/* ====================================================================
        -:    3: * Copyright (c) 1999-2007 The OpenSSL Project.  All rights reserved.
        -:    4: *
        -:    5: * Redistribution and use in source and binary forms, with or without
        -:    6: * modification, are permitted provided that the following conditions
        -:    7: * are met:
        -:    8: *
        -:    9: * 1. Redistributions of source code must retain the above copyright
        -:   10: *    notice, this list of conditions and the following disclaimer. 
        -:   11: *
        -:   12: * 2. Redistributions in binary form must reproduce the above copyright
        -:   13: *    notice, this list of conditions and the following disclaimer in
        -:   14: *    the documentation and/or other materials provided with the
        -:   15: *    distribution.
        -:   16: *
        -:   17: * 3. All advertising materials mentioning features or use of this
        -:   18: *    software must display the following acknowledgment:
        -:   19: *    "This product includes software developed by the OpenSSL Project
        -:   20: *    for use in the OpenSSL Toolkit. (http://www.OpenSSL.org/)"
        -:   21: *
        -:   22: * 4. The names "OpenSSL Toolkit" and "OpenSSL Project" must not be used to
        -:   23: *    endorse or promote products derived from this software without
        -:   24: *    prior written permission. For written permission, please contact
        -:   25: *    openssl-core@OpenSSL.org.
        -:   26: *
        -:   27: * 5. Products derived from this software may not be called "OpenSSL"
        -:   28: *    nor may "OpenSSL" appear in their names without prior written
        -:   29: *    permission of the OpenSSL Project.
        -:   30: *
        -:   31: * 6. Redistributions of any form whatsoever must retain the following
        -:   32: *    acknowledgment:
        -:   33: *    "This product includes software developed by the OpenSSL Project
        -:   34: *    for use in the OpenSSL Toolkit (http://www.OpenSSL.org/)"
        -:   35: *
        -:   36: * THIS SOFTWARE IS PROVIDED BY THE OpenSSL PROJECT ``AS IS'' AND ANY
        -:   37: * EXPRESSED OR IMPLIED WARRANTIES, INCLUDING, BUT NOT LIMITED TO, THE
        -:   38: * IMPLIED WARRANTIES OF MERCHANTABILITY AND FITNESS FOR A PARTICULAR
        -:   39: * PURPOSE ARE DISCLAIMED.  IN NO EVENT SHALL THE OpenSSL PROJECT OR
        -:   40: * ITS CONTRIBUTORS BE LIABLE FOR ANY DIRECT, INDIRECT, INCIDENTAL,
        -:   41: * SPECIAL, EXEMPLARY, OR CONSEQUENTIAL DAMAGES (INCLUDING, BUT
        -:   42: * NOT LIMITED TO, PROCUREMENT OF SUBSTITUTE GOODS OR SERVICES;
        -:   43: * LOSS OF USE, DATA, OR PROFITS; OR BUSINESS INTERRUPTION)
        -:   44: * HOWEVER CAUSED AND ON ANY THEORY OF LIABILITY, WHETHER IN CONTRACT,
        -:   45: * STRICT LIABILITY, OR TORT (INCLUDING NEGLIGENCE OR OTHERWISE)
        -:   46: * ARISING IN ANY WAY OUT OF THE USE OF THIS SOFTWARE, EVEN IF ADVISED
        -:   47: * OF THE POSSIBILITY OF SUCH DAMAGE.
        -:   48: * ====================================================================
        -:   49: *
        -:   50: * This product includes cryptographic software written by Eric Young
        -:   51: * (eay@cryptsoft.com).  This product includes software written by Tim
        -:   52: * Hudson (tjh@cryptsoft.com).
        -:   53: *
        -:   54: */
        -:   55:
        -:   56:/* NOTE: this file was auto generated by the mkerr.pl script: any changes
        -:   57: * made to it will be overwritten when the script next updates this file,
        -:   58: * only reason strings will be preserved.
        -:   59: */
        -:   60:
        -:   61:#include <stdio.h>
        -:   62:#include <openssl/err.h>
        -:   63:#include <openssl/bn.h>
        -:   64:
        -:   65:/* BEGIN ERROR CODES */
        -:   66:#ifndef OPENSSL_NO_ERR
        -:   67:
        -:   68:#define ERR_FUNC(func) ERR_PACK(ERR_LIB_BN,func,0)
        -:   69:#define ERR_REASON(reason) ERR_PACK(ERR_LIB_BN,0,reason)
        -:   70:
        -:   71:static ERR_STRING_DATA BN_str_functs[]=
        -:   72:	{
        -:   73:{ERR_FUNC(BN_F_BNRAND),	"BNRAND"},
        -:   74:{ERR_FUNC(BN_F_BN_BLINDING_CONVERT_EX),	"BN_BLINDING_convert_ex"},
        -:   75:{ERR_FUNC(BN_F_BN_BLINDING_CREATE_PARAM),	"BN_BLINDING_create_param"},
        -:   76:{ERR_FUNC(BN_F_BN_BLINDING_INVERT_EX),	"BN_BLINDING_invert_ex"},
        -:   77:{ERR_FUNC(BN_F_BN_BLINDING_NEW),	"BN_BLINDING_new"},
        -:   78:{ERR_FUNC(BN_F_BN_BLINDING_UPDATE),	"BN_BLINDING_update"},
        -:   79:{ERR_FUNC(BN_F_BN_BN2DEC),	"BN_bn2dec"},
        -:   80:{ERR_FUNC(BN_F_BN_BN2HEX),	"BN_bn2hex"},
        -:   81:{ERR_FUNC(BN_F_BN_CTX_GET),	"BN_CTX_get"},
        -:   82:{ERR_FUNC(BN_F_BN_CTX_NEW),	"BN_CTX_new"},
        -:   83:{ERR_FUNC(BN_F_BN_CTX_START),	"BN_CTX_start"},
        -:   84:{ERR_FUNC(BN_F_BN_DIV),	"BN_div"},
        -:   85:{ERR_FUNC(BN_F_BN_DIV_NO_BRANCH),	"BN_div_no_branch"},
        -:   86:{ERR_FUNC(BN_F_BN_DIV_RECP),	"BN_div_recp"},
        -:   87:{ERR_FUNC(BN_F_BN_EXP),	"BN_exp"},
        -:   88:{ERR_FUNC(BN_F_BN_EXPAND2),	"bn_expand2"},
        -:   89:{ERR_FUNC(BN_F_BN_EXPAND_INTERNAL),	"BN_EXPAND_INTERNAL"},
        -:   90:{ERR_FUNC(BN_F_BN_GF2M_MOD),	"BN_GF2m_mod"},
        -:   91:{ERR_FUNC(BN_F_BN_GF2M_MOD_EXP),	"BN_GF2m_mod_exp"},
        -:   92:{ERR_FUNC(BN_F_BN_GF2M_MOD_MUL),	"BN_GF2m_mod_mul"},
        -:   93:{ERR_FUNC(BN_F_BN_GF2M_MOD_SOLVE_QUAD),	"BN_GF2m_mod_solve_quad"},
        -:   94:{ERR_FUNC(BN_F_BN_GF2M_MOD_SOLVE_QUAD_ARR),	"BN_GF2m_mod_solve_quad_arr"},
        -:   95:{ERR_FUNC(BN_F_BN_GF2M_MOD_SQR),	"BN_GF2m_mod_sqr"},
        -:   96:{ERR_FUNC(BN_F_BN_GF2M_MOD_SQRT),	"BN_GF2m_mod_sqrt"},
        -:   97:{ERR_FUNC(BN_F_BN_MOD_EXP2_MONT),	"BN_mod_exp2_mont"},
        -:   98:{ERR_FUNC(BN_F_BN_MOD_EXP_MONT),	"BN_mod_exp_mont"},
        -:   99:{ERR_FUNC(BN_F_BN_MOD_EXP_MONT_CONSTTIME),	"BN_mod_exp_mont_consttime"},
        -:  100:{ERR_FUNC(BN_F_BN_MOD_EXP_MONT_WORD),	"BN_mod_exp_mont_word"},
        -:  101:{ERR_FUNC(BN_F_BN_MOD_EXP_RECP),	"BN_mod_exp_recp"},
        -:  102:{ERR_FUNC(BN_F_BN_MOD_EXP_SIMPLE),	"BN_mod_exp_simple"},
        -:  103:{ERR_FUNC(BN_F_BN_MOD_INVERSE),	"BN_mod_inverse"},
        -:  104:{ERR_FUNC(BN_F_BN_MOD_INVERSE_NO_BRANCH),	"BN_mod_inverse_no_branch"},
        -:  105:{ERR_FUNC(BN_F_BN_MOD_LSHIFT_QUICK),	"BN_mod_lshift_quick"},
        -:  106:{ERR_FUNC(BN_F_BN_MOD_MUL_RECIPROCAL),	"BN_mod_mul_reciprocal"},
        -:  107:{ERR_FUNC(BN_F_BN_MOD_SQRT),	"BN_mod_sqrt"},
        -:  108:{ERR_FUNC(BN_F_BN_MPI2BN),	"BN_mpi2bn"},
        -:  109:{ERR_FUNC(BN_F_BN_NEW),	"BN_new"},
        -:  110:{ERR_FUNC(BN_F_BN_RAND),	"BN_rand"},
        -:  111:{ERR_FUNC(BN_F_BN_RAND_RANGE),	"BN_rand_range"},
        -:  112:{ERR_FUNC(BN_F_BN_USUB),	"BN_usub"},
        -:  113:{0,NULL}
        -:  114:	};
        -:  115:
        -:  116:static ERR_STRING_DATA BN_str_reasons[]=
        -:  117:	{
        -:  118:{ERR_REASON(BN_R_ARG2_LT_ARG3)           ,"arg2 lt arg3"},
        -:  119:{ERR_REASON(BN_R_BAD_RECIPROCAL)         ,"bad reciprocal"},
        -:  120:{ERR_REASON(BN_R_BIGNUM_TOO_LONG)        ,"bignum too long"},
        -:  121:{ERR_REASON(BN_R_CALLED_WITH_EVEN_MODULUS),"called with even modulus"},
        -:  122:{ERR_REASON(BN_R_DIV_BY_ZERO)            ,"div by zero"},
        -:  123:{ERR_REASON(BN_R_ENCODING_ERROR)         ,"encoding error"},
        -:  124:{ERR_REASON(BN_R_EXPAND_ON_STATIC_BIGNUM_DATA),"expand on static bignum data"},
        -:  125:{ERR_REASON(BN_R_INPUT_NOT_REDUCED)      ,"input not reduced"},
        -:  126:{ERR_REASON(BN_R_INVALID_LENGTH)         ,"invalid length"},
        -:  127:{ERR_REASON(BN_R_INVALID_RANGE)          ,"invalid range"},
        -:  128:{ERR_REASON(BN_R_NOT_A_SQUARE)           ,"not a square"},
        -:  129:{ERR_REASON(BN_R_NOT_INITIALIZED)        ,"not initialized"},
        -:  130:{ERR_REASON(BN_R_NO_INVERSE)             ,"no inverse"},
        -:  131:{ERR_REASON(BN_R_NO_SOLUTION)            ,"no solution"},
        -:  132:{ERR_REASON(BN_R_P_IS_NOT_PRIME)         ,"p is not prime"},
        -:  133:{ERR_REASON(BN_R_TOO_MANY_ITERATIONS)    ,"too many iterations"},
        -:  134:{ERR_REASON(BN_R_TOO_MANY_TEMPORARY_VARIABLES),"too many temporary variables"},
        -:  135:{0,NULL}
        -:  136:	};
        -:  137:
        -:  138:#endif
        -:  139:
    20000:  140:void ERR_load_BN_strings(void)
        -:  141:	{
        -:  142:#ifndef OPENSSL_NO_ERR
        -:  143:
    20000:  144:	if (ERR_func_error_string(BN_str_functs[0].error) == NULL)
        -:  145:		{
    10000:  146:		ERR_load_strings(0,BN_str_functs);
    10000:  147:		ERR_load_strings(0,BN_str_reasons);
        -:  148:		}
        -:  149:#endif
    20000:  150:	}
