        -:    0:Source:nsseq.c
        -:    0:Graph:nsseq.gcno
        -:    0:Data:nsseq.gcda
        -:    0:Runs:10000
        -:    0:Programs:1
        -:    1:/* nsseq.c */
        -:    2:/* Written by Dr Stephen N Henson (steve@openssl.org) for the OpenSSL
        -:    3: * project 1999.
        -:    4: */
        -:    5:/* ====================================================================
        -:    6: * Copyright (c) 1999-2005 The OpenSSL Project.  All rights reserved.
        -:    7: *
        -:    8: * Redistribution and use in source and binary forms, with or without
        -:    9: * modification, are permitted provided that the following conditions
        -:   10: * are met:
        -:   11: *
        -:   12: * 1. Redistributions of source code must retain the above copyright
        -:   13: *    notice, this list of conditions and the following disclaimer. 
        -:   14: *
        -:   15: * 2. Redistributions in binary form must reproduce the above copyright
        -:   16: *    notice, this list of conditions and the following disclaimer in
        -:   17: *    the documentation and/or other materials provided with the
        -:   18: *    distribution.
        -:   19: *
        -:   20: * 3. All advertising materials mentioning features or use of this
        -:   21: *    software must display the following acknowledgment:
        -:   22: *    "This product includes software developed by the OpenSSL Project
        -:   23: *    for use in the OpenSSL Toolkit. (http://www.OpenSSL.org/)"
        -:   24: *
        -:   25: * 4. The names "OpenSSL Toolkit" and "OpenSSL Project" must not be used to
        -:   26: *    endorse or promote products derived from this software without
        -:   27: *    prior written permission. For written permission, please contact
        -:   28: *    licensing@OpenSSL.org.
        -:   29: *
        -:   30: * 5. Products derived from this software may not be called "OpenSSL"
        -:   31: *    nor may "OpenSSL" appear in their names without prior written
        -:   32: *    permission of the OpenSSL Project.
        -:   33: *
        -:   34: * 6. Redistributions of any form whatsoever must retain the following
        -:   35: *    acknowledgment:
        -:   36: *    "This product includes software developed by the OpenSSL Project
        -:   37: *    for use in the OpenSSL Toolkit (http://www.OpenSSL.org/)"
        -:   38: *
        -:   39: * THIS SOFTWARE IS PROVIDED BY THE OpenSSL PROJECT ``AS IS'' AND ANY
        -:   40: * EXPRESSED OR IMPLIED WARRANTIES, INCLUDING, BUT NOT LIMITED TO, THE
        -:   41: * IMPLIED WARRANTIES OF MERCHANTABILITY AND FITNESS FOR A PARTICULAR
        -:   42: * PURPOSE ARE DISCLAIMED.  IN NO EVENT SHALL THE OpenSSL PROJECT OR
        -:   43: * ITS CONTRIBUTORS BE LIABLE FOR ANY DIRECT, INDIRECT, INCIDENTAL,
        -:   44: * SPECIAL, EXEMPLARY, OR CONSEQUENTIAL DAMAGES (INCLUDING, BUT
        -:   45: * NOT LIMITED TO, PROCUREMENT OF SUBSTITUTE GOODS OR SERVICES;
        -:   46: * LOSS OF USE, DATA, OR PROFITS; OR BUSINESS INTERRUPTION)
        -:   47: * HOWEVER CAUSED AND ON ANY THEORY OF LIABILITY, WHETHER IN CONTRACT,
        -:   48: * STRICT LIABILITY, OR TORT (INCLUDING NEGLIGENCE OR OTHERWISE)
        -:   49: * ARISING IN ANY WAY OUT OF THE USE OF THIS SOFTWARE, EVEN IF ADVISED
        -:   50: * OF THE POSSIBILITY OF SUCH DAMAGE.
        -:   51: * ====================================================================
        -:   52: *
        -:   53: * This product includes cryptographic software written by Eric Young
        -:   54: * (eay@cryptsoft.com).  This product includes software written by Tim
        -:   55: * Hudson (tjh@cryptsoft.com).
        -:   56: *
        -:   57: */
        -:   58:
        -:   59:#include <stdio.h>
        -:   60:#include <stdlib.h>
        -:   61:#include <openssl/asn1t.h>
        -:   62:#include <openssl/x509.h>
        -:   63:#include <openssl/objects.h>
        -:   64:
    #####:   65:static int nsseq_cb(int operation, ASN1_VALUE **pval, const ASN1_ITEM *it,
        -:   66:							void *exarg)
        -:   67:{
    #####:   68:	if(operation == ASN1_OP_NEW_POST) {
        -:   69:		NETSCAPE_CERT_SEQUENCE *nsseq;
    #####:   70:		nsseq = (NETSCAPE_CERT_SEQUENCE *)*pval;
    #####:   71:		nsseq->type = OBJ_nid2obj(NID_netscape_cert_sequence);
        -:   72:	}
    #####:   73:	return 1;
        -:   74:}
        -:   75:
        -:   76:/* Netscape certificate sequence structure */
        -:   77:
        -:   78:ASN1_SEQUENCE_cb(NETSCAPE_CERT_SEQUENCE, nsseq_cb) = {
        -:   79:	ASN1_SIMPLE(NETSCAPE_CERT_SEQUENCE, type, ASN1_OBJECT),
        -:   80:	ASN1_EXP_SEQUENCE_OF_OPT(NETSCAPE_CERT_SEQUENCE, certs, X509, 0)
        -:   81:} ASN1_SEQUENCE_END_cb(NETSCAPE_CERT_SEQUENCE, NETSCAPE_CERT_SEQUENCE)
        -:   82:
    #####:   83:IMPLEMENT_ASN1_FUNCTIONS(NETSCAPE_CERT_SEQUENCE)
