        -:    0:Source:ts_err.c
        -:    0:Graph:ts_err.gcno
        -:    0:Data:ts_err.gcda
        -:    0:Runs:10000
        -:    0:Programs:1
        -:    1:/* crypto/ts/ts_err.c */
        -:    2:/* ====================================================================
        -:    3: * Copyright (c) 1999-2007 The OpenSSL Project.  All rights reserved.
        -:    4: *
        -:    5: * Redistribution and use in source and binary forms, with or without
        -:    6: * modification, are permitted provided that the following conditions
        -:    7: * are met:
        -:    8: *
        -:    9: * 1. Redistributions of source code must retain the above copyright
        -:   10: *    notice, this list of conditions and the following disclaimer. 
        -:   11: *
        -:   12: * 2. Redistributions in binary form must reproduce the above copyright
        -:   13: *    notice, this list of conditions and the following disclaimer in
        -:   14: *    the documentation and/or other materials provided with the
        -:   15: *    distribution.
        -:   16: *
        -:   17: * 3. All advertising materials mentioning features or use of this
        -:   18: *    software must display the following acknowledgment:
        -:   19: *    "This product includes software developed by the OpenSSL Project
        -:   20: *    for use in the OpenSSL Toolkit. (http://www.OpenSSL.org/)"
        -:   21: *
        -:   22: * 4. The names "OpenSSL Toolkit" and "OpenSSL Project" must not be used to
        -:   23: *    endorse or promote products derived from this software without
        -:   24: *    prior written permission. For written permission, please contact
        -:   25: *    openssl-core@OpenSSL.org.
        -:   26: *
        -:   27: * 5. Products derived from this software may not be called "OpenSSL"
        -:   28: *    nor may "OpenSSL" appear in their names without prior written
        -:   29: *    permission of the OpenSSL Project.
        -:   30: *
        -:   31: * 6. Redistributions of any form whatsoever must retain the following
        -:   32: *    acknowledgment:
        -:   33: *    "This product includes software developed by the OpenSSL Project
        -:   34: *    for use in the OpenSSL Toolkit (http://www.OpenSSL.org/)"
        -:   35: *
        -:   36: * THIS SOFTWARE IS PROVIDED BY THE OpenSSL PROJECT ``AS IS'' AND ANY
        -:   37: * EXPRESSED OR IMPLIED WARRANTIES, INCLUDING, BUT NOT LIMITED TO, THE
        -:   38: * IMPLIED WARRANTIES OF MERCHANTABILITY AND FITNESS FOR A PARTICULAR
        -:   39: * PURPOSE ARE DISCLAIMED.  IN NO EVENT SHALL THE OpenSSL PROJECT OR
        -:   40: * ITS CONTRIBUTORS BE LIABLE FOR ANY DIRECT, INDIRECT, INCIDENTAL,
        -:   41: * SPECIAL, EXEMPLARY, OR CONSEQUENTIAL DAMAGES (INCLUDING, BUT
        -:   42: * NOT LIMITED TO, PROCUREMENT OF SUBSTITUTE GOODS OR SERVICES;
        -:   43: * LOSS OF USE, DATA, OR PROFITS; OR BUSINESS INTERRUPTION)
        -:   44: * HOWEVER CAUSED AND ON ANY THEORY OF LIABILITY, WHETHER IN CONTRACT,
        -:   45: * STRICT LIABILITY, OR TORT (INCLUDING NEGLIGENCE OR OTHERWISE)
        -:   46: * ARISING IN ANY WAY OUT OF THE USE OF THIS SOFTWARE, EVEN IF ADVISED
        -:   47: * OF THE POSSIBILITY OF SUCH DAMAGE.
        -:   48: * ====================================================================
        -:   49: *
        -:   50: * This product includes cryptographic software written by Eric Young
        -:   51: * (eay@cryptsoft.com).  This product includes software written by Tim
        -:   52: * Hudson (tjh@cryptsoft.com).
        -:   53: *
        -:   54: */
        -:   55:
        -:   56:/* NOTE: this file was auto generated by the mkerr.pl script: any changes
        -:   57: * made to it will be overwritten when the script next updates this file,
        -:   58: * only reason strings will be preserved.
        -:   59: */
        -:   60:
        -:   61:#include <stdio.h>
        -:   62:#include <openssl/err.h>
        -:   63:#include <openssl/ts.h>
        -:   64:
        -:   65:/* BEGIN ERROR CODES */
        -:   66:#ifndef OPENSSL_NO_ERR
        -:   67:
        -:   68:#define ERR_FUNC(func) ERR_PACK(ERR_LIB_TS,func,0)
        -:   69:#define ERR_REASON(reason) ERR_PACK(ERR_LIB_TS,0,reason)
        -:   70:
        -:   71:static ERR_STRING_DATA TS_str_functs[]=
        -:   72:	{
        -:   73:{ERR_FUNC(TS_F_D2I_TS_RESP),	"d2i_TS_RESP"},
        -:   74:{ERR_FUNC(TS_F_DEF_SERIAL_CB),	"DEF_SERIAL_CB"},
        -:   75:{ERR_FUNC(TS_F_DEF_TIME_CB),	"DEF_TIME_CB"},
        -:   76:{ERR_FUNC(TS_F_ESS_ADD_SIGNING_CERT),	"ESS_ADD_SIGNING_CERT"},
        -:   77:{ERR_FUNC(TS_F_ESS_CERT_ID_NEW_INIT),	"ESS_CERT_ID_NEW_INIT"},
        -:   78:{ERR_FUNC(TS_F_ESS_SIGNING_CERT_NEW_INIT),	"ESS_SIGNING_CERT_NEW_INIT"},
        -:   79:{ERR_FUNC(TS_F_INT_TS_RESP_VERIFY_TOKEN),	"INT_TS_RESP_VERIFY_TOKEN"},
        -:   80:{ERR_FUNC(TS_F_PKCS7_TO_TS_TST_INFO),	"PKCS7_to_TS_TST_INFO"},
        -:   81:{ERR_FUNC(TS_F_TS_ACCURACY_SET_MICROS),	"TS_ACCURACY_set_micros"},
        -:   82:{ERR_FUNC(TS_F_TS_ACCURACY_SET_MILLIS),	"TS_ACCURACY_set_millis"},
        -:   83:{ERR_FUNC(TS_F_TS_ACCURACY_SET_SECONDS),	"TS_ACCURACY_set_seconds"},
        -:   84:{ERR_FUNC(TS_F_TS_CHECK_IMPRINTS),	"TS_CHECK_IMPRINTS"},
        -:   85:{ERR_FUNC(TS_F_TS_CHECK_NONCES),	"TS_CHECK_NONCES"},
        -:   86:{ERR_FUNC(TS_F_TS_CHECK_POLICY),	"TS_CHECK_POLICY"},
        -:   87:{ERR_FUNC(TS_F_TS_CHECK_SIGNING_CERTS),	"TS_CHECK_SIGNING_CERTS"},
        -:   88:{ERR_FUNC(TS_F_TS_CHECK_STATUS_INFO),	"TS_CHECK_STATUS_INFO"},
        -:   89:{ERR_FUNC(TS_F_TS_COMPUTE_IMPRINT),	"TS_COMPUTE_IMPRINT"},
        -:   90:{ERR_FUNC(TS_F_TS_CONF_SET_DEFAULT_ENGINE),	"TS_CONF_set_default_engine"},
        -:   91:{ERR_FUNC(TS_F_TS_GET_STATUS_TEXT),	"TS_GET_STATUS_TEXT"},
        -:   92:{ERR_FUNC(TS_F_TS_MSG_IMPRINT_SET_ALGO),	"TS_MSG_IMPRINT_set_algo"},
        -:   93:{ERR_FUNC(TS_F_TS_REQ_SET_MSG_IMPRINT),	"TS_REQ_set_msg_imprint"},
        -:   94:{ERR_FUNC(TS_F_TS_REQ_SET_NONCE),	"TS_REQ_set_nonce"},
        -:   95:{ERR_FUNC(TS_F_TS_REQ_SET_POLICY_ID),	"TS_REQ_set_policy_id"},
        -:   96:{ERR_FUNC(TS_F_TS_RESP_CREATE_RESPONSE),	"TS_RESP_create_response"},
        -:   97:{ERR_FUNC(TS_F_TS_RESP_CREATE_TST_INFO),	"TS_RESP_CREATE_TST_INFO"},
        -:   98:{ERR_FUNC(TS_F_TS_RESP_CTX_ADD_FAILURE_INFO),	"TS_RESP_CTX_add_failure_info"},
        -:   99:{ERR_FUNC(TS_F_TS_RESP_CTX_ADD_MD),	"TS_RESP_CTX_add_md"},
        -:  100:{ERR_FUNC(TS_F_TS_RESP_CTX_ADD_POLICY),	"TS_RESP_CTX_add_policy"},
        -:  101:{ERR_FUNC(TS_F_TS_RESP_CTX_NEW),	"TS_RESP_CTX_new"},
        -:  102:{ERR_FUNC(TS_F_TS_RESP_CTX_SET_ACCURACY),	"TS_RESP_CTX_set_accuracy"},
        -:  103:{ERR_FUNC(TS_F_TS_RESP_CTX_SET_CERTS),	"TS_RESP_CTX_set_certs"},
        -:  104:{ERR_FUNC(TS_F_TS_RESP_CTX_SET_DEF_POLICY),	"TS_RESP_CTX_set_def_policy"},
        -:  105:{ERR_FUNC(TS_F_TS_RESP_CTX_SET_SIGNER_CERT),	"TS_RESP_CTX_set_signer_cert"},
        -:  106:{ERR_FUNC(TS_F_TS_RESP_CTX_SET_STATUS_INFO),	"TS_RESP_CTX_set_status_info"},
        -:  107:{ERR_FUNC(TS_F_TS_RESP_GET_POLICY),	"TS_RESP_GET_POLICY"},
        -:  108:{ERR_FUNC(TS_F_TS_RESP_SET_GENTIME_WITH_PRECISION),	"TS_RESP_SET_GENTIME_WITH_PRECISION"},
        -:  109:{ERR_FUNC(TS_F_TS_RESP_SET_STATUS_INFO),	"TS_RESP_set_status_info"},
        -:  110:{ERR_FUNC(TS_F_TS_RESP_SET_TST_INFO),	"TS_RESP_set_tst_info"},
        -:  111:{ERR_FUNC(TS_F_TS_RESP_SIGN),	"TS_RESP_SIGN"},
        -:  112:{ERR_FUNC(TS_F_TS_RESP_VERIFY_SIGNATURE),	"TS_RESP_verify_signature"},
        -:  113:{ERR_FUNC(TS_F_TS_RESP_VERIFY_TOKEN),	"TS_RESP_verify_token"},
        -:  114:{ERR_FUNC(TS_F_TS_TST_INFO_SET_ACCURACY),	"TS_TST_INFO_set_accuracy"},
        -:  115:{ERR_FUNC(TS_F_TS_TST_INFO_SET_MSG_IMPRINT),	"TS_TST_INFO_set_msg_imprint"},
        -:  116:{ERR_FUNC(TS_F_TS_TST_INFO_SET_NONCE),	"TS_TST_INFO_set_nonce"},
        -:  117:{ERR_FUNC(TS_F_TS_TST_INFO_SET_POLICY_ID),	"TS_TST_INFO_set_policy_id"},
        -:  118:{ERR_FUNC(TS_F_TS_TST_INFO_SET_SERIAL),	"TS_TST_INFO_set_serial"},
        -:  119:{ERR_FUNC(TS_F_TS_TST_INFO_SET_TIME),	"TS_TST_INFO_set_time"},
        -:  120:{ERR_FUNC(TS_F_TS_TST_INFO_SET_TSA),	"TS_TST_INFO_set_tsa"},
        -:  121:{ERR_FUNC(TS_F_TS_VERIFY),	"TS_VERIFY"},
        -:  122:{ERR_FUNC(TS_F_TS_VERIFY_CERT),	"TS_VERIFY_CERT"},
        -:  123:{ERR_FUNC(TS_F_TS_VERIFY_CTX_NEW),	"TS_VERIFY_CTX_new"},
        -:  124:{0,NULL}
        -:  125:	};
        -:  126:
        -:  127:static ERR_STRING_DATA TS_str_reasons[]=
        -:  128:	{
        -:  129:{ERR_REASON(TS_R_BAD_PKCS7_TYPE)         ,"bad pkcs7 type"},
        -:  130:{ERR_REASON(TS_R_BAD_TYPE)               ,"bad type"},
        -:  131:{ERR_REASON(TS_R_CERTIFICATE_VERIFY_ERROR),"certificate verify error"},
        -:  132:{ERR_REASON(TS_R_COULD_NOT_SET_ENGINE)   ,"could not set engine"},
        -:  133:{ERR_REASON(TS_R_COULD_NOT_SET_TIME)     ,"could not set time"},
        -:  134:{ERR_REASON(TS_R_D2I_TS_RESP_INT_FAILED) ,"d2i ts resp int failed"},
        -:  135:{ERR_REASON(TS_R_DETACHED_CONTENT)       ,"detached content"},
        -:  136:{ERR_REASON(TS_R_ESS_ADD_SIGNING_CERT_ERROR),"ess add signing cert error"},
        -:  137:{ERR_REASON(TS_R_ESS_SIGNING_CERTIFICATE_ERROR),"ess signing certificate error"},
        -:  138:{ERR_REASON(TS_R_INVALID_NULL_POINTER)   ,"invalid null pointer"},
        -:  139:{ERR_REASON(TS_R_INVALID_SIGNER_CERTIFICATE_PURPOSE),"invalid signer certificate purpose"},
        -:  140:{ERR_REASON(TS_R_MESSAGE_IMPRINT_MISMATCH),"message imprint mismatch"},
        -:  141:{ERR_REASON(TS_R_NONCE_MISMATCH)         ,"nonce mismatch"},
        -:  142:{ERR_REASON(TS_R_NONCE_NOT_RETURNED)     ,"nonce not returned"},
        -:  143:{ERR_REASON(TS_R_NO_CONTENT)             ,"no content"},
        -:  144:{ERR_REASON(TS_R_NO_TIME_STAMP_TOKEN)    ,"no time stamp token"},
        -:  145:{ERR_REASON(TS_R_PKCS7_ADD_SIGNATURE_ERROR),"pkcs7 add signature error"},
        -:  146:{ERR_REASON(TS_R_PKCS7_ADD_SIGNED_ATTR_ERROR),"pkcs7 add signed attr error"},
        -:  147:{ERR_REASON(TS_R_PKCS7_TO_TS_TST_INFO_FAILED),"pkcs7 to ts tst info failed"},
        -:  148:{ERR_REASON(TS_R_POLICY_MISMATCH)        ,"policy mismatch"},
        -:  149:{ERR_REASON(TS_R_PRIVATE_KEY_DOES_NOT_MATCH_CERTIFICATE),"private key does not match certificate"},
        -:  150:{ERR_REASON(TS_R_RESPONSE_SETUP_ERROR)   ,"response setup error"},
        -:  151:{ERR_REASON(TS_R_SIGNATURE_FAILURE)      ,"signature failure"},
        -:  152:{ERR_REASON(TS_R_THERE_MUST_BE_ONE_SIGNER),"there must be one signer"},
        -:  153:{ERR_REASON(TS_R_TIME_SYSCALL_ERROR)     ,"time syscall error"},
        -:  154:{ERR_REASON(TS_R_TOKEN_NOT_PRESENT)      ,"token not present"},
        -:  155:{ERR_REASON(TS_R_TOKEN_PRESENT)          ,"token present"},
        -:  156:{ERR_REASON(TS_R_TSA_NAME_MISMATCH)      ,"tsa name mismatch"},
        -:  157:{ERR_REASON(TS_R_TSA_UNTRUSTED)          ,"tsa untrusted"},
        -:  158:{ERR_REASON(TS_R_TST_INFO_SETUP_ERROR)   ,"tst info setup error"},
        -:  159:{ERR_REASON(TS_R_TS_DATASIGN)            ,"ts datasign"},
        -:  160:{ERR_REASON(TS_R_UNACCEPTABLE_POLICY)    ,"unacceptable policy"},
        -:  161:{ERR_REASON(TS_R_UNSUPPORTED_MD_ALGORITHM),"unsupported md algorithm"},
        -:  162:{ERR_REASON(TS_R_UNSUPPORTED_VERSION)    ,"unsupported version"},
        -:  163:{ERR_REASON(TS_R_WRONG_CONTENT_TYPE)     ,"wrong content type"},
        -:  164:{0,NULL}
        -:  165:	};
        -:  166:
        -:  167:#endif
        -:  168:
    20000:  169:void ERR_load_TS_strings(void)
        -:  170:	{
        -:  171:#ifndef OPENSSL_NO_ERR
        -:  172:
    20000:  173:	if (ERR_func_error_string(TS_str_functs[0].error) == NULL)
        -:  174:		{
    10000:  175:		ERR_load_strings(0,TS_str_functs);
    10000:  176:		ERR_load_strings(0,TS_str_reasons);
        -:  177:		}
        -:  178:#endif
    20000:  179:	}
