        -:    0:Source:ts_req_print.c
        -:    0:Graph:ts_req_print.gcno
        -:    0:Data:ts_req_print.gcda
        -:    0:Runs:10000
        -:    0:Programs:1
        -:    1:/* crypto/ts/ts_req_print.c */
        -:    2:/* Written by Zoltan Glozik (zglozik@stones.com) for the OpenSSL
        -:    3: * project 2002.
        -:    4: */
        -:    5:/* ====================================================================
        -:    6: * Copyright (c) 2006 The OpenSSL Project.  All rights reserved.
        -:    7: *
        -:    8: * Redistribution and use in source and binary forms, with or without
        -:    9: * modification, are permitted provided that the following conditions
        -:   10: * are met:
        -:   11: *
        -:   12: * 1. Redistributions of source code must retain the above copyright
        -:   13: *    notice, this list of conditions and the following disclaimer. 
        -:   14: *
        -:   15: * 2. Redistributions in binary form must reproduce the above copyright
        -:   16: *    notice, this list of conditions and the following disclaimer in
        -:   17: *    the documentation and/or other materials provided with the
        -:   18: *    distribution.
        -:   19: *
        -:   20: * 3. All advertising materials mentioning features or use of this
        -:   21: *    software must display the following acknowledgment:
        -:   22: *    "This product includes software developed by the OpenSSL Project
        -:   23: *    for use in the OpenSSL Toolkit. (http://www.OpenSSL.org/)"
        -:   24: *
        -:   25: * 4. The names "OpenSSL Toolkit" and "OpenSSL Project" must not be used to
        -:   26: *    endorse or promote products derived from this software without
        -:   27: *    prior written permission. For written permission, please contact
        -:   28: *    licensing@OpenSSL.org.
        -:   29: *
        -:   30: * 5. Products derived from this software may not be called "OpenSSL"
        -:   31: *    nor may "OpenSSL" appear in their names without prior written
        -:   32: *    permission of the OpenSSL Project.
        -:   33: *
        -:   34: * 6. Redistributions of any form whatsoever must retain the following
        -:   35: *    acknowledgment:
        -:   36: *    "This product includes software developed by the OpenSSL Project
        -:   37: *    for use in the OpenSSL Toolkit (http://www.OpenSSL.org/)"
        -:   38: *
        -:   39: * THIS SOFTWARE IS PROVIDED BY THE OpenSSL PROJECT ``AS IS'' AND ANY
        -:   40: * EXPRESSED OR IMPLIED WARRANTIES, INCLUDING, BUT NOT LIMITED TO, THE
        -:   41: * IMPLIED WARRANTIES OF MERCHANTABILITY AND FITNESS FOR A PARTICULAR
        -:   42: * PURPOSE ARE DISCLAIMED.  IN NO EVENT SHALL THE OpenSSL PROJECT OR
        -:   43: * ITS CONTRIBUTORS BE LIABLE FOR ANY DIRECT, INDIRECT, INCIDENTAL,
        -:   44: * SPECIAL, EXEMPLARY, OR CONSEQUENTIAL DAMAGES (INCLUDING, BUT
        -:   45: * NOT LIMITED TO, PROCUREMENT OF SUBSTITUTE GOODS OR SERVICES;
        -:   46: * LOSS OF USE, DATA, OR PROFITS; OR BUSINESS INTERRUPTION)
        -:   47: * HOWEVER CAUSED AND ON ANY THEORY OF LIABILITY, WHETHER IN CONTRACT,
        -:   48: * STRICT LIABILITY, OR TORT (INCLUDING NEGLIGENCE OR OTHERWISE)
        -:   49: * ARISING IN ANY WAY OUT OF THE USE OF THIS SOFTWARE, EVEN IF ADVISED
        -:   50: * OF THE POSSIBILITY OF SUCH DAMAGE.
        -:   51: * ====================================================================
        -:   52: *
        -:   53: * This product includes cryptographic software written by Eric Young
        -:   54: * (eay@cryptsoft.com).  This product includes software written by Tim
        -:   55: * Hudson (tjh@cryptsoft.com).
        -:   56: *
        -:   57: */
        -:   58:
        -:   59:#include <stdio.h>
        -:   60:#include "cryptlib.h"
        -:   61:#include <openssl/objects.h>
        -:   62:#include <openssl/bn.h>
        -:   63:#include <openssl/x509v3.h>
        -:   64:#include <openssl/ts.h>
        -:   65:
        -:   66:/* Function definitions. */
        -:   67:
    #####:   68:int TS_REQ_print_bio(BIO *bio, TS_REQ *a)
        -:   69:	{
        -:   70:	int v;
        -:   71:	ASN1_OBJECT *policy_id;
        -:   72:	const ASN1_INTEGER *nonce;
        -:   73:
    #####:   74:	if (a == NULL) return 0;
        -:   75:
    #####:   76:	v = TS_REQ_get_version(a);
    #####:   77:	BIO_printf(bio, "Version: %d\n", v);
        -:   78:
    #####:   79:	TS_MSG_IMPRINT_print_bio(bio, TS_REQ_get_msg_imprint(a));
        -:   80:
    #####:   81:	BIO_printf(bio, "Policy OID: ");
    #####:   82:	policy_id = TS_REQ_get_policy_id(a);
    #####:   83:	if (policy_id == NULL)
    #####:   84:		BIO_printf(bio, "unspecified\n");
        -:   85:	else	
    #####:   86:		TS_OBJ_print_bio(bio, policy_id);
        -:   87:
    #####:   88:	BIO_printf(bio, "Nonce: ");
    #####:   89:	nonce = TS_REQ_get_nonce(a);
    #####:   90:	if (nonce == NULL)
    #####:   91:		BIO_printf(bio, "unspecified");
        -:   92:	else
    #####:   93:		TS_ASN1_INTEGER_print_bio(bio, nonce);
    #####:   94:	BIO_write(bio, "\n", 1);
        -:   95:
    #####:   96:	BIO_printf(bio, "Certificate required: %s\n", 
    #####:   97:		   TS_REQ_get_cert_req(a) ? "yes" : "no");
        -:   98:
    #####:   99:	TS_ext_print_bio(bio, TS_REQ_get_exts(a));
        -:  100:
    #####:  101:	return 1;
        -:  102:	}
