        -:    0:Source:dsa_err.c
        -:    0:Graph:dsa_err.gcno
        -:    0:Data:dsa_err.gcda
        -:    0:Runs:10000
        -:    0:Programs:1
        -:    1:/* crypto/dsa/dsa_err.c */
        -:    2:/* ====================================================================
        -:    3: * Copyright (c) 1999-2011 The OpenSSL Project.  All rights reserved.
        -:    4: *
        -:    5: * Redistribution and use in source and binary forms, with or without
        -:    6: * modification, are permitted provided that the following conditions
        -:    7: * are met:
        -:    8: *
        -:    9: * 1. Redistributions of source code must retain the above copyright
        -:   10: *    notice, this list of conditions and the following disclaimer. 
        -:   11: *
        -:   12: * 2. Redistributions in binary form must reproduce the above copyright
        -:   13: *    notice, this list of conditions and the following disclaimer in
        -:   14: *    the documentation and/or other materials provided with the
        -:   15: *    distribution.
        -:   16: *
        -:   17: * 3. All advertising materials mentioning features or use of this
        -:   18: *    software must display the following acknowledgment:
        -:   19: *    "This product includes software developed by the OpenSSL Project
        -:   20: *    for use in the OpenSSL Toolkit. (http://www.OpenSSL.org/)"
        -:   21: *
        -:   22: * 4. The names "OpenSSL Toolkit" and "OpenSSL Project" must not be used to
        -:   23: *    endorse or promote products derived from this software without
        -:   24: *    prior written permission. For written permission, please contact
        -:   25: *    openssl-core@OpenSSL.org.
        -:   26: *
        -:   27: * 5. Products derived from this software may not be called "OpenSSL"
        -:   28: *    nor may "OpenSSL" appear in their names without prior written
        -:   29: *    permission of the OpenSSL Project.
        -:   30: *
        -:   31: * 6. Redistributions of any form whatsoever must retain the following
        -:   32: *    acknowledgment:
        -:   33: *    "This product includes software developed by the OpenSSL Project
        -:   34: *    for use in the OpenSSL Toolkit (http://www.OpenSSL.org/)"
        -:   35: *
        -:   36: * THIS SOFTWARE IS PROVIDED BY THE OpenSSL PROJECT ``AS IS'' AND ANY
        -:   37: * EXPRESSED OR IMPLIED WARRANTIES, INCLUDING, BUT NOT LIMITED TO, THE
        -:   38: * IMPLIED WARRANTIES OF MERCHANTABILITY AND FITNESS FOR A PARTICULAR
        -:   39: * PURPOSE ARE DISCLAIMED.  IN NO EVENT SHALL THE OpenSSL PROJECT OR
        -:   40: * ITS CONTRIBUTORS BE LIABLE FOR ANY DIRECT, INDIRECT, INCIDENTAL,
        -:   41: * SPECIAL, EXEMPLARY, OR CONSEQUENTIAL DAMAGES (INCLUDING, BUT
        -:   42: * NOT LIMITED TO, PROCUREMENT OF SUBSTITUTE GOODS OR SERVICES;
        -:   43: * LOSS OF USE, DATA, OR PROFITS; OR BUSINESS INTERRUPTION)
        -:   44: * HOWEVER CAUSED AND ON ANY THEORY OF LIABILITY, WHETHER IN CONTRACT,
        -:   45: * STRICT LIABILITY, OR TORT (INCLUDING NEGLIGENCE OR OTHERWISE)
        -:   46: * ARISING IN ANY WAY OUT OF THE USE OF THIS SOFTWARE, EVEN IF ADVISED
        -:   47: * OF THE POSSIBILITY OF SUCH DAMAGE.
        -:   48: * ====================================================================
        -:   49: *
        -:   50: * This product includes cryptographic software written by Eric Young
        -:   51: * (eay@cryptsoft.com).  This product includes software written by Tim
        -:   52: * Hudson (tjh@cryptsoft.com).
        -:   53: *
        -:   54: */
        -:   55:
        -:   56:/* NOTE: this file was auto generated by the mkerr.pl script: any changes
        -:   57: * made to it will be overwritten when the script next updates this file,
        -:   58: * only reason strings will be preserved.
        -:   59: */
        -:   60:
        -:   61:#include <stdio.h>
        -:   62:#include <openssl/err.h>
        -:   63:#include <openssl/dsa.h>
        -:   64:
        -:   65:/* BEGIN ERROR CODES */
        -:   66:#ifndef OPENSSL_NO_ERR
        -:   67:
        -:   68:#define ERR_FUNC(func) ERR_PACK(ERR_LIB_DSA,func,0)
        -:   69:#define ERR_REASON(reason) ERR_PACK(ERR_LIB_DSA,0,reason)
        -:   70:
        -:   71:static ERR_STRING_DATA DSA_str_functs[]=
        -:   72:	{
        -:   73:{ERR_FUNC(DSA_F_D2I_DSA_SIG),	"d2i_DSA_SIG"},
        -:   74:{ERR_FUNC(DSA_F_DO_DSA_PRINT),	"DO_DSA_PRINT"},
        -:   75:{ERR_FUNC(DSA_F_DSAPARAMS_PRINT),	"DSAparams_print"},
        -:   76:{ERR_FUNC(DSA_F_DSAPARAMS_PRINT_FP),	"DSAparams_print_fp"},
        -:   77:{ERR_FUNC(DSA_F_DSA_DO_SIGN),	"DSA_do_sign"},
        -:   78:{ERR_FUNC(DSA_F_DSA_DO_VERIFY),	"DSA_do_verify"},
        -:   79:{ERR_FUNC(DSA_F_DSA_GENERATE_KEY),	"DSA_generate_key"},
        -:   80:{ERR_FUNC(DSA_F_DSA_GENERATE_PARAMETERS_EX),	"DSA_generate_parameters_ex"},
        -:   81:{ERR_FUNC(DSA_F_DSA_NEW_METHOD),	"DSA_new_method"},
        -:   82:{ERR_FUNC(DSA_F_DSA_PARAM_DECODE),	"DSA_PARAM_DECODE"},
        -:   83:{ERR_FUNC(DSA_F_DSA_PRINT_FP),	"DSA_print_fp"},
        -:   84:{ERR_FUNC(DSA_F_DSA_PRIV_DECODE),	"DSA_PRIV_DECODE"},
        -:   85:{ERR_FUNC(DSA_F_DSA_PRIV_ENCODE),	"DSA_PRIV_ENCODE"},
        -:   86:{ERR_FUNC(DSA_F_DSA_PUB_DECODE),	"DSA_PUB_DECODE"},
        -:   87:{ERR_FUNC(DSA_F_DSA_PUB_ENCODE),	"DSA_PUB_ENCODE"},
        -:   88:{ERR_FUNC(DSA_F_DSA_SIGN),	"DSA_sign"},
        -:   89:{ERR_FUNC(DSA_F_DSA_SIGN_SETUP),	"DSA_sign_setup"},
        -:   90:{ERR_FUNC(DSA_F_DSA_SIG_NEW),	"DSA_SIG_new"},
        -:   91:{ERR_FUNC(DSA_F_DSA_SIG_PRINT),	"DSA_SIG_PRINT"},
        -:   92:{ERR_FUNC(DSA_F_DSA_VERIFY),	"DSA_verify"},
        -:   93:{ERR_FUNC(DSA_F_I2D_DSA_SIG),	"i2d_DSA_SIG"},
        -:   94:{ERR_FUNC(DSA_F_OLD_DSA_PRIV_DECODE),	"OLD_DSA_PRIV_DECODE"},
        -:   95:{ERR_FUNC(DSA_F_PKEY_DSA_CTRL),	"PKEY_DSA_CTRL"},
        -:   96:{ERR_FUNC(DSA_F_PKEY_DSA_KEYGEN),	"PKEY_DSA_KEYGEN"},
        -:   97:{ERR_FUNC(DSA_F_SIG_CB),	"SIG_CB"},
        -:   98:{0,NULL}
        -:   99:	};
        -:  100:
        -:  101:static ERR_STRING_DATA DSA_str_reasons[]=
        -:  102:	{
        -:  103:{ERR_REASON(DSA_R_BAD_Q_VALUE)           ,"bad q value"},
        -:  104:{ERR_REASON(DSA_R_BN_DECODE_ERROR)       ,"bn decode error"},
        -:  105:{ERR_REASON(DSA_R_BN_ERROR)              ,"bn error"},
        -:  106:{ERR_REASON(DSA_R_DATA_TOO_LARGE_FOR_KEY_SIZE),"data too large for key size"},
        -:  107:{ERR_REASON(DSA_R_DECODE_ERROR)          ,"decode error"},
        -:  108:{ERR_REASON(DSA_R_INVALID_DIGEST_TYPE)   ,"invalid digest type"},
        -:  109:{ERR_REASON(DSA_R_MISSING_PARAMETERS)    ,"missing parameters"},
        -:  110:{ERR_REASON(DSA_R_MODULUS_TOO_LARGE)     ,"modulus too large"},
        -:  111:{ERR_REASON(DSA_R_NEED_NEW_SETUP_VALUES) ,"need new setup values"},
        -:  112:{ERR_REASON(DSA_R_NON_FIPS_DSA_METHOD)   ,"non fips dsa method"},
        -:  113:{ERR_REASON(DSA_R_NO_PARAMETERS_SET)     ,"no parameters set"},
        -:  114:{ERR_REASON(DSA_R_PARAMETER_ENCODING_ERROR),"parameter encoding error"},
        -:  115:{0,NULL}
        -:  116:	};
        -:  117:
        -:  118:#endif
        -:  119:
    20000:  120:void ERR_load_DSA_strings(void)
        -:  121:	{
        -:  122:#ifndef OPENSSL_NO_ERR
        -:  123:
    20000:  124:	if (ERR_func_error_string(DSA_str_functs[0].error) == NULL)
        -:  125:		{
    10000:  126:		ERR_load_strings(0,DSA_str_functs);
    10000:  127:		ERR_load_strings(0,DSA_str_reasons);
        -:  128:		}
        -:  129:#endif
    20000:  130:	}
