        -:    0:Source:eng_all.c
        -:    0:Graph:eng_all.gcno
        -:    0:Data:eng_all.gcda
        -:    0:Runs:10000
        -:    0:Programs:1
        -:    1:/* crypto/engine/eng_all.c -*- mode: C; c-file-style: "eay" -*- */
        -:    2:/* Written by Richard Levitte <richard@levitte.org> for the OpenSSL
        -:    3: * project 2000.
        -:    4: */
        -:    5:/* ====================================================================
        -:    6: * Copyright (c) 2000-2001 The OpenSSL Project.  All rights reserved.
        -:    7: *
        -:    8: * Redistribution and use in source and binary forms, with or without
        -:    9: * modification, are permitted provided that the following conditions
        -:   10: * are met:
        -:   11: *
        -:   12: * 1. Redistributions of source code must retain the above copyright
        -:   13: *    notice, this list of conditions and the following disclaimer. 
        -:   14: *
        -:   15: * 2. Redistributions in binary form must reproduce the above copyright
        -:   16: *    notice, this list of conditions and the following disclaimer in
        -:   17: *    the documentation and/or other materials provided with the
        -:   18: *    distribution.
        -:   19: *
        -:   20: * 3. All advertising materials mentioning features or use of this
        -:   21: *    software must display the following acknowledgment:
        -:   22: *    "This product includes software developed by the OpenSSL Project
        -:   23: *    for use in the OpenSSL Toolkit. (http://www.OpenSSL.org/)"
        -:   24: *
        -:   25: * 4. The names "OpenSSL Toolkit" and "OpenSSL Project" must not be used to
        -:   26: *    endorse or promote products derived from this software without
        -:   27: *    prior written permission. For written permission, please contact
        -:   28: *    licensing@OpenSSL.org.
        -:   29: *
        -:   30: * 5. Products derived from this software may not be called "OpenSSL"
        -:   31: *    nor may "OpenSSL" appear in their names without prior written
        -:   32: *    permission of the OpenSSL Project.
        -:   33: *
        -:   34: * 6. Redistributions of any form whatsoever must retain the following
        -:   35: *    acknowledgment:
        -:   36: *    "This product includes software developed by the OpenSSL Project
        -:   37: *    for use in the OpenSSL Toolkit (http://www.OpenSSL.org/)"
        -:   38: *
        -:   39: * THIS SOFTWARE IS PROVIDED BY THE OpenSSL PROJECT ``AS IS'' AND ANY
        -:   40: * EXPRESSED OR IMPLIED WARRANTIES, INCLUDING, BUT NOT LIMITED TO, THE
        -:   41: * IMPLIED WARRANTIES OF MERCHANTABILITY AND FITNESS FOR A PARTICULAR
        -:   42: * PURPOSE ARE DISCLAIMED.  IN NO EVENT SHALL THE OpenSSL PROJECT OR
        -:   43: * ITS CONTRIBUTORS BE LIABLE FOR ANY DIRECT, INDIRECT, INCIDENTAL,
        -:   44: * SPECIAL, EXEMPLARY, OR CONSEQUENTIAL DAMAGES (INCLUDING, BUT
        -:   45: * NOT LIMITED TO, PROCUREMENT OF SUBSTITUTE GOODS OR SERVICES;
        -:   46: * LOSS OF USE, DATA, OR PROFITS; OR BUSINESS INTERRUPTION)
        -:   47: * HOWEVER CAUSED AND ON ANY THEORY OF LIABILITY, WHETHER IN CONTRACT,
        -:   48: * STRICT LIABILITY, OR TORT (INCLUDING NEGLIGENCE OR OTHERWISE)
        -:   49: * ARISING IN ANY WAY OUT OF THE USE OF THIS SOFTWARE, EVEN IF ADVISED
        -:   50: * OF THE POSSIBILITY OF SUCH DAMAGE.
        -:   51: * ====================================================================
        -:   52: *
        -:   53: * This product includes cryptographic software written by Eric Young
        -:   54: * (eay@cryptsoft.com).  This product includes software written by Tim
        -:   55: * Hudson (tjh@cryptsoft.com).
        -:   56: *
        -:   57: */
        -:   58:
        -:   59:#include "cryptlib.h"
        -:   60:#include "eng_int.h"
        -:   61:
    10000:   62:void ENGINE_load_builtin_engines(void)
        -:   63:	{
        -:   64:	/* Some ENGINEs need this */
    10000:   65:	OPENSSL_cpuid_setup();
        -:   66:#if 0
        -:   67:	/* There's no longer any need for an "openssl" ENGINE unless, one day,
        -:   68:	 * it is the *only* way for standard builtin implementations to be be
        -:   69:	 * accessed (ie. it would be possible to statically link binaries with
        -:   70:	 * *no* builtin implementations). */
        -:   71:	ENGINE_load_openssl();
        -:   72:#endif
        -:   73:#if !defined(OPENSSL_NO_HW) && (defined(__OpenBSD__) || defined(__FreeBSD__) || defined(HAVE_CRYPTODEV))
        -:   74:	ENGINE_load_cryptodev();
        -:   75:#endif
        -:   76:#ifndef OPENSSL_NO_RSAX
    10000:   77:	ENGINE_load_rsax();
        -:   78:#endif
        -:   79:#ifndef OPENSSL_NO_RDRAND
    10000:   80:	ENGINE_load_rdrand();
        -:   81:#endif
    10000:   82:	ENGINE_load_dynamic();
        -:   83:#ifndef OPENSSL_NO_STATIC_ENGINE
        -:   84:#ifndef OPENSSL_NO_HW
        -:   85:#ifndef OPENSSL_NO_HW_4758_CCA
    10000:   86:	ENGINE_load_4758cca();
        -:   87:#endif
        -:   88:#ifndef OPENSSL_NO_HW_AEP
    10000:   89:	ENGINE_load_aep();
        -:   90:#endif
        -:   91:#ifndef OPENSSL_NO_HW_ATALLA
    10000:   92:	ENGINE_load_atalla();
        -:   93:#endif
        -:   94:#ifndef OPENSSL_NO_HW_CSWIFT
    10000:   95:	ENGINE_load_cswift();
        -:   96:#endif
        -:   97:#ifndef OPENSSL_NO_HW_NCIPHER
    10000:   98:	ENGINE_load_chil();
        -:   99:#endif
        -:  100:#ifndef OPENSSL_NO_HW_NURON
    10000:  101:	ENGINE_load_nuron();
        -:  102:#endif
        -:  103:#ifndef OPENSSL_NO_HW_SUREWARE
    10000:  104:	ENGINE_load_sureware();
        -:  105:#endif
        -:  106:#ifndef OPENSSL_NO_HW_UBSEC
    10000:  107:	ENGINE_load_ubsec();
        -:  108:#endif
        -:  109:#ifndef OPENSSL_NO_HW_PADLOCK
    10000:  110:	ENGINE_load_padlock();
        -:  111:#endif
        -:  112:#endif
        -:  113:#ifndef OPENSSL_NO_GOST
    10000:  114:	ENGINE_load_gost();
        -:  115:#endif
        -:  116:#ifndef OPENSSL_NO_GMP
        -:  117:	ENGINE_load_gmp();
        -:  118:#endif
        -:  119:#if defined(OPENSSL_SYS_WIN32) && !defined(OPENSSL_NO_CAPIENG)
        -:  120:	ENGINE_load_capi();
        -:  121:#endif
        -:  122:#endif
    10000:  123:	ENGINE_register_all_complete();
    10000:  124:	}
        -:  125:
        -:  126:#if defined(__OpenBSD__) || defined(__FreeBSD__) || defined(HAVE_CRYPTODEV)
        -:  127:void ENGINE_setup_bsd_cryptodev(void) {
        -:  128:	static int bsd_cryptodev_default_loaded = 0;
        -:  129:	if (!bsd_cryptodev_default_loaded) {
        -:  130:		ENGINE_load_cryptodev();
        -:  131:		ENGINE_register_all_complete();
        -:  132:	}
        -:  133:	bsd_cryptodev_default_loaded=1;
        -:  134:}
        -:  135:#endif
