        -:    0:Source:eng_err.c
        -:    0:Graph:eng_err.gcno
        -:    0:Data:eng_err.gcda
        -:    0:Runs:10000
        -:    0:Programs:1
        -:    1:/* crypto/engine/eng_err.c */
        -:    2:/* ====================================================================
        -:    3: * Copyright (c) 1999-2010 The OpenSSL Project.  All rights reserved.
        -:    4: *
        -:    5: * Redistribution and use in source and binary forms, with or without
        -:    6: * modification, are permitted provided that the following conditions
        -:    7: * are met:
        -:    8: *
        -:    9: * 1. Redistributions of source code must retain the above copyright
        -:   10: *    notice, this list of conditions and the following disclaimer. 
        -:   11: *
        -:   12: * 2. Redistributions in binary form must reproduce the above copyright
        -:   13: *    notice, this list of conditions and the following disclaimer in
        -:   14: *    the documentation and/or other materials provided with the
        -:   15: *    distribution.
        -:   16: *
        -:   17: * 3. All advertising materials mentioning features or use of this
        -:   18: *    software must display the following acknowledgment:
        -:   19: *    "This product includes software developed by the OpenSSL Project
        -:   20: *    for use in the OpenSSL Toolkit. (http://www.OpenSSL.org/)"
        -:   21: *
        -:   22: * 4. The names "OpenSSL Toolkit" and "OpenSSL Project" must not be used to
        -:   23: *    endorse or promote products derived from this software without
        -:   24: *    prior written permission. For written permission, please contact
        -:   25: *    openssl-core@OpenSSL.org.
        -:   26: *
        -:   27: * 5. Products derived from this software may not be called "OpenSSL"
        -:   28: *    nor may "OpenSSL" appear in their names without prior written
        -:   29: *    permission of the OpenSSL Project.
        -:   30: *
        -:   31: * 6. Redistributions of any form whatsoever must retain the following
        -:   32: *    acknowledgment:
        -:   33: *    "This product includes software developed by the OpenSSL Project
        -:   34: *    for use in the OpenSSL Toolkit (http://www.OpenSSL.org/)"
        -:   35: *
        -:   36: * THIS SOFTWARE IS PROVIDED BY THE OpenSSL PROJECT ``AS IS'' AND ANY
        -:   37: * EXPRESSED OR IMPLIED WARRANTIES, INCLUDING, BUT NOT LIMITED TO, THE
        -:   38: * IMPLIED WARRANTIES OF MERCHANTABILITY AND FITNESS FOR A PARTICULAR
        -:   39: * PURPOSE ARE DISCLAIMED.  IN NO EVENT SHALL THE OpenSSL PROJECT OR
        -:   40: * ITS CONTRIBUTORS BE LIABLE FOR ANY DIRECT, INDIRECT, INCIDENTAL,
        -:   41: * SPECIAL, EXEMPLARY, OR CONSEQUENTIAL DAMAGES (INCLUDING, BUT
        -:   42: * NOT LIMITED TO, PROCUREMENT OF SUBSTITUTE GOODS OR SERVICES;
        -:   43: * LOSS OF USE, DATA, OR PROFITS; OR BUSINESS INTERRUPTION)
        -:   44: * HOWEVER CAUSED AND ON ANY THEORY OF LIABILITY, WHETHER IN CONTRACT,
        -:   45: * STRICT LIABILITY, OR TORT (INCLUDING NEGLIGENCE OR OTHERWISE)
        -:   46: * ARISING IN ANY WAY OUT OF THE USE OF THIS SOFTWARE, EVEN IF ADVISED
        -:   47: * OF THE POSSIBILITY OF SUCH DAMAGE.
        -:   48: * ====================================================================
        -:   49: *
        -:   50: * This product includes cryptographic software written by Eric Young
        -:   51: * (eay@cryptsoft.com).  This product includes software written by Tim
        -:   52: * Hudson (tjh@cryptsoft.com).
        -:   53: *
        -:   54: */
        -:   55:
        -:   56:/* NOTE: this file was auto generated by the mkerr.pl script: any changes
        -:   57: * made to it will be overwritten when the script next updates this file,
        -:   58: * only reason strings will be preserved.
        -:   59: */
        -:   60:
        -:   61:#include <stdio.h>
        -:   62:#include <openssl/err.h>
        -:   63:#include <openssl/engine.h>
        -:   64:
        -:   65:/* BEGIN ERROR CODES */
        -:   66:#ifndef OPENSSL_NO_ERR
        -:   67:
        -:   68:#define ERR_FUNC(func) ERR_PACK(ERR_LIB_ENGINE,func,0)
        -:   69:#define ERR_REASON(reason) ERR_PACK(ERR_LIB_ENGINE,0,reason)
        -:   70:
        -:   71:static ERR_STRING_DATA ENGINE_str_functs[]=
        -:   72:	{
        -:   73:{ERR_FUNC(ENGINE_F_DYNAMIC_CTRL),	"DYNAMIC_CTRL"},
        -:   74:{ERR_FUNC(ENGINE_F_DYNAMIC_GET_DATA_CTX),	"DYNAMIC_GET_DATA_CTX"},
        -:   75:{ERR_FUNC(ENGINE_F_DYNAMIC_LOAD),	"DYNAMIC_LOAD"},
        -:   76:{ERR_FUNC(ENGINE_F_DYNAMIC_SET_DATA_CTX),	"DYNAMIC_SET_DATA_CTX"},
        -:   77:{ERR_FUNC(ENGINE_F_ENGINE_ADD),	"ENGINE_add"},
        -:   78:{ERR_FUNC(ENGINE_F_ENGINE_BY_ID),	"ENGINE_by_id"},
        -:   79:{ERR_FUNC(ENGINE_F_ENGINE_CMD_IS_EXECUTABLE),	"ENGINE_cmd_is_executable"},
        -:   80:{ERR_FUNC(ENGINE_F_ENGINE_CTRL),	"ENGINE_ctrl"},
        -:   81:{ERR_FUNC(ENGINE_F_ENGINE_CTRL_CMD),	"ENGINE_ctrl_cmd"},
        -:   82:{ERR_FUNC(ENGINE_F_ENGINE_CTRL_CMD_STRING),	"ENGINE_ctrl_cmd_string"},
        -:   83:{ERR_FUNC(ENGINE_F_ENGINE_FINISH),	"ENGINE_finish"},
        -:   84:{ERR_FUNC(ENGINE_F_ENGINE_FREE_UTIL),	"ENGINE_FREE_UTIL"},
        -:   85:{ERR_FUNC(ENGINE_F_ENGINE_GET_CIPHER),	"ENGINE_get_cipher"},
        -:   86:{ERR_FUNC(ENGINE_F_ENGINE_GET_DEFAULT_TYPE),	"ENGINE_GET_DEFAULT_TYPE"},
        -:   87:{ERR_FUNC(ENGINE_F_ENGINE_GET_DIGEST),	"ENGINE_get_digest"},
        -:   88:{ERR_FUNC(ENGINE_F_ENGINE_GET_NEXT),	"ENGINE_get_next"},
        -:   89:{ERR_FUNC(ENGINE_F_ENGINE_GET_PKEY_ASN1_METH),	"ENGINE_get_pkey_asn1_meth"},
        -:   90:{ERR_FUNC(ENGINE_F_ENGINE_GET_PKEY_METH),	"ENGINE_get_pkey_meth"},
        -:   91:{ERR_FUNC(ENGINE_F_ENGINE_GET_PREV),	"ENGINE_get_prev"},
        -:   92:{ERR_FUNC(ENGINE_F_ENGINE_INIT),	"ENGINE_init"},
        -:   93:{ERR_FUNC(ENGINE_F_ENGINE_LIST_ADD),	"ENGINE_LIST_ADD"},
        -:   94:{ERR_FUNC(ENGINE_F_ENGINE_LIST_REMOVE),	"ENGINE_LIST_REMOVE"},
        -:   95:{ERR_FUNC(ENGINE_F_ENGINE_LOAD_PRIVATE_KEY),	"ENGINE_load_private_key"},
        -:   96:{ERR_FUNC(ENGINE_F_ENGINE_LOAD_PUBLIC_KEY),	"ENGINE_load_public_key"},
        -:   97:{ERR_FUNC(ENGINE_F_ENGINE_LOAD_SSL_CLIENT_CERT),	"ENGINE_load_ssl_client_cert"},
        -:   98:{ERR_FUNC(ENGINE_F_ENGINE_NEW),	"ENGINE_new"},
        -:   99:{ERR_FUNC(ENGINE_F_ENGINE_REMOVE),	"ENGINE_remove"},
        -:  100:{ERR_FUNC(ENGINE_F_ENGINE_SET_DEFAULT_STRING),	"ENGINE_set_default_string"},
        -:  101:{ERR_FUNC(ENGINE_F_ENGINE_SET_DEFAULT_TYPE),	"ENGINE_SET_DEFAULT_TYPE"},
        -:  102:{ERR_FUNC(ENGINE_F_ENGINE_SET_ID),	"ENGINE_set_id"},
        -:  103:{ERR_FUNC(ENGINE_F_ENGINE_SET_NAME),	"ENGINE_set_name"},
        -:  104:{ERR_FUNC(ENGINE_F_ENGINE_TABLE_REGISTER),	"ENGINE_TABLE_REGISTER"},
        -:  105:{ERR_FUNC(ENGINE_F_ENGINE_UNLOAD_KEY),	"ENGINE_UNLOAD_KEY"},
        -:  106:{ERR_FUNC(ENGINE_F_ENGINE_UNLOCKED_FINISH),	"ENGINE_UNLOCKED_FINISH"},
        -:  107:{ERR_FUNC(ENGINE_F_ENGINE_UP_REF),	"ENGINE_up_ref"},
        -:  108:{ERR_FUNC(ENGINE_F_INT_CTRL_HELPER),	"INT_CTRL_HELPER"},
        -:  109:{ERR_FUNC(ENGINE_F_INT_ENGINE_CONFIGURE),	"INT_ENGINE_CONFIGURE"},
        -:  110:{ERR_FUNC(ENGINE_F_INT_ENGINE_MODULE_INIT),	"INT_ENGINE_MODULE_INIT"},
        -:  111:{ERR_FUNC(ENGINE_F_LOG_MESSAGE),	"LOG_MESSAGE"},
        -:  112:{0,NULL}
        -:  113:	};
        -:  114:
        -:  115:static ERR_STRING_DATA ENGINE_str_reasons[]=
        -:  116:	{
        -:  117:{ERR_REASON(ENGINE_R_ALREADY_LOADED)     ,"already loaded"},
        -:  118:{ERR_REASON(ENGINE_R_ARGUMENT_IS_NOT_A_NUMBER),"argument is not a number"},
        -:  119:{ERR_REASON(ENGINE_R_CMD_NOT_EXECUTABLE) ,"cmd not executable"},
        -:  120:{ERR_REASON(ENGINE_R_COMMAND_TAKES_INPUT),"command takes input"},
        -:  121:{ERR_REASON(ENGINE_R_COMMAND_TAKES_NO_INPUT),"command takes no input"},
        -:  122:{ERR_REASON(ENGINE_R_CONFLICTING_ENGINE_ID),"conflicting engine id"},
        -:  123:{ERR_REASON(ENGINE_R_CTRL_COMMAND_NOT_IMPLEMENTED),"ctrl command not implemented"},
        -:  124:{ERR_REASON(ENGINE_R_DH_NOT_IMPLEMENTED) ,"dh not implemented"},
        -:  125:{ERR_REASON(ENGINE_R_DSA_NOT_IMPLEMENTED),"dsa not implemented"},
        -:  126:{ERR_REASON(ENGINE_R_DSO_FAILURE)        ,"DSO failure"},
        -:  127:{ERR_REASON(ENGINE_R_DSO_NOT_FOUND)      ,"dso not found"},
        -:  128:{ERR_REASON(ENGINE_R_ENGINES_SECTION_ERROR),"engines section error"},
        -:  129:{ERR_REASON(ENGINE_R_ENGINE_CONFIGURATION_ERROR),"engine configuration error"},
        -:  130:{ERR_REASON(ENGINE_R_ENGINE_IS_NOT_IN_LIST),"engine is not in the list"},
        -:  131:{ERR_REASON(ENGINE_R_ENGINE_SECTION_ERROR),"engine section error"},
        -:  132:{ERR_REASON(ENGINE_R_FAILED_LOADING_PRIVATE_KEY),"failed loading private key"},
        -:  133:{ERR_REASON(ENGINE_R_FAILED_LOADING_PUBLIC_KEY),"failed loading public key"},
        -:  134:{ERR_REASON(ENGINE_R_FINISH_FAILED)      ,"finish failed"},
        -:  135:{ERR_REASON(ENGINE_R_GET_HANDLE_FAILED)  ,"could not obtain hardware handle"},
        -:  136:{ERR_REASON(ENGINE_R_ID_OR_NAME_MISSING) ,"'id' or 'name' missing"},
        -:  137:{ERR_REASON(ENGINE_R_INIT_FAILED)        ,"init failed"},
        -:  138:{ERR_REASON(ENGINE_R_INTERNAL_LIST_ERROR),"internal list error"},
        -:  139:{ERR_REASON(ENGINE_R_INVALID_ARGUMENT)   ,"invalid argument"},
        -:  140:{ERR_REASON(ENGINE_R_INVALID_CMD_NAME)   ,"invalid cmd name"},
        -:  141:{ERR_REASON(ENGINE_R_INVALID_CMD_NUMBER) ,"invalid cmd number"},
        -:  142:{ERR_REASON(ENGINE_R_INVALID_INIT_VALUE) ,"invalid init value"},
        -:  143:{ERR_REASON(ENGINE_R_INVALID_STRING)     ,"invalid string"},
        -:  144:{ERR_REASON(ENGINE_R_NOT_INITIALISED)    ,"not initialised"},
        -:  145:{ERR_REASON(ENGINE_R_NOT_LOADED)         ,"not loaded"},
        -:  146:{ERR_REASON(ENGINE_R_NO_CONTROL_FUNCTION),"no control function"},
        -:  147:{ERR_REASON(ENGINE_R_NO_INDEX)           ,"no index"},
        -:  148:{ERR_REASON(ENGINE_R_NO_LOAD_FUNCTION)   ,"no load function"},
        -:  149:{ERR_REASON(ENGINE_R_NO_REFERENCE)       ,"no reference"},
        -:  150:{ERR_REASON(ENGINE_R_NO_SUCH_ENGINE)     ,"no such engine"},
        -:  151:{ERR_REASON(ENGINE_R_NO_UNLOAD_FUNCTION) ,"no unload function"},
        -:  152:{ERR_REASON(ENGINE_R_PROVIDE_PARAMETERS) ,"provide parameters"},
        -:  153:{ERR_REASON(ENGINE_R_RSA_NOT_IMPLEMENTED),"rsa not implemented"},
        -:  154:{ERR_REASON(ENGINE_R_UNIMPLEMENTED_CIPHER),"unimplemented cipher"},
        -:  155:{ERR_REASON(ENGINE_R_UNIMPLEMENTED_DIGEST),"unimplemented digest"},
        -:  156:{ERR_REASON(ENGINE_R_UNIMPLEMENTED_PUBLIC_KEY_METHOD),"unimplemented public key method"},
        -:  157:{ERR_REASON(ENGINE_R_VERSION_INCOMPATIBILITY),"version incompatibility"},
        -:  158:{0,NULL}
        -:  159:	};
        -:  160:
        -:  161:#endif
        -:  162:
    20000:  163:void ERR_load_ENGINE_strings(void)
        -:  164:	{
        -:  165:#ifndef OPENSSL_NO_ERR
        -:  166:
    20000:  167:	if (ERR_func_error_string(ENGINE_str_functs[0].error) == NULL)
        -:  168:		{
    10000:  169:		ERR_load_strings(0,ENGINE_str_functs);
    10000:  170:		ERR_load_strings(0,ENGINE_str_reasons);
        -:  171:		}
        -:  172:#endif
    20000:  173:	}
