        -:    0:Source:err_all.c
        -:    0:Graph:err_all.gcno
        -:    0:Data:err_all.gcda
        -:    0:Runs:10000
        -:    0:Programs:1
        -:    1:/* crypto/err/err_all.c */
        -:    2:/* Copyright (C) 1995-1998 Eric Young (eay@cryptsoft.com)
        -:    3: * All rights reserved.
        -:    4: *
        -:    5: * This package is an SSL implementation written
        -:    6: * by Eric Young (eay@cryptsoft.com).
        -:    7: * The implementation was written so as to conform with Netscapes SSL.
        -:    8: * 
        -:    9: * This library is free for commercial and non-commercial use as long as
        -:   10: * the following conditions are aheared to.  The following conditions
        -:   11: * apply to all code found in this distribution, be it the RC4, RSA,
        -:   12: * lhash, DES, etc., code; not just the SSL code.  The SSL documentation
        -:   13: * included with this distribution is covered by the same copyright terms
        -:   14: * except that the holder is Tim Hudson (tjh@cryptsoft.com).
        -:   15: * 
        -:   16: * Copyright remains Eric Young's, and as such any Copyright notices in
        -:   17: * the code are not to be removed.
        -:   18: * If this package is used in a product, Eric Young should be given attribution
        -:   19: * as the author of the parts of the library used.
        -:   20: * This can be in the form of a textual message at program startup or
        -:   21: * in documentation (online or textual) provided with the package.
        -:   22: * 
        -:   23: * Redistribution and use in source and binary forms, with or without
        -:   24: * modification, are permitted provided that the following conditions
        -:   25: * are met:
        -:   26: * 1. Redistributions of source code must retain the copyright
        -:   27: *    notice, this list of conditions and the following disclaimer.
        -:   28: * 2. Redistributions in binary form must reproduce the above copyright
        -:   29: *    notice, this list of conditions and the following disclaimer in the
        -:   30: *    documentation and/or other materials provided with the distribution.
        -:   31: * 3. All advertising materials mentioning features or use of this software
        -:   32: *    must display the following acknowledgement:
        -:   33: *    "This product includes cryptographic software written by
        -:   34: *     Eric Young (eay@cryptsoft.com)"
        -:   35: *    The word 'cryptographic' can be left out if the rouines from the library
        -:   36: *    being used are not cryptographic related :-).
        -:   37: * 4. If you include any Windows specific code (or a derivative thereof) from 
        -:   38: *    the apps directory (application code) you must include an acknowledgement:
        -:   39: *    "This product includes software written by Tim Hudson (tjh@cryptsoft.com)"
        -:   40: * 
        -:   41: * THIS SOFTWARE IS PROVIDED BY ERIC YOUNG ``AS IS'' AND
        -:   42: * ANY EXPRESS OR IMPLIED WARRANTIES, INCLUDING, BUT NOT LIMITED TO, THE
        -:   43: * IMPLIED WARRANTIES OF MERCHANTABILITY AND FITNESS FOR A PARTICULAR PURPOSE
        -:   44: * ARE DISCLAIMED.  IN NO EVENT SHALL THE AUTHOR OR CONTRIBUTORS BE LIABLE
        -:   45: * FOR ANY DIRECT, INDIRECT, INCIDENTAL, SPECIAL, EXEMPLARY, OR CONSEQUENTIAL
        -:   46: * DAMAGES (INCLUDING, BUT NOT LIMITED TO, PROCUREMENT OF SUBSTITUTE GOODS
        -:   47: * OR SERVICES; LOSS OF USE, DATA, OR PROFITS; OR BUSINESS INTERRUPTION)
        -:   48: * HOWEVER CAUSED AND ON ANY THEORY OF LIABILITY, WHETHER IN CONTRACT, STRICT
        -:   49: * LIABILITY, OR TORT (INCLUDING NEGLIGENCE OR OTHERWISE) ARISING IN ANY WAY
        -:   50: * OUT OF THE USE OF THIS SOFTWARE, EVEN IF ADVISED OF THE POSSIBILITY OF
        -:   51: * SUCH DAMAGE.
        -:   52: * 
        -:   53: * The licence and distribution terms for any publically available version or
        -:   54: * derivative of this code cannot be changed.  i.e. this code cannot simply be
        -:   55: * copied and put under another distribution licence
        -:   56: * [including the GNU Public Licence.]
        -:   57: */
        -:   58:
        -:   59:#include <stdio.h>
        -:   60:#include <openssl/asn1.h>
        -:   61:#include <openssl/bn.h>
        -:   62:#ifndef OPENSSL_NO_EC
        -:   63:#include <openssl/ec.h>
        -:   64:#endif
        -:   65:#include <openssl/buffer.h>
        -:   66:#include <openssl/bio.h>
        -:   67:#ifndef OPENSSL_NO_COMP
        -:   68:#include <openssl/comp.h>
        -:   69:#endif
        -:   70:#ifndef OPENSSL_NO_RSA
        -:   71:#include <openssl/rsa.h>
        -:   72:#endif
        -:   73:#ifndef OPENSSL_NO_DH
        -:   74:#include <openssl/dh.h>
        -:   75:#endif
        -:   76:#ifndef OPENSSL_NO_DSA
        -:   77:#include <openssl/dsa.h>
        -:   78:#endif
        -:   79:#ifndef OPENSSL_NO_ECDSA
        -:   80:#include <openssl/ecdsa.h>
        -:   81:#endif
        -:   82:#ifndef OPENSSL_NO_ECDH
        -:   83:#include <openssl/ecdh.h>
        -:   84:#endif
        -:   85:#include <openssl/evp.h>
        -:   86:#include <openssl/objects.h>
        -:   87:#include <openssl/pem2.h>
        -:   88:#include <openssl/x509.h>
        -:   89:#include <openssl/x509v3.h>
        -:   90:#include <openssl/conf.h>
        -:   91:#include <openssl/pkcs12.h>
        -:   92:#include <openssl/rand.h>
        -:   93:#include <openssl/dso.h>
        -:   94:#ifndef OPENSSL_NO_ENGINE
        -:   95:#include <openssl/engine.h>
        -:   96:#endif
        -:   97:#include <openssl/ui.h>
        -:   98:#include <openssl/ocsp.h>
        -:   99:#include <openssl/err.h>
        -:  100:#ifdef OPENSSL_FIPS
        -:  101:#include <openssl/fips.h>
        -:  102:#endif
        -:  103:#include <openssl/ts.h>
        -:  104:#ifndef OPENSSL_NO_CMS
        -:  105:#include <openssl/cms.h>
        -:  106:#endif
        -:  107:#ifndef OPENSSL_NO_JPAKE
        -:  108:#include <openssl/jpake.h>
        -:  109:#endif
        -:  110:
    20000:  111:void ERR_load_crypto_strings(void)
        -:  112:	{
        -:  113:#ifndef OPENSSL_NO_ERR
    20000:  114:	ERR_load_ERR_strings(); /* include error strings for SYSerr */
    20000:  115:	ERR_load_BN_strings();
        -:  116:#ifndef OPENSSL_NO_RSA
    20000:  117:	ERR_load_RSA_strings();
        -:  118:#endif
        -:  119:#ifndef OPENSSL_NO_DH
    20000:  120:	ERR_load_DH_strings();
        -:  121:#endif
    20000:  122:	ERR_load_EVP_strings();
    20000:  123:	ERR_load_BUF_strings();
    20000:  124:	ERR_load_OBJ_strings();
    20000:  125:	ERR_load_PEM_strings();
        -:  126:#ifndef OPENSSL_NO_DSA
    20000:  127:	ERR_load_DSA_strings();
        -:  128:#endif
    20000:  129:	ERR_load_X509_strings();
    20000:  130:	ERR_load_ASN1_strings();
    20000:  131:	ERR_load_CONF_strings();
    20000:  132:	ERR_load_CRYPTO_strings();
        -:  133:#ifndef OPENSSL_NO_COMP
    20000:  134:	ERR_load_COMP_strings();
        -:  135:#endif
        -:  136:#ifndef OPENSSL_NO_EC
    20000:  137:	ERR_load_EC_strings();
        -:  138:#endif
        -:  139:#ifndef OPENSSL_NO_ECDSA
    20000:  140:	ERR_load_ECDSA_strings();
        -:  141:#endif
        -:  142:#ifndef OPENSSL_NO_ECDH
    20000:  143:	ERR_load_ECDH_strings();
        -:  144:#endif
        -:  145:	/* skip ERR_load_SSL_strings() because it is not in this library */
    20000:  146:	ERR_load_BIO_strings();
    20000:  147:	ERR_load_PKCS7_strings();	
    20000:  148:	ERR_load_X509V3_strings();
    20000:  149:	ERR_load_PKCS12_strings();
    20000:  150:	ERR_load_RAND_strings();
    20000:  151:	ERR_load_DSO_strings();
    20000:  152:	ERR_load_TS_strings();
        -:  153:#ifndef OPENSSL_NO_ENGINE
    20000:  154:	ERR_load_ENGINE_strings();
        -:  155:#endif
    20000:  156:	ERR_load_OCSP_strings();
    20000:  157:	ERR_load_UI_strings();
        -:  158:#ifdef OPENSSL_FIPS
        -:  159:	ERR_load_FIPS_strings();
        -:  160:#endif
        -:  161:#ifndef OPENSSL_NO_CMS
    20000:  162:	ERR_load_CMS_strings();
        -:  163:#endif
        -:  164:#ifndef OPENSSL_NO_JPAKE
        -:  165:	ERR_load_JPAKE_strings();
        -:  166:#endif
        -:  167:#endif
    20000:  168:	}
