        -:    0:Source:e_atalla_err.c
        -:    0:Graph:e_atalla.gcno
        -:    0:Data:e_atalla.gcda
        -:    0:Runs:10000
        -:    0:Programs:1
        -:    1:/* e_atalla_err.c */
        -:    2:/* ====================================================================
        -:    3: * Copyright (c) 1999-2005 The OpenSSL Project.  All rights reserved.
        -:    4: *
        -:    5: * Redistribution and use in source and binary forms, with or without
        -:    6: * modification, are permitted provided that the following conditions
        -:    7: * are met:
        -:    8: *
        -:    9: * 1. Redistributions of source code must retain the above copyright
        -:   10: *    notice, this list of conditions and the following disclaimer. 
        -:   11: *
        -:   12: * 2. Redistributions in binary form must reproduce the above copyright
        -:   13: *    notice, this list of conditions and the following disclaimer in
        -:   14: *    the documentation and/or other materials provided with the
        -:   15: *    distribution.
        -:   16: *
        -:   17: * 3. All advertising materials mentioning features or use of this
        -:   18: *    software must display the following acknowledgment:
        -:   19: *    "This product includes software developed by the OpenSSL Project
        -:   20: *    for use in the OpenSSL Toolkit. (http://www.OpenSSL.org/)"
        -:   21: *
        -:   22: * 4. The names "OpenSSL Toolkit" and "OpenSSL Project" must not be used to
        -:   23: *    endorse or promote products derived from this software without
        -:   24: *    prior written permission. For written permission, please contact
        -:   25: *    openssl-core@OpenSSL.org.
        -:   26: *
        -:   27: * 5. Products derived from this software may not be called "OpenSSL"
        -:   28: *    nor may "OpenSSL" appear in their names without prior written
        -:   29: *    permission of the OpenSSL Project.
        -:   30: *
        -:   31: * 6. Redistributions of any form whatsoever must retain the following
        -:   32: *    acknowledgment:
        -:   33: *    "This product includes software developed by the OpenSSL Project
        -:   34: *    for use in the OpenSSL Toolkit (http://www.OpenSSL.org/)"
        -:   35: *
        -:   36: * THIS SOFTWARE IS PROVIDED BY THE OpenSSL PROJECT ``AS IS'' AND ANY
        -:   37: * EXPRESSED OR IMPLIED WARRANTIES, INCLUDING, BUT NOT LIMITED TO, THE
        -:   38: * IMPLIED WARRANTIES OF MERCHANTABILITY AND FITNESS FOR A PARTICULAR
        -:   39: * PURPOSE ARE DISCLAIMED.  IN NO EVENT SHALL THE OpenSSL PROJECT OR
        -:   40: * ITS CONTRIBUTORS BE LIABLE FOR ANY DIRECT, INDIRECT, INCIDENTAL,
        -:   41: * SPECIAL, EXEMPLARY, OR CONSEQUENTIAL DAMAGES (INCLUDING, BUT
        -:   42: * NOT LIMITED TO, PROCUREMENT OF SUBSTITUTE GOODS OR SERVICES;
        -:   43: * LOSS OF USE, DATA, OR PROFITS; OR BUSINESS INTERRUPTION)
        -:   44: * HOWEVER CAUSED AND ON ANY THEORY OF LIABILITY, WHETHER IN CONTRACT,
        -:   45: * STRICT LIABILITY, OR TORT (INCLUDING NEGLIGENCE OR OTHERWISE)
        -:   46: * ARISING IN ANY WAY OUT OF THE USE OF THIS SOFTWARE, EVEN IF ADVISED
        -:   47: * OF THE POSSIBILITY OF SUCH DAMAGE.
        -:   48: * ====================================================================
        -:   49: *
        -:   50: * This product includes cryptographic software written by Eric Young
        -:   51: * (eay@cryptsoft.com).  This product includes software written by Tim
        -:   52: * Hudson (tjh@cryptsoft.com).
        -:   53: *
        -:   54: */
        -:   55:
        -:   56:/* NOTE: this file was auto generated by the mkerr.pl script: any changes
        -:   57: * made to it will be overwritten when the script next updates this file,
        -:   58: * only reason strings will be preserved.
        -:   59: */
        -:   60:
        -:   61:#include <stdio.h>
        -:   62:#include <openssl/err.h>
        -:   63:#include "e_atalla_err.h"
        -:   64:
        -:   65:/* BEGIN ERROR CODES */
        -:   66:#ifndef OPENSSL_NO_ERR
        -:   67:
        -:   68:#define ERR_FUNC(func) ERR_PACK(0,func,0)
        -:   69:#define ERR_REASON(reason) ERR_PACK(0,0,reason)
        -:   70:
        -:   71:static ERR_STRING_DATA ATALLA_str_functs[]=
        -:   72:	{
        -:   73:{ERR_FUNC(ATALLA_F_ATALLA_CTRL),	"ATALLA_CTRL"},
        -:   74:{ERR_FUNC(ATALLA_F_ATALLA_FINISH),	"ATALLA_FINISH"},
        -:   75:{ERR_FUNC(ATALLA_F_ATALLA_INIT),	"ATALLA_INIT"},
        -:   76:{ERR_FUNC(ATALLA_F_ATALLA_MOD_EXP),	"ATALLA_MOD_EXP"},
        -:   77:{ERR_FUNC(ATALLA_F_ATALLA_RSA_MOD_EXP),	"ATALLA_RSA_MOD_EXP"},
        -:   78:{0,NULL}
        -:   79:	};
        -:   80:
        -:   81:static ERR_STRING_DATA ATALLA_str_reasons[]=
        -:   82:	{
        -:   83:{ERR_REASON(ATALLA_R_ALREADY_LOADED)     ,"already loaded"},
        -:   84:{ERR_REASON(ATALLA_R_BN_CTX_FULL)        ,"bn ctx full"},
        -:   85:{ERR_REASON(ATALLA_R_BN_EXPAND_FAIL)     ,"bn expand fail"},
        -:   86:{ERR_REASON(ATALLA_R_CTRL_COMMAND_NOT_IMPLEMENTED),"ctrl command not implemented"},
        -:   87:{ERR_REASON(ATALLA_R_MISSING_KEY_COMPONENTS),"missing key components"},
        -:   88:{ERR_REASON(ATALLA_R_NOT_LOADED)         ,"not loaded"},
        -:   89:{ERR_REASON(ATALLA_R_REQUEST_FAILED)     ,"request failed"},
        -:   90:{ERR_REASON(ATALLA_R_UNIT_FAILURE)       ,"unit failure"},
        -:   91:{0,NULL}
        -:   92:	};
        -:   93:
        -:   94:#endif
        -:   95:
        -:   96:#ifdef ATALLA_LIB_NAME
        -:   97:static ERR_STRING_DATA ATALLA_lib_name[]=
        -:   98:        {
        -:   99:{0	,ATALLA_LIB_NAME},
        -:  100:{0,NULL}
        -:  101:	};
        -:  102:#endif
        -:  103:
        -:  104:
        -:  105:static int ATALLA_lib_error_code=0;
        -:  106:static int ATALLA_error_init=1;
        -:  107:
    10000:  108:static void ERR_load_ATALLA_strings(void)
        -:  109:	{
    10000:  110:	if (ATALLA_lib_error_code == 0)
    10000:  111:		ATALLA_lib_error_code=ERR_get_next_error_library();
        -:  112:
    10000:  113:	if (ATALLA_error_init)
        -:  114:		{
    10000:  115:		ATALLA_error_init=0;
        -:  116:#ifndef OPENSSL_NO_ERR
    10000:  117:		ERR_load_strings(ATALLA_lib_error_code,ATALLA_str_functs);
    10000:  118:		ERR_load_strings(ATALLA_lib_error_code,ATALLA_str_reasons);
        -:  119:#endif
        -:  120:
        -:  121:#ifdef ATALLA_LIB_NAME
    10000:  122:		ATALLA_lib_name->error = ERR_PACK(ATALLA_lib_error_code,0,0);
    10000:  123:		ERR_load_strings(0,ATALLA_lib_name);
        -:  124:#endif
        -:  125:		}
    10000:  126:	}
        -:  127:
    10000:  128:static void ERR_unload_ATALLA_strings(void)
        -:  129:	{
    10000:  130:	if (ATALLA_error_init == 0)
        -:  131:		{
        -:  132:#ifndef OPENSSL_NO_ERR
    10000:  133:		ERR_unload_strings(ATALLA_lib_error_code,ATALLA_str_functs);
    10000:  134:		ERR_unload_strings(ATALLA_lib_error_code,ATALLA_str_reasons);
        -:  135:#endif
        -:  136:
        -:  137:#ifdef ATALLA_LIB_NAME
    10000:  138:		ERR_unload_strings(0,ATALLA_lib_name);
        -:  139:#endif
    10000:  140:		ATALLA_error_init=1;
        -:  141:		}
    10000:  142:	}
        -:  143:
    #####:  144:static void ERR_ATALLA_error(int function, int reason, char *file, int line)
        -:  145:	{
    #####:  146:	if (ATALLA_lib_error_code == 0)
    #####:  147:		ATALLA_lib_error_code=ERR_get_next_error_library();
    #####:  148:	ERR_PUT_error(ATALLA_lib_error_code,function,reason,file,line);
    #####:  149:	}
