        -:    0:Source:e_chil_err.c
        -:    0:Graph:e_chil.gcno
        -:    0:Data:e_chil.gcda
        -:    0:Runs:10000
        -:    0:Programs:1
        -:    1:/* e_chil_err.c */
        -:    2:/* ====================================================================
        -:    3: * Copyright (c) 1999-2005 The OpenSSL Project.  All rights reserved.
        -:    4: *
        -:    5: * Redistribution and use in source and binary forms, with or without
        -:    6: * modification, are permitted provided that the following conditions
        -:    7: * are met:
        -:    8: *
        -:    9: * 1. Redistributions of source code must retain the above copyright
        -:   10: *    notice, this list of conditions and the following disclaimer. 
        -:   11: *
        -:   12: * 2. Redistributions in binary form must reproduce the above copyright
        -:   13: *    notice, this list of conditions and the following disclaimer in
        -:   14: *    the documentation and/or other materials provided with the
        -:   15: *    distribution.
        -:   16: *
        -:   17: * 3. All advertising materials mentioning features or use of this
        -:   18: *    software must display the following acknowledgment:
        -:   19: *    "This product includes software developed by the OpenSSL Project
        -:   20: *    for use in the OpenSSL Toolkit. (http://www.OpenSSL.org/)"
        -:   21: *
        -:   22: * 4. The names "OpenSSL Toolkit" and "OpenSSL Project" must not be used to
        -:   23: *    endorse or promote products derived from this software without
        -:   24: *    prior written permission. For written permission, please contact
        -:   25: *    openssl-core@OpenSSL.org.
        -:   26: *
        -:   27: * 5. Products derived from this software may not be called "OpenSSL"
        -:   28: *    nor may "OpenSSL" appear in their names without prior written
        -:   29: *    permission of the OpenSSL Project.
        -:   30: *
        -:   31: * 6. Redistributions of any form whatsoever must retain the following
        -:   32: *    acknowledgment:
        -:   33: *    "This product includes software developed by the OpenSSL Project
        -:   34: *    for use in the OpenSSL Toolkit (http://www.OpenSSL.org/)"
        -:   35: *
        -:   36: * THIS SOFTWARE IS PROVIDED BY THE OpenSSL PROJECT ``AS IS'' AND ANY
        -:   37: * EXPRESSED OR IMPLIED WARRANTIES, INCLUDING, BUT NOT LIMITED TO, THE
        -:   38: * IMPLIED WARRANTIES OF MERCHANTABILITY AND FITNESS FOR A PARTICULAR
        -:   39: * PURPOSE ARE DISCLAIMED.  IN NO EVENT SHALL THE OpenSSL PROJECT OR
        -:   40: * ITS CONTRIBUTORS BE LIABLE FOR ANY DIRECT, INDIRECT, INCIDENTAL,
        -:   41: * SPECIAL, EXEMPLARY, OR CONSEQUENTIAL DAMAGES (INCLUDING, BUT
        -:   42: * NOT LIMITED TO, PROCUREMENT OF SUBSTITUTE GOODS OR SERVICES;
        -:   43: * LOSS OF USE, DATA, OR PROFITS; OR BUSINESS INTERRUPTION)
        -:   44: * HOWEVER CAUSED AND ON ANY THEORY OF LIABILITY, WHETHER IN CONTRACT,
        -:   45: * STRICT LIABILITY, OR TORT (INCLUDING NEGLIGENCE OR OTHERWISE)
        -:   46: * ARISING IN ANY WAY OUT OF THE USE OF THIS SOFTWARE, EVEN IF ADVISED
        -:   47: * OF THE POSSIBILITY OF SUCH DAMAGE.
        -:   48: * ====================================================================
        -:   49: *
        -:   50: * This product includes cryptographic software written by Eric Young
        -:   51: * (eay@cryptsoft.com).  This product includes software written by Tim
        -:   52: * Hudson (tjh@cryptsoft.com).
        -:   53: *
        -:   54: */
        -:   55:
        -:   56:/* NOTE: this file was auto generated by the mkerr.pl script: any changes
        -:   57: * made to it will be overwritten when the script next updates this file,
        -:   58: * only reason strings will be preserved.
        -:   59: */
        -:   60:
        -:   61:#include <stdio.h>
        -:   62:#include <openssl/err.h>
        -:   63:#include "e_chil_err.h"
        -:   64:
        -:   65:/* BEGIN ERROR CODES */
        -:   66:#ifndef OPENSSL_NO_ERR
        -:   67:
        -:   68:#define ERR_FUNC(func) ERR_PACK(0,func,0)
        -:   69:#define ERR_REASON(reason) ERR_PACK(0,0,reason)
        -:   70:
        -:   71:static ERR_STRING_DATA HWCRHK_str_functs[]=
        -:   72:	{
        -:   73:{ERR_FUNC(HWCRHK_F_HWCRHK_CTRL),	"HWCRHK_CTRL"},
        -:   74:{ERR_FUNC(HWCRHK_F_HWCRHK_FINISH),	"HWCRHK_FINISH"},
        -:   75:{ERR_FUNC(HWCRHK_F_HWCRHK_GET_PASS),	"HWCRHK_GET_PASS"},
        -:   76:{ERR_FUNC(HWCRHK_F_HWCRHK_INIT),	"HWCRHK_INIT"},
        -:   77:{ERR_FUNC(HWCRHK_F_HWCRHK_INSERT_CARD),	"HWCRHK_INSERT_CARD"},
        -:   78:{ERR_FUNC(HWCRHK_F_HWCRHK_LOAD_PRIVKEY),	"HWCRHK_LOAD_PRIVKEY"},
        -:   79:{ERR_FUNC(HWCRHK_F_HWCRHK_LOAD_PUBKEY),	"HWCRHK_LOAD_PUBKEY"},
        -:   80:{ERR_FUNC(HWCRHK_F_HWCRHK_MOD_EXP),	"HWCRHK_MOD_EXP"},
        -:   81:{ERR_FUNC(HWCRHK_F_HWCRHK_RAND_BYTES),	"HWCRHK_RAND_BYTES"},
        -:   82:{ERR_FUNC(HWCRHK_F_HWCRHK_RSA_MOD_EXP),	"HWCRHK_RSA_MOD_EXP"},
        -:   83:{0,NULL}
        -:   84:	};
        -:   85:
        -:   86:static ERR_STRING_DATA HWCRHK_str_reasons[]=
        -:   87:	{
        -:   88:{ERR_REASON(HWCRHK_R_ALREADY_LOADED)     ,"already loaded"},
        -:   89:{ERR_REASON(HWCRHK_R_BIO_WAS_FREED)      ,"bio was freed"},
        -:   90:{ERR_REASON(HWCRHK_R_CHIL_ERROR)         ,"chil error"},
        -:   91:{ERR_REASON(HWCRHK_R_CTRL_COMMAND_NOT_IMPLEMENTED),"ctrl command not implemented"},
        -:   92:{ERR_REASON(HWCRHK_R_DSO_FAILURE)        ,"dso failure"},
        -:   93:{ERR_REASON(HWCRHK_R_MISSING_KEY_COMPONENTS),"missing key components"},
        -:   94:{ERR_REASON(HWCRHK_R_NOT_INITIALISED)    ,"not initialised"},
        -:   95:{ERR_REASON(HWCRHK_R_NOT_LOADED)         ,"not loaded"},
        -:   96:{ERR_REASON(HWCRHK_R_NO_CALLBACK)        ,"no callback"},
        -:   97:{ERR_REASON(HWCRHK_R_NO_KEY)             ,"no key"},
        -:   98:{ERR_REASON(HWCRHK_R_PRIVATE_KEY_ALGORITHMS_DISABLED),"private key algorithms disabled"},
        -:   99:{ERR_REASON(HWCRHK_R_REQUEST_FAILED)     ,"request failed"},
        -:  100:{ERR_REASON(HWCRHK_R_REQUEST_FALLBACK)   ,"request fallback"},
        -:  101:{ERR_REASON(HWCRHK_R_UNIT_FAILURE)       ,"unit failure"},
        -:  102:{0,NULL}
        -:  103:	};
        -:  104:
        -:  105:#endif
        -:  106:
        -:  107:#ifdef HWCRHK_LIB_NAME
        -:  108:static ERR_STRING_DATA HWCRHK_lib_name[]=
        -:  109:        {
        -:  110:{0	,HWCRHK_LIB_NAME},
        -:  111:{0,NULL}
        -:  112:	};
        -:  113:#endif
        -:  114:
        -:  115:
        -:  116:static int HWCRHK_lib_error_code=0;
        -:  117:static int HWCRHK_error_init=1;
        -:  118:
    10000:  119:static void ERR_load_HWCRHK_strings(void)
        -:  120:	{
    10000:  121:	if (HWCRHK_lib_error_code == 0)
    10000:  122:		HWCRHK_lib_error_code=ERR_get_next_error_library();
        -:  123:
    10000:  124:	if (HWCRHK_error_init)
        -:  125:		{
    10000:  126:		HWCRHK_error_init=0;
        -:  127:#ifndef OPENSSL_NO_ERR
    10000:  128:		ERR_load_strings(HWCRHK_lib_error_code,HWCRHK_str_functs);
    10000:  129:		ERR_load_strings(HWCRHK_lib_error_code,HWCRHK_str_reasons);
        -:  130:#endif
        -:  131:
        -:  132:#ifdef HWCRHK_LIB_NAME
    10000:  133:		HWCRHK_lib_name->error = ERR_PACK(HWCRHK_lib_error_code,0,0);
    10000:  134:		ERR_load_strings(0,HWCRHK_lib_name);
        -:  135:#endif
        -:  136:		}
    10000:  137:	}
        -:  138:
    10000:  139:static void ERR_unload_HWCRHK_strings(void)
        -:  140:	{
    10000:  141:	if (HWCRHK_error_init == 0)
        -:  142:		{
        -:  143:#ifndef OPENSSL_NO_ERR
    10000:  144:		ERR_unload_strings(HWCRHK_lib_error_code,HWCRHK_str_functs);
    10000:  145:		ERR_unload_strings(HWCRHK_lib_error_code,HWCRHK_str_reasons);
        -:  146:#endif
        -:  147:
        -:  148:#ifdef HWCRHK_LIB_NAME
    10000:  149:		ERR_unload_strings(0,HWCRHK_lib_name);
        -:  150:#endif
    10000:  151:		HWCRHK_error_init=1;
        -:  152:		}
    10000:  153:	}
        -:  154:
    #####:  155:static void ERR_HWCRHK_error(int function, int reason, char *file, int line)
        -:  156:	{
    #####:  157:	if (HWCRHK_lib_error_code == 0)
    #####:  158:		HWCRHK_lib_error_code=ERR_get_next_error_library();
    #####:  159:	ERR_PUT_error(HWCRHK_lib_error_code,function,reason,file,line);
    #####:  160:	}
