        -:    0:Source:e_cswift_err.c
        -:    0:Graph:e_cswift.gcno
        -:    0:Data:e_cswift.gcda
        -:    0:Runs:10000
        -:    0:Programs:1
        -:    1:/* e_cswift_err.c */
        -:    2:/* ====================================================================
        -:    3: * Copyright (c) 1999-2005 The OpenSSL Project.  All rights reserved.
        -:    4: *
        -:    5: * Redistribution and use in source and binary forms, with or without
        -:    6: * modification, are permitted provided that the following conditions
        -:    7: * are met:
        -:    8: *
        -:    9: * 1. Redistributions of source code must retain the above copyright
        -:   10: *    notice, this list of conditions and the following disclaimer. 
        -:   11: *
        -:   12: * 2. Redistributions in binary form must reproduce the above copyright
        -:   13: *    notice, this list of conditions and the following disclaimer in
        -:   14: *    the documentation and/or other materials provided with the
        -:   15: *    distribution.
        -:   16: *
        -:   17: * 3. All advertising materials mentioning features or use of this
        -:   18: *    software must display the following acknowledgment:
        -:   19: *    "This product includes software developed by the OpenSSL Project
        -:   20: *    for use in the OpenSSL Toolkit. (http://www.OpenSSL.org/)"
        -:   21: *
        -:   22: * 4. The names "OpenSSL Toolkit" and "OpenSSL Project" must not be used to
        -:   23: *    endorse or promote products derived from this software without
        -:   24: *    prior written permission. For written permission, please contact
        -:   25: *    openssl-core@OpenSSL.org.
        -:   26: *
        -:   27: * 5. Products derived from this software may not be called "OpenSSL"
        -:   28: *    nor may "OpenSSL" appear in their names without prior written
        -:   29: *    permission of the OpenSSL Project.
        -:   30: *
        -:   31: * 6. Redistributions of any form whatsoever must retain the following
        -:   32: *    acknowledgment:
        -:   33: *    "This product includes software developed by the OpenSSL Project
        -:   34: *    for use in the OpenSSL Toolkit (http://www.OpenSSL.org/)"
        -:   35: *
        -:   36: * THIS SOFTWARE IS PROVIDED BY THE OpenSSL PROJECT ``AS IS'' AND ANY
        -:   37: * EXPRESSED OR IMPLIED WARRANTIES, INCLUDING, BUT NOT LIMITED TO, THE
        -:   38: * IMPLIED WARRANTIES OF MERCHANTABILITY AND FITNESS FOR A PARTICULAR
        -:   39: * PURPOSE ARE DISCLAIMED.  IN NO EVENT SHALL THE OpenSSL PROJECT OR
        -:   40: * ITS CONTRIBUTORS BE LIABLE FOR ANY DIRECT, INDIRECT, INCIDENTAL,
        -:   41: * SPECIAL, EXEMPLARY, OR CONSEQUENTIAL DAMAGES (INCLUDING, BUT
        -:   42: * NOT LIMITED TO, PROCUREMENT OF SUBSTITUTE GOODS OR SERVICES;
        -:   43: * LOSS OF USE, DATA, OR PROFITS; OR BUSINESS INTERRUPTION)
        -:   44: * HOWEVER CAUSED AND ON ANY THEORY OF LIABILITY, WHETHER IN CONTRACT,
        -:   45: * STRICT LIABILITY, OR TORT (INCLUDING NEGLIGENCE OR OTHERWISE)
        -:   46: * ARISING IN ANY WAY OUT OF THE USE OF THIS SOFTWARE, EVEN IF ADVISED
        -:   47: * OF THE POSSIBILITY OF SUCH DAMAGE.
        -:   48: * ====================================================================
        -:   49: *
        -:   50: * This product includes cryptographic software written by Eric Young
        -:   51: * (eay@cryptsoft.com).  This product includes software written by Tim
        -:   52: * Hudson (tjh@cryptsoft.com).
        -:   53: *
        -:   54: */
        -:   55:
        -:   56:/* NOTE: this file was auto generated by the mkerr.pl script: any changes
        -:   57: * made to it will be overwritten when the script next updates this file,
        -:   58: * only reason strings will be preserved.
        -:   59: */
        -:   60:
        -:   61:#include <stdio.h>
        -:   62:#include <openssl/err.h>
        -:   63:#include "e_cswift_err.h"
        -:   64:
        -:   65:/* BEGIN ERROR CODES */
        -:   66:#ifndef OPENSSL_NO_ERR
        -:   67:
        -:   68:#define ERR_FUNC(func) ERR_PACK(0,func,0)
        -:   69:#define ERR_REASON(reason) ERR_PACK(0,0,reason)
        -:   70:
        -:   71:static ERR_STRING_DATA CSWIFT_str_functs[]=
        -:   72:	{
        -:   73:{ERR_FUNC(CSWIFT_F_CSWIFT_CTRL),	"CSWIFT_CTRL"},
        -:   74:{ERR_FUNC(CSWIFT_F_CSWIFT_DSA_SIGN),	"CSWIFT_DSA_SIGN"},
        -:   75:{ERR_FUNC(CSWIFT_F_CSWIFT_DSA_VERIFY),	"CSWIFT_DSA_VERIFY"},
        -:   76:{ERR_FUNC(CSWIFT_F_CSWIFT_FINISH),	"CSWIFT_FINISH"},
        -:   77:{ERR_FUNC(CSWIFT_F_CSWIFT_INIT),	"CSWIFT_INIT"},
        -:   78:{ERR_FUNC(CSWIFT_F_CSWIFT_MOD_EXP),	"CSWIFT_MOD_EXP"},
        -:   79:{ERR_FUNC(CSWIFT_F_CSWIFT_MOD_EXP_CRT),	"CSWIFT_MOD_EXP_CRT"},
        -:   80:{ERR_FUNC(CSWIFT_F_CSWIFT_RAND_BYTES),	"CSWIFT_RAND_BYTES"},
        -:   81:{ERR_FUNC(CSWIFT_F_CSWIFT_RSA_MOD_EXP),	"CSWIFT_RSA_MOD_EXP"},
        -:   82:{0,NULL}
        -:   83:	};
        -:   84:
        -:   85:static ERR_STRING_DATA CSWIFT_str_reasons[]=
        -:   86:	{
        -:   87:{ERR_REASON(CSWIFT_R_ALREADY_LOADED)     ,"already loaded"},
        -:   88:{ERR_REASON(CSWIFT_R_BAD_KEY_SIZE)       ,"bad key size"},
        -:   89:{ERR_REASON(CSWIFT_R_BN_CTX_FULL)        ,"bn ctx full"},
        -:   90:{ERR_REASON(CSWIFT_R_BN_EXPAND_FAIL)     ,"bn expand fail"},
        -:   91:{ERR_REASON(CSWIFT_R_CTRL_COMMAND_NOT_IMPLEMENTED),"ctrl command not implemented"},
        -:   92:{ERR_REASON(CSWIFT_R_MISSING_KEY_COMPONENTS),"missing key components"},
        -:   93:{ERR_REASON(CSWIFT_R_NOT_LOADED)         ,"not loaded"},
        -:   94:{ERR_REASON(CSWIFT_R_REQUEST_FAILED)     ,"request failed"},
        -:   95:{ERR_REASON(CSWIFT_R_UNIT_FAILURE)       ,"unit failure"},
        -:   96:{0,NULL}
        -:   97:	};
        -:   98:
        -:   99:#endif
        -:  100:
        -:  101:#ifdef CSWIFT_LIB_NAME
        -:  102:static ERR_STRING_DATA CSWIFT_lib_name[]=
        -:  103:        {
        -:  104:{0	,CSWIFT_LIB_NAME},
        -:  105:{0,NULL}
        -:  106:	};
        -:  107:#endif
        -:  108:
        -:  109:
        -:  110:static int CSWIFT_lib_error_code=0;
        -:  111:static int CSWIFT_error_init=1;
        -:  112:
    10000:  113:static void ERR_load_CSWIFT_strings(void)
        -:  114:	{
    10000:  115:	if (CSWIFT_lib_error_code == 0)
    10000:  116:		CSWIFT_lib_error_code=ERR_get_next_error_library();
        -:  117:
    10000:  118:	if (CSWIFT_error_init)
        -:  119:		{
    10000:  120:		CSWIFT_error_init=0;
        -:  121:#ifndef OPENSSL_NO_ERR
    10000:  122:		ERR_load_strings(CSWIFT_lib_error_code,CSWIFT_str_functs);
    10000:  123:		ERR_load_strings(CSWIFT_lib_error_code,CSWIFT_str_reasons);
        -:  124:#endif
        -:  125:
        -:  126:#ifdef CSWIFT_LIB_NAME
    10000:  127:		CSWIFT_lib_name->error = ERR_PACK(CSWIFT_lib_error_code,0,0);
    10000:  128:		ERR_load_strings(0,CSWIFT_lib_name);
        -:  129:#endif
        -:  130:		}
    10000:  131:	}
        -:  132:
    10000:  133:static void ERR_unload_CSWIFT_strings(void)
        -:  134:	{
    10000:  135:	if (CSWIFT_error_init == 0)
        -:  136:		{
        -:  137:#ifndef OPENSSL_NO_ERR
    10000:  138:		ERR_unload_strings(CSWIFT_lib_error_code,CSWIFT_str_functs);
    10000:  139:		ERR_unload_strings(CSWIFT_lib_error_code,CSWIFT_str_reasons);
        -:  140:#endif
        -:  141:
        -:  142:#ifdef CSWIFT_LIB_NAME
    10000:  143:		ERR_unload_strings(0,CSWIFT_lib_name);
        -:  144:#endif
    10000:  145:		CSWIFT_error_init=1;
        -:  146:		}
    10000:  147:	}
        -:  148:
    #####:  149:static void ERR_CSWIFT_error(int function, int reason, char *file, int line)
        -:  150:	{
    #####:  151:	if (CSWIFT_lib_error_code == 0)
    #####:  152:		CSWIFT_lib_error_code=ERR_get_next_error_library();
    #####:  153:	ERR_PUT_error(CSWIFT_lib_error_code,function,reason,file,line);
    #####:  154:	}
