        -:    0:Source:e_nuron_err.c
        -:    0:Graph:e_nuron.gcno
        -:    0:Data:e_nuron.gcda
        -:    0:Runs:10000
        -:    0:Programs:1
        -:    1:/* e_nuron_err.c */
        -:    2:/* ====================================================================
        -:    3: * Copyright (c) 1999-2005 The OpenSSL Project.  All rights reserved.
        -:    4: *
        -:    5: * Redistribution and use in source and binary forms, with or without
        -:    6: * modification, are permitted provided that the following conditions
        -:    7: * are met:
        -:    8: *
        -:    9: * 1. Redistributions of source code must retain the above copyright
        -:   10: *    notice, this list of conditions and the following disclaimer. 
        -:   11: *
        -:   12: * 2. Redistributions in binary form must reproduce the above copyright
        -:   13: *    notice, this list of conditions and the following disclaimer in
        -:   14: *    the documentation and/or other materials provided with the
        -:   15: *    distribution.
        -:   16: *
        -:   17: * 3. All advertising materials mentioning features or use of this
        -:   18: *    software must display the following acknowledgment:
        -:   19: *    "This product includes software developed by the OpenSSL Project
        -:   20: *    for use in the OpenSSL Toolkit. (http://www.OpenSSL.org/)"
        -:   21: *
        -:   22: * 4. The names "OpenSSL Toolkit" and "OpenSSL Project" must not be used to
        -:   23: *    endorse or promote products derived from this software without
        -:   24: *    prior written permission. For written permission, please contact
        -:   25: *    openssl-core@OpenSSL.org.
        -:   26: *
        -:   27: * 5. Products derived from this software may not be called "OpenSSL"
        -:   28: *    nor may "OpenSSL" appear in their names without prior written
        -:   29: *    permission of the OpenSSL Project.
        -:   30: *
        -:   31: * 6. Redistributions of any form whatsoever must retain the following
        -:   32: *    acknowledgment:
        -:   33: *    "This product includes software developed by the OpenSSL Project
        -:   34: *    for use in the OpenSSL Toolkit (http://www.OpenSSL.org/)"
        -:   35: *
        -:   36: * THIS SOFTWARE IS PROVIDED BY THE OpenSSL PROJECT ``AS IS'' AND ANY
        -:   37: * EXPRESSED OR IMPLIED WARRANTIES, INCLUDING, BUT NOT LIMITED TO, THE
        -:   38: * IMPLIED WARRANTIES OF MERCHANTABILITY AND FITNESS FOR A PARTICULAR
        -:   39: * PURPOSE ARE DISCLAIMED.  IN NO EVENT SHALL THE OpenSSL PROJECT OR
        -:   40: * ITS CONTRIBUTORS BE LIABLE FOR ANY DIRECT, INDIRECT, INCIDENTAL,
        -:   41: * SPECIAL, EXEMPLARY, OR CONSEQUENTIAL DAMAGES (INCLUDING, BUT
        -:   42: * NOT LIMITED TO, PROCUREMENT OF SUBSTITUTE GOODS OR SERVICES;
        -:   43: * LOSS OF USE, DATA, OR PROFITS; OR BUSINESS INTERRUPTION)
        -:   44: * HOWEVER CAUSED AND ON ANY THEORY OF LIABILITY, WHETHER IN CONTRACT,
        -:   45: * STRICT LIABILITY, OR TORT (INCLUDING NEGLIGENCE OR OTHERWISE)
        -:   46: * ARISING IN ANY WAY OUT OF THE USE OF THIS SOFTWARE, EVEN IF ADVISED
        -:   47: * OF THE POSSIBILITY OF SUCH DAMAGE.
        -:   48: * ====================================================================
        -:   49: *
        -:   50: * This product includes cryptographic software written by Eric Young
        -:   51: * (eay@cryptsoft.com).  This product includes software written by Tim
        -:   52: * Hudson (tjh@cryptsoft.com).
        -:   53: *
        -:   54: */
        -:   55:
        -:   56:/* NOTE: this file was auto generated by the mkerr.pl script: any changes
        -:   57: * made to it will be overwritten when the script next updates this file,
        -:   58: * only reason strings will be preserved.
        -:   59: */
        -:   60:
        -:   61:#include <stdio.h>
        -:   62:#include <openssl/err.h>
        -:   63:#include "e_nuron_err.h"
        -:   64:
        -:   65:/* BEGIN ERROR CODES */
        -:   66:#ifndef OPENSSL_NO_ERR
        -:   67:
        -:   68:#define ERR_FUNC(func) ERR_PACK(0,func,0)
        -:   69:#define ERR_REASON(reason) ERR_PACK(0,0,reason)
        -:   70:
        -:   71:static ERR_STRING_DATA NURON_str_functs[]=
        -:   72:	{
        -:   73:{ERR_FUNC(NURON_F_NURON_CTRL),	"NURON_CTRL"},
        -:   74:{ERR_FUNC(NURON_F_NURON_FINISH),	"NURON_FINISH"},
        -:   75:{ERR_FUNC(NURON_F_NURON_INIT),	"NURON_INIT"},
        -:   76:{ERR_FUNC(NURON_F_NURON_MOD_EXP),	"NURON_MOD_EXP"},
        -:   77:{0,NULL}
        -:   78:	};
        -:   79:
        -:   80:static ERR_STRING_DATA NURON_str_reasons[]=
        -:   81:	{
        -:   82:{ERR_REASON(NURON_R_ALREADY_LOADED)      ,"already loaded"},
        -:   83:{ERR_REASON(NURON_R_CTRL_COMMAND_NOT_IMPLEMENTED),"ctrl command not implemented"},
        -:   84:{ERR_REASON(NURON_R_DSO_FAILURE)         ,"dso failure"},
        -:   85:{ERR_REASON(NURON_R_DSO_FUNCTION_NOT_FOUND),"dso function not found"},
        -:   86:{ERR_REASON(NURON_R_DSO_NOT_FOUND)       ,"dso not found"},
        -:   87:{ERR_REASON(NURON_R_NOT_LOADED)          ,"not loaded"},
        -:   88:{0,NULL}
        -:   89:	};
        -:   90:
        -:   91:#endif
        -:   92:
        -:   93:#ifdef NURON_LIB_NAME
        -:   94:static ERR_STRING_DATA NURON_lib_name[]=
        -:   95:        {
        -:   96:{0	,NURON_LIB_NAME},
        -:   97:{0,NULL}
        -:   98:	};
        -:   99:#endif
        -:  100:
        -:  101:
        -:  102:static int NURON_lib_error_code=0;
        -:  103:static int NURON_error_init=1;
        -:  104:
    10000:  105:static void ERR_load_NURON_strings(void)
        -:  106:	{
    10000:  107:	if (NURON_lib_error_code == 0)
    10000:  108:		NURON_lib_error_code=ERR_get_next_error_library();
        -:  109:
    10000:  110:	if (NURON_error_init)
        -:  111:		{
    10000:  112:		NURON_error_init=0;
        -:  113:#ifndef OPENSSL_NO_ERR
    10000:  114:		ERR_load_strings(NURON_lib_error_code,NURON_str_functs);
    10000:  115:		ERR_load_strings(NURON_lib_error_code,NURON_str_reasons);
        -:  116:#endif
        -:  117:
        -:  118:#ifdef NURON_LIB_NAME
    10000:  119:		NURON_lib_name->error = ERR_PACK(NURON_lib_error_code,0,0);
    10000:  120:		ERR_load_strings(0,NURON_lib_name);
        -:  121:#endif
        -:  122:		}
    10000:  123:	}
        -:  124:
    10000:  125:static void ERR_unload_NURON_strings(void)
        -:  126:	{
    10000:  127:	if (NURON_error_init == 0)
        -:  128:		{
        -:  129:#ifndef OPENSSL_NO_ERR
    10000:  130:		ERR_unload_strings(NURON_lib_error_code,NURON_str_functs);
    10000:  131:		ERR_unload_strings(NURON_lib_error_code,NURON_str_reasons);
        -:  132:#endif
        -:  133:
        -:  134:#ifdef NURON_LIB_NAME
    10000:  135:		ERR_unload_strings(0,NURON_lib_name);
        -:  136:#endif
    10000:  137:		NURON_error_init=1;
        -:  138:		}
    10000:  139:	}
        -:  140:
    #####:  141:static void ERR_NURON_error(int function, int reason, char *file, int line)
        -:  142:	{
    #####:  143:	if (NURON_lib_error_code == 0)
    #####:  144:		NURON_lib_error_code=ERR_get_next_error_library();
    #####:  145:	ERR_PUT_error(NURON_lib_error_code,function,reason,file,line);
    #####:  146:	}
