        -:    0:Source:e_sureware_err.c
        -:    0:Graph:e_sureware.gcno
        -:    0:Data:e_sureware.gcda
        -:    0:Runs:10000
        -:    0:Programs:1
        -:    1:/* e_sureware_err.c */
        -:    2:/* ====================================================================
        -:    3: * Copyright (c) 1999-2005 The OpenSSL Project.  All rights reserved.
        -:    4: *
        -:    5: * Redistribution and use in source and binary forms, with or without
        -:    6: * modification, are permitted provided that the following conditions
        -:    7: * are met:
        -:    8: *
        -:    9: * 1. Redistributions of source code must retain the above copyright
        -:   10: *    notice, this list of conditions and the following disclaimer. 
        -:   11: *
        -:   12: * 2. Redistributions in binary form must reproduce the above copyright
        -:   13: *    notice, this list of conditions and the following disclaimer in
        -:   14: *    the documentation and/or other materials provided with the
        -:   15: *    distribution.
        -:   16: *
        -:   17: * 3. All advertising materials mentioning features or use of this
        -:   18: *    software must display the following acknowledgment:
        -:   19: *    "This product includes software developed by the OpenSSL Project
        -:   20: *    for use in the OpenSSL Toolkit. (http://www.OpenSSL.org/)"
        -:   21: *
        -:   22: * 4. The names "OpenSSL Toolkit" and "OpenSSL Project" must not be used to
        -:   23: *    endorse or promote products derived from this software without
        -:   24: *    prior written permission. For written permission, please contact
        -:   25: *    openssl-core@OpenSSL.org.
        -:   26: *
        -:   27: * 5. Products derived from this software may not be called "OpenSSL"
        -:   28: *    nor may "OpenSSL" appear in their names without prior written
        -:   29: *    permission of the OpenSSL Project.
        -:   30: *
        -:   31: * 6. Redistributions of any form whatsoever must retain the following
        -:   32: *    acknowledgment:
        -:   33: *    "This product includes software developed by the OpenSSL Project
        -:   34: *    for use in the OpenSSL Toolkit (http://www.OpenSSL.org/)"
        -:   35: *
        -:   36: * THIS SOFTWARE IS PROVIDED BY THE OpenSSL PROJECT ``AS IS'' AND ANY
        -:   37: * EXPRESSED OR IMPLIED WARRANTIES, INCLUDING, BUT NOT LIMITED TO, THE
        -:   38: * IMPLIED WARRANTIES OF MERCHANTABILITY AND FITNESS FOR A PARTICULAR
        -:   39: * PURPOSE ARE DISCLAIMED.  IN NO EVENT SHALL THE OpenSSL PROJECT OR
        -:   40: * ITS CONTRIBUTORS BE LIABLE FOR ANY DIRECT, INDIRECT, INCIDENTAL,
        -:   41: * SPECIAL, EXEMPLARY, OR CONSEQUENTIAL DAMAGES (INCLUDING, BUT
        -:   42: * NOT LIMITED TO, PROCUREMENT OF SUBSTITUTE GOODS OR SERVICES;
        -:   43: * LOSS OF USE, DATA, OR PROFITS; OR BUSINESS INTERRUPTION)
        -:   44: * HOWEVER CAUSED AND ON ANY THEORY OF LIABILITY, WHETHER IN CONTRACT,
        -:   45: * STRICT LIABILITY, OR TORT (INCLUDING NEGLIGENCE OR OTHERWISE)
        -:   46: * ARISING IN ANY WAY OUT OF THE USE OF THIS SOFTWARE, EVEN IF ADVISED
        -:   47: * OF THE POSSIBILITY OF SUCH DAMAGE.
        -:   48: * ====================================================================
        -:   49: *
        -:   50: * This product includes cryptographic software written by Eric Young
        -:   51: * (eay@cryptsoft.com).  This product includes software written by Tim
        -:   52: * Hudson (tjh@cryptsoft.com).
        -:   53: *
        -:   54: */
        -:   55:
        -:   56:/* NOTE: this file was auto generated by the mkerr.pl script: any changes
        -:   57: * made to it will be overwritten when the script next updates this file,
        -:   58: * only reason strings will be preserved.
        -:   59: */
        -:   60:
        -:   61:#include <stdio.h>
        -:   62:#include <openssl/err.h>
        -:   63:#include "e_sureware_err.h"
        -:   64:
        -:   65:/* BEGIN ERROR CODES */
        -:   66:#ifndef OPENSSL_NO_ERR
        -:   67:
        -:   68:#define ERR_FUNC(func) ERR_PACK(0,func,0)
        -:   69:#define ERR_REASON(reason) ERR_PACK(0,0,reason)
        -:   70:
        -:   71:static ERR_STRING_DATA SUREWARE_str_functs[]=
        -:   72:	{
        -:   73:{ERR_FUNC(SUREWARE_F_SUREWAREHK_CTRL),	"SUREWAREHK_CTRL"},
        -:   74:{ERR_FUNC(SUREWARE_F_SUREWAREHK_DH_EX_FREE),	"SUREWAREHK_DH_EX_FREE"},
        -:   75:{ERR_FUNC(SUREWARE_F_SUREWAREHK_DSA_DO_SIGN),	"SUREWAREHK_DSA_DO_SIGN"},
        -:   76:{ERR_FUNC(SUREWARE_F_SUREWAREHK_EX_FREE),	"SUREWAREHK_EX_FREE"},
        -:   77:{ERR_FUNC(SUREWARE_F_SUREWAREHK_FINISH),	"SUREWAREHK_FINISH"},
        -:   78:{ERR_FUNC(SUREWARE_F_SUREWAREHK_INIT),	"SUREWAREHK_INIT"},
        -:   79:{ERR_FUNC(SUREWARE_F_SUREWAREHK_LOAD_PRIVKEY),	"SUREWAREHK_LOAD_PRIVKEY"},
        -:   80:{ERR_FUNC(SUREWARE_F_SUREWAREHK_LOAD_PUBKEY),	"SUREWAREHK_LOAD_PUBKEY"},
        -:   81:{ERR_FUNC(SUREWARE_F_SUREWAREHK_MODEXP),	"SUREWAREHK_MODEXP"},
        -:   82:{ERR_FUNC(SUREWARE_F_SUREWAREHK_RAND_BYTES),	"SUREWAREHK_RAND_BYTES"},
        -:   83:{ERR_FUNC(SUREWARE_F_SUREWAREHK_RAND_SEED),	"SUREWAREHK_RAND_SEED"},
        -:   84:{ERR_FUNC(SUREWARE_F_SUREWAREHK_RSA_PRIV_DEC),	"SUREWAREHK_RSA_PRIV_DEC"},
        -:   85:{ERR_FUNC(SUREWARE_F_SUREWAREHK_RSA_SIGN),	"SUREWAREHK_RSA_SIGN"},
        -:   86:{ERR_FUNC(SUREWARE_F_SUREWARE_LOAD_PUBLIC),	"SUREWARE_LOAD_PUBLIC"},
        -:   87:{0,NULL}
        -:   88:	};
        -:   89:
        -:   90:static ERR_STRING_DATA SUREWARE_str_reasons[]=
        -:   91:	{
        -:   92:{ERR_REASON(SUREWARE_R_BIO_WAS_FREED)    ,"bio was freed"},
        -:   93:{ERR_REASON(SUREWARE_R_MISSING_KEY_COMPONENTS),"missing key components"},
        -:   94:{ERR_REASON(SUREWARE_R_PADDING_CHECK_FAILED),"padding check failed"},
        -:   95:{ERR_REASON(SUREWARE_R_REQUEST_FAILED)   ,"request failed"},
        -:   96:{ERR_REASON(SUREWARE_R_REQUEST_FALLBACK) ,"request fallback"},
        -:   97:{ERR_REASON(SUREWARE_R_SIZE_TOO_LARGE_OR_TOO_SMALL),"size too large or too small"},
        -:   98:{ERR_REASON(SUREWARE_R_UNIT_FAILURE)     ,"unit failure"},
        -:   99:{ERR_REASON(SUREWARE_R_UNKNOWN_PADDING_TYPE),"unknown padding type"},
        -:  100:{0,NULL}
        -:  101:	};
        -:  102:
        -:  103:#endif
        -:  104:
        -:  105:#ifdef SUREWARE_LIB_NAME
        -:  106:static ERR_STRING_DATA SUREWARE_lib_name[]=
        -:  107:        {
        -:  108:{0	,SUREWARE_LIB_NAME},
        -:  109:{0,NULL}
        -:  110:	};
        -:  111:#endif
        -:  112:
        -:  113:
        -:  114:static int SUREWARE_lib_error_code=0;
        -:  115:static int SUREWARE_error_init=1;
        -:  116:
    10000:  117:static void ERR_load_SUREWARE_strings(void)
        -:  118:	{
    10000:  119:	if (SUREWARE_lib_error_code == 0)
    10000:  120:		SUREWARE_lib_error_code=ERR_get_next_error_library();
        -:  121:
    10000:  122:	if (SUREWARE_error_init)
        -:  123:		{
    10000:  124:		SUREWARE_error_init=0;
        -:  125:#ifndef OPENSSL_NO_ERR
    10000:  126:		ERR_load_strings(SUREWARE_lib_error_code,SUREWARE_str_functs);
    10000:  127:		ERR_load_strings(SUREWARE_lib_error_code,SUREWARE_str_reasons);
        -:  128:#endif
        -:  129:
        -:  130:#ifdef SUREWARE_LIB_NAME
    10000:  131:		SUREWARE_lib_name->error = ERR_PACK(SUREWARE_lib_error_code,0,0);
    10000:  132:		ERR_load_strings(0,SUREWARE_lib_name);
        -:  133:#endif
        -:  134:		}
    10000:  135:	}
        -:  136:
    10000:  137:static void ERR_unload_SUREWARE_strings(void)
        -:  138:	{
    10000:  139:	if (SUREWARE_error_init == 0)
        -:  140:		{
        -:  141:#ifndef OPENSSL_NO_ERR
    10000:  142:		ERR_unload_strings(SUREWARE_lib_error_code,SUREWARE_str_functs);
    10000:  143:		ERR_unload_strings(SUREWARE_lib_error_code,SUREWARE_str_reasons);
        -:  144:#endif
        -:  145:
        -:  146:#ifdef SUREWARE_LIB_NAME
    10000:  147:		ERR_unload_strings(0,SUREWARE_lib_name);
        -:  148:#endif
    10000:  149:		SUREWARE_error_init=1;
        -:  150:		}
    10000:  151:	}
        -:  152:
    #####:  153:static void ERR_SUREWARE_error(int function, int reason, char *file, int line)
        -:  154:	{
    #####:  155:	if (SUREWARE_lib_error_code == 0)
    #####:  156:		SUREWARE_lib_error_code=ERR_get_next_error_library();
    #####:  157:	ERR_PUT_error(SUREWARE_lib_error_code,function,reason,file,line);
    #####:  158:	}
