        -:    0:Source:e_ubsec_err.c
        -:    0:Graph:e_ubsec.gcno
        -:    0:Data:e_ubsec.gcda
        -:    0:Runs:10000
        -:    0:Programs:1
        -:    1:/* e_ubsec_err.c */
        -:    2:/* ====================================================================
        -:    3: * Copyright (c) 1999-2005 The OpenSSL Project.  All rights reserved.
        -:    4: *
        -:    5: * Redistribution and use in source and binary forms, with or without
        -:    6: * modification, are permitted provided that the following conditions
        -:    7: * are met:
        -:    8: *
        -:    9: * 1. Redistributions of source code must retain the above copyright
        -:   10: *    notice, this list of conditions and the following disclaimer. 
        -:   11: *
        -:   12: * 2. Redistributions in binary form must reproduce the above copyright
        -:   13: *    notice, this list of conditions and the following disclaimer in
        -:   14: *    the documentation and/or other materials provided with the
        -:   15: *    distribution.
        -:   16: *
        -:   17: * 3. All advertising materials mentioning features or use of this
        -:   18: *    software must display the following acknowledgment:
        -:   19: *    "This product includes software developed by the OpenSSL Project
        -:   20: *    for use in the OpenSSL Toolkit. (http://www.OpenSSL.org/)"
        -:   21: *
        -:   22: * 4. The names "OpenSSL Toolkit" and "OpenSSL Project" must not be used to
        -:   23: *    endorse or promote products derived from this software without
        -:   24: *    prior written permission. For written permission, please contact
        -:   25: *    openssl-core@OpenSSL.org.
        -:   26: *
        -:   27: * 5. Products derived from this software may not be called "OpenSSL"
        -:   28: *    nor may "OpenSSL" appear in their names without prior written
        -:   29: *    permission of the OpenSSL Project.
        -:   30: *
        -:   31: * 6. Redistributions of any form whatsoever must retain the following
        -:   32: *    acknowledgment:
        -:   33: *    "This product includes software developed by the OpenSSL Project
        -:   34: *    for use in the OpenSSL Toolkit (http://www.OpenSSL.org/)"
        -:   35: *
        -:   36: * THIS SOFTWARE IS PROVIDED BY THE OpenSSL PROJECT ``AS IS'' AND ANY
        -:   37: * EXPRESSED OR IMPLIED WARRANTIES, INCLUDING, BUT NOT LIMITED TO, THE
        -:   38: * IMPLIED WARRANTIES OF MERCHANTABILITY AND FITNESS FOR A PARTICULAR
        -:   39: * PURPOSE ARE DISCLAIMED.  IN NO EVENT SHALL THE OpenSSL PROJECT OR
        -:   40: * ITS CONTRIBUTORS BE LIABLE FOR ANY DIRECT, INDIRECT, INCIDENTAL,
        -:   41: * SPECIAL, EXEMPLARY, OR CONSEQUENTIAL DAMAGES (INCLUDING, BUT
        -:   42: * NOT LIMITED TO, PROCUREMENT OF SUBSTITUTE GOODS OR SERVICES;
        -:   43: * LOSS OF USE, DATA, OR PROFITS; OR BUSINESS INTERRUPTION)
        -:   44: * HOWEVER CAUSED AND ON ANY THEORY OF LIABILITY, WHETHER IN CONTRACT,
        -:   45: * STRICT LIABILITY, OR TORT (INCLUDING NEGLIGENCE OR OTHERWISE)
        -:   46: * ARISING IN ANY WAY OUT OF THE USE OF THIS SOFTWARE, EVEN IF ADVISED
        -:   47: * OF THE POSSIBILITY OF SUCH DAMAGE.
        -:   48: * ====================================================================
        -:   49: *
        -:   50: * This product includes cryptographic software written by Eric Young
        -:   51: * (eay@cryptsoft.com).  This product includes software written by Tim
        -:   52: * Hudson (tjh@cryptsoft.com).
        -:   53: *
        -:   54: */
        -:   55:
        -:   56:/* NOTE: this file was auto generated by the mkerr.pl script: any changes
        -:   57: * made to it will be overwritten when the script next updates this file,
        -:   58: * only reason strings will be preserved.
        -:   59: */
        -:   60:
        -:   61:#include <stdio.h>
        -:   62:#include <openssl/err.h>
        -:   63:#include "e_ubsec_err.h"
        -:   64:
        -:   65:/* BEGIN ERROR CODES */
        -:   66:#ifndef OPENSSL_NO_ERR
        -:   67:
        -:   68:#define ERR_FUNC(func) ERR_PACK(0,func,0)
        -:   69:#define ERR_REASON(reason) ERR_PACK(0,0,reason)
        -:   70:
        -:   71:static ERR_STRING_DATA UBSEC_str_functs[]=
        -:   72:	{
        -:   73:{ERR_FUNC(UBSEC_F_UBSEC_CTRL),	"UBSEC_CTRL"},
        -:   74:{ERR_FUNC(UBSEC_F_UBSEC_DH_COMPUTE_KEY),	"UBSEC_DH_COMPUTE_KEY"},
        -:   75:{ERR_FUNC(UBSEC_F_UBSEC_DH_GENERATE_KEY),	"UBSEC_DH_GENERATE_KEY"},
        -:   76:{ERR_FUNC(UBSEC_F_UBSEC_DSA_DO_SIGN),	"UBSEC_DSA_DO_SIGN"},
        -:   77:{ERR_FUNC(UBSEC_F_UBSEC_DSA_VERIFY),	"UBSEC_DSA_VERIFY"},
        -:   78:{ERR_FUNC(UBSEC_F_UBSEC_FINISH),	"UBSEC_FINISH"},
        -:   79:{ERR_FUNC(UBSEC_F_UBSEC_INIT),	"UBSEC_INIT"},
        -:   80:{ERR_FUNC(UBSEC_F_UBSEC_MOD_EXP),	"UBSEC_MOD_EXP"},
        -:   81:{ERR_FUNC(UBSEC_F_UBSEC_MOD_EXP_CRT),	"UBSEC_MOD_EXP_CRT"},
        -:   82:{ERR_FUNC(UBSEC_F_UBSEC_RAND_BYTES),	"UBSEC_RAND_BYTES"},
        -:   83:{ERR_FUNC(UBSEC_F_UBSEC_RSA_MOD_EXP),	"UBSEC_RSA_MOD_EXP"},
        -:   84:{ERR_FUNC(UBSEC_F_UBSEC_RSA_MOD_EXP_CRT),	"UBSEC_RSA_MOD_EXP_CRT"},
        -:   85:{0,NULL}
        -:   86:	};
        -:   87:
        -:   88:static ERR_STRING_DATA UBSEC_str_reasons[]=
        -:   89:	{
        -:   90:{ERR_REASON(UBSEC_R_ALREADY_LOADED)      ,"already loaded"},
        -:   91:{ERR_REASON(UBSEC_R_BN_EXPAND_FAIL)      ,"bn expand fail"},
        -:   92:{ERR_REASON(UBSEC_R_CTRL_COMMAND_NOT_IMPLEMENTED),"ctrl command not implemented"},
        -:   93:{ERR_REASON(UBSEC_R_DSO_FAILURE)         ,"dso failure"},
        -:   94:{ERR_REASON(UBSEC_R_MISSING_KEY_COMPONENTS),"missing key components"},
        -:   95:{ERR_REASON(UBSEC_R_NOT_LOADED)          ,"not loaded"},
        -:   96:{ERR_REASON(UBSEC_R_REQUEST_FAILED)      ,"request failed"},
        -:   97:{ERR_REASON(UBSEC_R_SIZE_TOO_LARGE_OR_TOO_SMALL),"size too large or too small"},
        -:   98:{ERR_REASON(UBSEC_R_UNIT_FAILURE)        ,"unit failure"},
        -:   99:{0,NULL}
        -:  100:	};
        -:  101:
        -:  102:#endif
        -:  103:
        -:  104:#ifdef UBSEC_LIB_NAME
        -:  105:static ERR_STRING_DATA UBSEC_lib_name[]=
        -:  106:        {
        -:  107:{0	,UBSEC_LIB_NAME},
        -:  108:{0,NULL}
        -:  109:	};
        -:  110:#endif
        -:  111:
        -:  112:
        -:  113:static int UBSEC_lib_error_code=0;
        -:  114:static int UBSEC_error_init=1;
        -:  115:
    10000:  116:static void ERR_load_UBSEC_strings(void)
        -:  117:	{
    10000:  118:	if (UBSEC_lib_error_code == 0)
    10000:  119:		UBSEC_lib_error_code=ERR_get_next_error_library();
        -:  120:
    10000:  121:	if (UBSEC_error_init)
        -:  122:		{
    10000:  123:		UBSEC_error_init=0;
        -:  124:#ifndef OPENSSL_NO_ERR
    10000:  125:		ERR_load_strings(UBSEC_lib_error_code,UBSEC_str_functs);
    10000:  126:		ERR_load_strings(UBSEC_lib_error_code,UBSEC_str_reasons);
        -:  127:#endif
        -:  128:
        -:  129:#ifdef UBSEC_LIB_NAME
    10000:  130:		UBSEC_lib_name->error = ERR_PACK(UBSEC_lib_error_code,0,0);
    10000:  131:		ERR_load_strings(0,UBSEC_lib_name);
        -:  132:#endif
        -:  133:		}
    10000:  134:	}
        -:  135:
    10000:  136:static void ERR_unload_UBSEC_strings(void)
        -:  137:	{
    10000:  138:	if (UBSEC_error_init == 0)
        -:  139:		{
        -:  140:#ifndef OPENSSL_NO_ERR
    10000:  141:		ERR_unload_strings(UBSEC_lib_error_code,UBSEC_str_functs);
    10000:  142:		ERR_unload_strings(UBSEC_lib_error_code,UBSEC_str_reasons);
        -:  143:#endif
        -:  144:
        -:  145:#ifdef UBSEC_LIB_NAME
    10000:  146:		ERR_unload_strings(0,UBSEC_lib_name);
        -:  147:#endif
    10000:  148:		UBSEC_error_init=1;
        -:  149:		}
    10000:  150:	}
        -:  151:
    #####:  152:static void ERR_UBSEC_error(int function, int reason, char *file, int line)
        -:  153:	{
    #####:  154:	if (UBSEC_lib_error_code == 0)
    #####:  155:		UBSEC_lib_error_code=ERR_get_next_error_library();
    #####:  156:	ERR_PUT_error(UBSEC_lib_error_code,function,reason,file,line);
    #####:  157:	}
