        -:    0:Source:ocsp_err.c
        -:    0:Graph:ocsp_err.gcno
        -:    0:Data:ocsp_err.gcda
        -:    0:Runs:10000
        -:    0:Programs:1
        -:    1:/* crypto/ocsp/ocsp_err.c */
        -:    2:/* ====================================================================
        -:    3: * Copyright (c) 1999-2006 The OpenSSL Project.  All rights reserved.
        -:    4: *
        -:    5: * Redistribution and use in source and binary forms, with or without
        -:    6: * modification, are permitted provided that the following conditions
        -:    7: * are met:
        -:    8: *
        -:    9: * 1. Redistributions of source code must retain the above copyright
        -:   10: *    notice, this list of conditions and the following disclaimer. 
        -:   11: *
        -:   12: * 2. Redistributions in binary form must reproduce the above copyright
        -:   13: *    notice, this list of conditions and the following disclaimer in
        -:   14: *    the documentation and/or other materials provided with the
        -:   15: *    distribution.
        -:   16: *
        -:   17: * 3. All advertising materials mentioning features or use of this
        -:   18: *    software must display the following acknowledgment:
        -:   19: *    "This product includes software developed by the OpenSSL Project
        -:   20: *    for use in the OpenSSL Toolkit. (http://www.OpenSSL.org/)"
        -:   21: *
        -:   22: * 4. The names "OpenSSL Toolkit" and "OpenSSL Project" must not be used to
        -:   23: *    endorse or promote products derived from this software without
        -:   24: *    prior written permission. For written permission, please contact
        -:   25: *    openssl-core@OpenSSL.org.
        -:   26: *
        -:   27: * 5. Products derived from this software may not be called "OpenSSL"
        -:   28: *    nor may "OpenSSL" appear in their names without prior written
        -:   29: *    permission of the OpenSSL Project.
        -:   30: *
        -:   31: * 6. Redistributions of any form whatsoever must retain the following
        -:   32: *    acknowledgment:
        -:   33: *    "This product includes software developed by the OpenSSL Project
        -:   34: *    for use in the OpenSSL Toolkit (http://www.OpenSSL.org/)"
        -:   35: *
        -:   36: * THIS SOFTWARE IS PROVIDED BY THE OpenSSL PROJECT ``AS IS'' AND ANY
        -:   37: * EXPRESSED OR IMPLIED WARRANTIES, INCLUDING, BUT NOT LIMITED TO, THE
        -:   38: * IMPLIED WARRANTIES OF MERCHANTABILITY AND FITNESS FOR A PARTICULAR
        -:   39: * PURPOSE ARE DISCLAIMED.  IN NO EVENT SHALL THE OpenSSL PROJECT OR
        -:   40: * ITS CONTRIBUTORS BE LIABLE FOR ANY DIRECT, INDIRECT, INCIDENTAL,
        -:   41: * SPECIAL, EXEMPLARY, OR CONSEQUENTIAL DAMAGES (INCLUDING, BUT
        -:   42: * NOT LIMITED TO, PROCUREMENT OF SUBSTITUTE GOODS OR SERVICES;
        -:   43: * LOSS OF USE, DATA, OR PROFITS; OR BUSINESS INTERRUPTION)
        -:   44: * HOWEVER CAUSED AND ON ANY THEORY OF LIABILITY, WHETHER IN CONTRACT,
        -:   45: * STRICT LIABILITY, OR TORT (INCLUDING NEGLIGENCE OR OTHERWISE)
        -:   46: * ARISING IN ANY WAY OUT OF THE USE OF THIS SOFTWARE, EVEN IF ADVISED
        -:   47: * OF THE POSSIBILITY OF SUCH DAMAGE.
        -:   48: * ====================================================================
        -:   49: *
        -:   50: * This product includes cryptographic software written by Eric Young
        -:   51: * (eay@cryptsoft.com).  This product includes software written by Tim
        -:   52: * Hudson (tjh@cryptsoft.com).
        -:   53: *
        -:   54: */
        -:   55:
        -:   56:/* NOTE: this file was auto generated by the mkerr.pl script: any changes
        -:   57: * made to it will be overwritten when the script next updates this file,
        -:   58: * only reason strings will be preserved.
        -:   59: */
        -:   60:
        -:   61:#include <stdio.h>
        -:   62:#include <openssl/err.h>
        -:   63:#include <openssl/ocsp.h>
        -:   64:
        -:   65:/* BEGIN ERROR CODES */
        -:   66:#ifndef OPENSSL_NO_ERR
        -:   67:
        -:   68:#define ERR_FUNC(func) ERR_PACK(ERR_LIB_OCSP,func,0)
        -:   69:#define ERR_REASON(reason) ERR_PACK(ERR_LIB_OCSP,0,reason)
        -:   70:
        -:   71:static ERR_STRING_DATA OCSP_str_functs[]=
        -:   72:	{
        -:   73:{ERR_FUNC(OCSP_F_ASN1_STRING_ENCODE),	"ASN1_STRING_encode"},
        -:   74:{ERR_FUNC(OCSP_F_D2I_OCSP_NONCE),	"D2I_OCSP_NONCE"},
        -:   75:{ERR_FUNC(OCSP_F_OCSP_BASIC_ADD1_STATUS),	"OCSP_basic_add1_status"},
        -:   76:{ERR_FUNC(OCSP_F_OCSP_BASIC_SIGN),	"OCSP_basic_sign"},
        -:   77:{ERR_FUNC(OCSP_F_OCSP_BASIC_VERIFY),	"OCSP_basic_verify"},
        -:   78:{ERR_FUNC(OCSP_F_OCSP_CERT_ID_NEW),	"OCSP_cert_id_new"},
        -:   79:{ERR_FUNC(OCSP_F_OCSP_CHECK_DELEGATED),	"OCSP_CHECK_DELEGATED"},
        -:   80:{ERR_FUNC(OCSP_F_OCSP_CHECK_IDS),	"OCSP_CHECK_IDS"},
        -:   81:{ERR_FUNC(OCSP_F_OCSP_CHECK_ISSUER),	"OCSP_CHECK_ISSUER"},
        -:   82:{ERR_FUNC(OCSP_F_OCSP_CHECK_VALIDITY),	"OCSP_check_validity"},
        -:   83:{ERR_FUNC(OCSP_F_OCSP_MATCH_ISSUERID),	"OCSP_MATCH_ISSUERID"},
        -:   84:{ERR_FUNC(OCSP_F_OCSP_PARSE_URL),	"OCSP_parse_url"},
        -:   85:{ERR_FUNC(OCSP_F_OCSP_REQUEST_SIGN),	"OCSP_request_sign"},
        -:   86:{ERR_FUNC(OCSP_F_OCSP_REQUEST_VERIFY),	"OCSP_request_verify"},
        -:   87:{ERR_FUNC(OCSP_F_OCSP_RESPONSE_GET1_BASIC),	"OCSP_response_get1_basic"},
        -:   88:{ERR_FUNC(OCSP_F_OCSP_SENDREQ_BIO),	"OCSP_sendreq_bio"},
        -:   89:{ERR_FUNC(OCSP_F_OCSP_SENDREQ_NBIO),	"OCSP_sendreq_nbio"},
        -:   90:{ERR_FUNC(OCSP_F_PARSE_HTTP_LINE1),	"PARSE_HTTP_LINE1"},
        -:   91:{ERR_FUNC(OCSP_F_REQUEST_VERIFY),	"REQUEST_VERIFY"},
        -:   92:{0,NULL}
        -:   93:	};
        -:   94:
        -:   95:static ERR_STRING_DATA OCSP_str_reasons[]=
        -:   96:	{
        -:   97:{ERR_REASON(OCSP_R_BAD_DATA)             ,"bad data"},
        -:   98:{ERR_REASON(OCSP_R_CERTIFICATE_VERIFY_ERROR),"certificate verify error"},
        -:   99:{ERR_REASON(OCSP_R_DIGEST_ERR)           ,"digest err"},
        -:  100:{ERR_REASON(OCSP_R_ERROR_IN_NEXTUPDATE_FIELD),"error in nextupdate field"},
        -:  101:{ERR_REASON(OCSP_R_ERROR_IN_THISUPDATE_FIELD),"error in thisupdate field"},
        -:  102:{ERR_REASON(OCSP_R_ERROR_PARSING_URL)    ,"error parsing url"},
        -:  103:{ERR_REASON(OCSP_R_MISSING_OCSPSIGNING_USAGE),"missing ocspsigning usage"},
        -:  104:{ERR_REASON(OCSP_R_NEXTUPDATE_BEFORE_THISUPDATE),"nextupdate before thisupdate"},
        -:  105:{ERR_REASON(OCSP_R_NOT_BASIC_RESPONSE)   ,"not basic response"},
        -:  106:{ERR_REASON(OCSP_R_NO_CERTIFICATES_IN_CHAIN),"no certificates in chain"},
        -:  107:{ERR_REASON(OCSP_R_NO_CONTENT)           ,"no content"},
        -:  108:{ERR_REASON(OCSP_R_NO_PUBLIC_KEY)        ,"no public key"},
        -:  109:{ERR_REASON(OCSP_R_NO_RESPONSE_DATA)     ,"no response data"},
        -:  110:{ERR_REASON(OCSP_R_NO_REVOKED_TIME)      ,"no revoked time"},
        -:  111:{ERR_REASON(OCSP_R_PRIVATE_KEY_DOES_NOT_MATCH_CERTIFICATE),"private key does not match certificate"},
        -:  112:{ERR_REASON(OCSP_R_REQUEST_NOT_SIGNED)   ,"request not signed"},
        -:  113:{ERR_REASON(OCSP_R_RESPONSE_CONTAINS_NO_REVOCATION_DATA),"response contains no revocation data"},
        -:  114:{ERR_REASON(OCSP_R_ROOT_CA_NOT_TRUSTED)  ,"root ca not trusted"},
        -:  115:{ERR_REASON(OCSP_R_SERVER_READ_ERROR)    ,"server read error"},
        -:  116:{ERR_REASON(OCSP_R_SERVER_RESPONSE_ERROR),"server response error"},
        -:  117:{ERR_REASON(OCSP_R_SERVER_RESPONSE_PARSE_ERROR),"server response parse error"},
        -:  118:{ERR_REASON(OCSP_R_SERVER_WRITE_ERROR)   ,"server write error"},
        -:  119:{ERR_REASON(OCSP_R_SIGNATURE_FAILURE)    ,"signature failure"},
        -:  120:{ERR_REASON(OCSP_R_SIGNER_CERTIFICATE_NOT_FOUND),"signer certificate not found"},
        -:  121:{ERR_REASON(OCSP_R_STATUS_EXPIRED)       ,"status expired"},
        -:  122:{ERR_REASON(OCSP_R_STATUS_NOT_YET_VALID) ,"status not yet valid"},
        -:  123:{ERR_REASON(OCSP_R_STATUS_TOO_OLD)       ,"status too old"},
        -:  124:{ERR_REASON(OCSP_R_UNKNOWN_MESSAGE_DIGEST),"unknown message digest"},
        -:  125:{ERR_REASON(OCSP_R_UNKNOWN_NID)          ,"unknown nid"},
        -:  126:{ERR_REASON(OCSP_R_UNSUPPORTED_REQUESTORNAME_TYPE),"unsupported requestorname type"},
        -:  127:{0,NULL}
        -:  128:	};
        -:  129:
        -:  130:#endif
        -:  131:
    20000:  132:void ERR_load_OCSP_strings(void)
        -:  133:	{
        -:  134:#ifndef OPENSSL_NO_ERR
        -:  135:
    20000:  136:	if (ERR_func_error_string(OCSP_str_functs[0].error) == NULL)
        -:  137:		{
    10000:  138:		ERR_load_strings(0,OCSP_str_functs);
    10000:  139:		ERR_load_strings(0,OCSP_str_reasons);
        -:  140:		}
        -:  141:#endif
    20000:  142:	}
