        -:    0:Source:p12_asn.c
        -:    0:Graph:p12_asn.gcno
        -:    0:Data:p12_asn.gcda
        -:    0:Runs:10000
        -:    0:Programs:1
        -:    1:/* p12_asn.c */
        -:    2:/* Written by Dr Stephen N Henson (steve@openssl.org) for the OpenSSL
        -:    3: * project 1999.
        -:    4: */
        -:    5:/* ====================================================================
        -:    6: * Copyright (c) 1999 The OpenSSL Project.  All rights reserved.
        -:    7: *
        -:    8: * Redistribution and use in source and binary forms, with or without
        -:    9: * modification, are permitted provided that the following conditions
        -:   10: * are met:
        -:   11: *
        -:   12: * 1. Redistributions of source code must retain the above copyright
        -:   13: *    notice, this list of conditions and the following disclaimer. 
        -:   14: *
        -:   15: * 2. Redistributions in binary form must reproduce the above copyright
        -:   16: *    notice, this list of conditions and the following disclaimer in
        -:   17: *    the documentation and/or other materials provided with the
        -:   18: *    distribution.
        -:   19: *
        -:   20: * 3. All advertising materials mentioning features or use of this
        -:   21: *    software must display the following acknowledgment:
        -:   22: *    "This product includes software developed by the OpenSSL Project
        -:   23: *    for use in the OpenSSL Toolkit. (http://www.OpenSSL.org/)"
        -:   24: *
        -:   25: * 4. The names "OpenSSL Toolkit" and "OpenSSL Project" must not be used to
        -:   26: *    endorse or promote products derived from this software without
        -:   27: *    prior written permission. For written permission, please contact
        -:   28: *    licensing@OpenSSL.org.
        -:   29: *
        -:   30: * 5. Products derived from this software may not be called "OpenSSL"
        -:   31: *    nor may "OpenSSL" appear in their names without prior written
        -:   32: *    permission of the OpenSSL Project.
        -:   33: *
        -:   34: * 6. Redistributions of any form whatsoever must retain the following
        -:   35: *    acknowledgment:
        -:   36: *    "This product includes software developed by the OpenSSL Project
        -:   37: *    for use in the OpenSSL Toolkit (http://www.OpenSSL.org/)"
        -:   38: *
        -:   39: * THIS SOFTWARE IS PROVIDED BY THE OpenSSL PROJECT ``AS IS'' AND ANY
        -:   40: * EXPRESSED OR IMPLIED WARRANTIES, INCLUDING, BUT NOT LIMITED TO, THE
        -:   41: * IMPLIED WARRANTIES OF MERCHANTABILITY AND FITNESS FOR A PARTICULAR
        -:   42: * PURPOSE ARE DISCLAIMED.  IN NO EVENT SHALL THE OpenSSL PROJECT OR
        -:   43: * ITS CONTRIBUTORS BE LIABLE FOR ANY DIRECT, INDIRECT, INCIDENTAL,
        -:   44: * SPECIAL, EXEMPLARY, OR CONSEQUENTIAL DAMAGES (INCLUDING, BUT
        -:   45: * NOT LIMITED TO, PROCUREMENT OF SUBSTITUTE GOODS OR SERVICES;
        -:   46: * LOSS OF USE, DATA, OR PROFITS; OR BUSINESS INTERRUPTION)
        -:   47: * HOWEVER CAUSED AND ON ANY THEORY OF LIABILITY, WHETHER IN CONTRACT,
        -:   48: * STRICT LIABILITY, OR TORT (INCLUDING NEGLIGENCE OR OTHERWISE)
        -:   49: * ARISING IN ANY WAY OUT OF THE USE OF THIS SOFTWARE, EVEN IF ADVISED
        -:   50: * OF THE POSSIBILITY OF SUCH DAMAGE.
        -:   51: * ====================================================================
        -:   52: *
        -:   53: * This product includes cryptographic software written by Eric Young
        -:   54: * (eay@cryptsoft.com).  This product includes software written by Tim
        -:   55: * Hudson (tjh@cryptsoft.com).
        -:   56: *
        -:   57: */
        -:   58:
        -:   59:#include <stdio.h>
        -:   60:#include "cryptlib.h"
        -:   61:#include <openssl/asn1t.h>
        -:   62:#include <openssl/pkcs12.h>
        -:   63:
        -:   64:/* PKCS#12 ASN1 module */
        -:   65:
        -:   66:ASN1_SEQUENCE(PKCS12) = {
        -:   67:	ASN1_SIMPLE(PKCS12, version, ASN1_INTEGER),
        -:   68:	ASN1_SIMPLE(PKCS12, authsafes, PKCS7),
        -:   69:	ASN1_OPT(PKCS12, mac, PKCS12_MAC_DATA)
        -:   70:} ASN1_SEQUENCE_END(PKCS12)
        -:   71:
    #####:   72:IMPLEMENT_ASN1_FUNCTIONS(PKCS12)
        -:   73:
        -:   74:ASN1_SEQUENCE(PKCS12_MAC_DATA) = {
        -:   75:	ASN1_SIMPLE(PKCS12_MAC_DATA, dinfo, X509_SIG),
        -:   76:	ASN1_SIMPLE(PKCS12_MAC_DATA, salt, ASN1_OCTET_STRING),
        -:   77:	ASN1_OPT(PKCS12_MAC_DATA, iter, ASN1_INTEGER)
        -:   78:} ASN1_SEQUENCE_END(PKCS12_MAC_DATA)
        -:   79:
    #####:   80:IMPLEMENT_ASN1_FUNCTIONS(PKCS12_MAC_DATA)
        -:   81:
        -:   82:ASN1_ADB_TEMPLATE(bag_default) = ASN1_EXP(PKCS12_BAGS, value.other, ASN1_ANY, 0);
        -:   83:
        -:   84:ASN1_ADB(PKCS12_BAGS) = {
        -:   85:	ADB_ENTRY(NID_x509Certificate, ASN1_EXP(PKCS12_BAGS, value.x509cert, ASN1_OCTET_STRING, 0)),
        -:   86:	ADB_ENTRY(NID_x509Crl, ASN1_EXP(PKCS12_BAGS, value.x509crl, ASN1_OCTET_STRING, 0)),
        -:   87:	ADB_ENTRY(NID_sdsiCertificate, ASN1_EXP(PKCS12_BAGS, value.sdsicert, ASN1_IA5STRING, 0)),
        -:   88:} ASN1_ADB_END(PKCS12_BAGS, 0, type, 0, &bag_default_tt, NULL);
        -:   89:
        -:   90:ASN1_SEQUENCE(PKCS12_BAGS) = {
        -:   91:	ASN1_SIMPLE(PKCS12_BAGS, type, ASN1_OBJECT),
        -:   92:	ASN1_ADB_OBJECT(PKCS12_BAGS),
        -:   93:} ASN1_SEQUENCE_END(PKCS12_BAGS)
        -:   94:
    #####:   95:IMPLEMENT_ASN1_FUNCTIONS(PKCS12_BAGS)
        -:   96:
        -:   97:ASN1_ADB_TEMPLATE(safebag_default) = ASN1_EXP(PKCS12_SAFEBAG, value.other, ASN1_ANY, 0);
        -:   98:
        -:   99:ASN1_ADB(PKCS12_SAFEBAG) = {
        -:  100:	ADB_ENTRY(NID_keyBag, ASN1_EXP(PKCS12_SAFEBAG, value.keybag, PKCS8_PRIV_KEY_INFO, 0)),
        -:  101:	ADB_ENTRY(NID_pkcs8ShroudedKeyBag, ASN1_EXP(PKCS12_SAFEBAG, value.shkeybag, X509_SIG, 0)),
        -:  102:	ADB_ENTRY(NID_safeContentsBag, ASN1_EXP_SET_OF(PKCS12_SAFEBAG, value.safes, PKCS12_SAFEBAG, 0)),
        -:  103:	ADB_ENTRY(NID_certBag, ASN1_EXP(PKCS12_SAFEBAG, value.bag, PKCS12_BAGS, 0)),
        -:  104:	ADB_ENTRY(NID_crlBag, ASN1_EXP(PKCS12_SAFEBAG, value.bag, PKCS12_BAGS, 0)),
        -:  105:	ADB_ENTRY(NID_secretBag, ASN1_EXP(PKCS12_SAFEBAG, value.bag, PKCS12_BAGS, 0))
        -:  106:} ASN1_ADB_END(PKCS12_SAFEBAG, 0, type, 0, &safebag_default_tt, NULL);
        -:  107:
        -:  108:ASN1_SEQUENCE(PKCS12_SAFEBAG) = {
        -:  109:	ASN1_SIMPLE(PKCS12_SAFEBAG, type, ASN1_OBJECT),
        -:  110:	ASN1_ADB_OBJECT(PKCS12_SAFEBAG),
        -:  111:	ASN1_SET_OF_OPT(PKCS12_SAFEBAG, attrib, X509_ATTRIBUTE)
        -:  112:} ASN1_SEQUENCE_END(PKCS12_SAFEBAG)
        -:  113:
    #####:  114:IMPLEMENT_ASN1_FUNCTIONS(PKCS12_SAFEBAG)
        -:  115:
        -:  116:/* SEQUENCE OF SafeBag */
        -:  117:ASN1_ITEM_TEMPLATE(PKCS12_SAFEBAGS) = 
        -:  118:	ASN1_EX_TEMPLATE_TYPE(ASN1_TFLG_SEQUENCE_OF, 0, PKCS12_SAFEBAGS, PKCS12_SAFEBAG)
        -:  119:ASN1_ITEM_TEMPLATE_END(PKCS12_SAFEBAGS)
        -:  120:
        -:  121:/* Authsafes: SEQUENCE OF PKCS7 */
        -:  122:ASN1_ITEM_TEMPLATE(PKCS12_AUTHSAFES) = 
        -:  123:	ASN1_EX_TEMPLATE_TYPE(ASN1_TFLG_SEQUENCE_OF, 0, PKCS12_AUTHSAFES, PKCS7)
        -:  124:ASN1_ITEM_TEMPLATE_END(PKCS12_AUTHSAFES)
        -:  125:
