        -:    0:Source:pk12err.c
        -:    0:Graph:pk12err.gcno
        -:    0:Data:pk12err.gcda
        -:    0:Runs:10000
        -:    0:Programs:1
        -:    1:/* crypto/pkcs12/pk12err.c */
        -:    2:/* ====================================================================
        -:    3: * Copyright (c) 1999-2006 The OpenSSL Project.  All rights reserved.
        -:    4: *
        -:    5: * Redistribution and use in source and binary forms, with or without
        -:    6: * modification, are permitted provided that the following conditions
        -:    7: * are met:
        -:    8: *
        -:    9: * 1. Redistributions of source code must retain the above copyright
        -:   10: *    notice, this list of conditions and the following disclaimer. 
        -:   11: *
        -:   12: * 2. Redistributions in binary form must reproduce the above copyright
        -:   13: *    notice, this list of conditions and the following disclaimer in
        -:   14: *    the documentation and/or other materials provided with the
        -:   15: *    distribution.
        -:   16: *
        -:   17: * 3. All advertising materials mentioning features or use of this
        -:   18: *    software must display the following acknowledgment:
        -:   19: *    "This product includes software developed by the OpenSSL Project
        -:   20: *    for use in the OpenSSL Toolkit. (http://www.OpenSSL.org/)"
        -:   21: *
        -:   22: * 4. The names "OpenSSL Toolkit" and "OpenSSL Project" must not be used to
        -:   23: *    endorse or promote products derived from this software without
        -:   24: *    prior written permission. For written permission, please contact
        -:   25: *    openssl-core@OpenSSL.org.
        -:   26: *
        -:   27: * 5. Products derived from this software may not be called "OpenSSL"
        -:   28: *    nor may "OpenSSL" appear in their names without prior written
        -:   29: *    permission of the OpenSSL Project.
        -:   30: *
        -:   31: * 6. Redistributions of any form whatsoever must retain the following
        -:   32: *    acknowledgment:
        -:   33: *    "This product includes software developed by the OpenSSL Project
        -:   34: *    for use in the OpenSSL Toolkit (http://www.OpenSSL.org/)"
        -:   35: *
        -:   36: * THIS SOFTWARE IS PROVIDED BY THE OpenSSL PROJECT ``AS IS'' AND ANY
        -:   37: * EXPRESSED OR IMPLIED WARRANTIES, INCLUDING, BUT NOT LIMITED TO, THE
        -:   38: * IMPLIED WARRANTIES OF MERCHANTABILITY AND FITNESS FOR A PARTICULAR
        -:   39: * PURPOSE ARE DISCLAIMED.  IN NO EVENT SHALL THE OpenSSL PROJECT OR
        -:   40: * ITS CONTRIBUTORS BE LIABLE FOR ANY DIRECT, INDIRECT, INCIDENTAL,
        -:   41: * SPECIAL, EXEMPLARY, OR CONSEQUENTIAL DAMAGES (INCLUDING, BUT
        -:   42: * NOT LIMITED TO, PROCUREMENT OF SUBSTITUTE GOODS OR SERVICES;
        -:   43: * LOSS OF USE, DATA, OR PROFITS; OR BUSINESS INTERRUPTION)
        -:   44: * HOWEVER CAUSED AND ON ANY THEORY OF LIABILITY, WHETHER IN CONTRACT,
        -:   45: * STRICT LIABILITY, OR TORT (INCLUDING NEGLIGENCE OR OTHERWISE)
        -:   46: * ARISING IN ANY WAY OUT OF THE USE OF THIS SOFTWARE, EVEN IF ADVISED
        -:   47: * OF THE POSSIBILITY OF SUCH DAMAGE.
        -:   48: * ====================================================================
        -:   49: *
        -:   50: * This product includes cryptographic software written by Eric Young
        -:   51: * (eay@cryptsoft.com).  This product includes software written by Tim
        -:   52: * Hudson (tjh@cryptsoft.com).
        -:   53: *
        -:   54: */
        -:   55:
        -:   56:/* NOTE: this file was auto generated by the mkerr.pl script: any changes
        -:   57: * made to it will be overwritten when the script next updates this file,
        -:   58: * only reason strings will be preserved.
        -:   59: */
        -:   60:
        -:   61:#include <stdio.h>
        -:   62:#include <openssl/err.h>
        -:   63:#include <openssl/pkcs12.h>
        -:   64:
        -:   65:/* BEGIN ERROR CODES */
        -:   66:#ifndef OPENSSL_NO_ERR
        -:   67:
        -:   68:#define ERR_FUNC(func) ERR_PACK(ERR_LIB_PKCS12,func,0)
        -:   69:#define ERR_REASON(reason) ERR_PACK(ERR_LIB_PKCS12,0,reason)
        -:   70:
        -:   71:static ERR_STRING_DATA PKCS12_str_functs[]=
        -:   72:	{
        -:   73:{ERR_FUNC(PKCS12_F_PARSE_BAG),	"PARSE_BAG"},
        -:   74:{ERR_FUNC(PKCS12_F_PARSE_BAGS),	"PARSE_BAGS"},
        -:   75:{ERR_FUNC(PKCS12_F_PKCS12_ADD_FRIENDLYNAME),	"PKCS12_ADD_FRIENDLYNAME"},
        -:   76:{ERR_FUNC(PKCS12_F_PKCS12_ADD_FRIENDLYNAME_ASC),	"PKCS12_add_friendlyname_asc"},
        -:   77:{ERR_FUNC(PKCS12_F_PKCS12_ADD_FRIENDLYNAME_UNI),	"PKCS12_add_friendlyname_uni"},
        -:   78:{ERR_FUNC(PKCS12_F_PKCS12_ADD_LOCALKEYID),	"PKCS12_add_localkeyid"},
        -:   79:{ERR_FUNC(PKCS12_F_PKCS12_CREATE),	"PKCS12_create"},
        -:   80:{ERR_FUNC(PKCS12_F_PKCS12_GEN_MAC),	"PKCS12_gen_mac"},
        -:   81:{ERR_FUNC(PKCS12_F_PKCS12_INIT),	"PKCS12_init"},
        -:   82:{ERR_FUNC(PKCS12_F_PKCS12_ITEM_DECRYPT_D2I),	"PKCS12_item_decrypt_d2i"},
        -:   83:{ERR_FUNC(PKCS12_F_PKCS12_ITEM_I2D_ENCRYPT),	"PKCS12_item_i2d_encrypt"},
        -:   84:{ERR_FUNC(PKCS12_F_PKCS12_ITEM_PACK_SAFEBAG),	"PKCS12_item_pack_safebag"},
        -:   85:{ERR_FUNC(PKCS12_F_PKCS12_KEY_GEN_ASC),	"PKCS12_key_gen_asc"},
        -:   86:{ERR_FUNC(PKCS12_F_PKCS12_KEY_GEN_UNI),	"PKCS12_key_gen_uni"},
        -:   87:{ERR_FUNC(PKCS12_F_PKCS12_MAKE_KEYBAG),	"PKCS12_MAKE_KEYBAG"},
        -:   88:{ERR_FUNC(PKCS12_F_PKCS12_MAKE_SHKEYBAG),	"PKCS12_MAKE_SHKEYBAG"},
        -:   89:{ERR_FUNC(PKCS12_F_PKCS12_NEWPASS),	"PKCS12_newpass"},
        -:   90:{ERR_FUNC(PKCS12_F_PKCS12_PACK_P7DATA),	"PKCS12_pack_p7data"},
        -:   91:{ERR_FUNC(PKCS12_F_PKCS12_PACK_P7ENCDATA),	"PKCS12_pack_p7encdata"},
        -:   92:{ERR_FUNC(PKCS12_F_PKCS12_PARSE),	"PKCS12_parse"},
        -:   93:{ERR_FUNC(PKCS12_F_PKCS12_PBE_CRYPT),	"PKCS12_pbe_crypt"},
        -:   94:{ERR_FUNC(PKCS12_F_PKCS12_PBE_KEYIVGEN),	"PKCS12_PBE_keyivgen"},
        -:   95:{ERR_FUNC(PKCS12_F_PKCS12_SETUP_MAC),	"PKCS12_setup_mac"},
        -:   96:{ERR_FUNC(PKCS12_F_PKCS12_SET_MAC),	"PKCS12_set_mac"},
        -:   97:{ERR_FUNC(PKCS12_F_PKCS12_UNPACK_AUTHSAFES),	"PKCS12_unpack_authsafes"},
        -:   98:{ERR_FUNC(PKCS12_F_PKCS12_UNPACK_P7DATA),	"PKCS12_unpack_p7data"},
        -:   99:{ERR_FUNC(PKCS12_F_PKCS12_VERIFY_MAC),	"PKCS12_verify_mac"},
        -:  100:{ERR_FUNC(PKCS12_F_PKCS8_ADD_KEYUSAGE),	"PKCS8_add_keyusage"},
        -:  101:{ERR_FUNC(PKCS12_F_PKCS8_ENCRYPT),	"PKCS8_encrypt"},
        -:  102:{0,NULL}
        -:  103:	};
        -:  104:
        -:  105:static ERR_STRING_DATA PKCS12_str_reasons[]=
        -:  106:	{
        -:  107:{ERR_REASON(PKCS12_R_CANT_PACK_STRUCTURE),"cant pack structure"},
        -:  108:{ERR_REASON(PKCS12_R_CONTENT_TYPE_NOT_DATA),"content type not data"},
        -:  109:{ERR_REASON(PKCS12_R_DECODE_ERROR)       ,"decode error"},
        -:  110:{ERR_REASON(PKCS12_R_ENCODE_ERROR)       ,"encode error"},
        -:  111:{ERR_REASON(PKCS12_R_ENCRYPT_ERROR)      ,"encrypt error"},
        -:  112:{ERR_REASON(PKCS12_R_ERROR_SETTING_ENCRYPTED_DATA_TYPE),"error setting encrypted data type"},
        -:  113:{ERR_REASON(PKCS12_R_INVALID_NULL_ARGUMENT),"invalid null argument"},
        -:  114:{ERR_REASON(PKCS12_R_INVALID_NULL_PKCS12_POINTER),"invalid null pkcs12 pointer"},
        -:  115:{ERR_REASON(PKCS12_R_IV_GEN_ERROR)       ,"iv gen error"},
        -:  116:{ERR_REASON(PKCS12_R_KEY_GEN_ERROR)      ,"key gen error"},
        -:  117:{ERR_REASON(PKCS12_R_MAC_ABSENT)         ,"mac absent"},
        -:  118:{ERR_REASON(PKCS12_R_MAC_GENERATION_ERROR),"mac generation error"},
        -:  119:{ERR_REASON(PKCS12_R_MAC_SETUP_ERROR)    ,"mac setup error"},
        -:  120:{ERR_REASON(PKCS12_R_MAC_STRING_SET_ERROR),"mac string set error"},
        -:  121:{ERR_REASON(PKCS12_R_MAC_VERIFY_ERROR)   ,"mac verify error"},
        -:  122:{ERR_REASON(PKCS12_R_MAC_VERIFY_FAILURE) ,"mac verify failure"},
        -:  123:{ERR_REASON(PKCS12_R_PARSE_ERROR)        ,"parse error"},
        -:  124:{ERR_REASON(PKCS12_R_PKCS12_ALGOR_CIPHERINIT_ERROR),"pkcs12 algor cipherinit error"},
        -:  125:{ERR_REASON(PKCS12_R_PKCS12_CIPHERFINAL_ERROR),"pkcs12 cipherfinal error"},
        -:  126:{ERR_REASON(PKCS12_R_PKCS12_PBE_CRYPT_ERROR),"pkcs12 pbe crypt error"},
        -:  127:{ERR_REASON(PKCS12_R_UNKNOWN_DIGEST_ALGORITHM),"unknown digest algorithm"},
        -:  128:{ERR_REASON(PKCS12_R_UNSUPPORTED_PKCS12_MODE),"unsupported pkcs12 mode"},
        -:  129:{0,NULL}
        -:  130:	};
        -:  131:
        -:  132:#endif
        -:  133:
    20000:  134:void ERR_load_PKCS12_strings(void)
        -:  135:	{
        -:  136:#ifndef OPENSSL_NO_ERR
        -:  137:
    20000:  138:	if (ERR_func_error_string(PKCS12_str_functs[0].error) == NULL)
        -:  139:		{
    10000:  140:		ERR_load_strings(0,PKCS12_str_functs);
    10000:  141:		ERR_load_strings(0,PKCS12_str_reasons);
        -:  142:		}
        -:  143:#endif
    20000:  144:	}
