        -:    0:Source:comp_err.c
        -:    0:Graph:comp_err.gcno
        -:    0:Data:comp_err.gcda
        -:    0:Runs:10000
        -:    0:Programs:1
        -:    1:/* crypto/comp/comp_err.c */
        -:    2:/* ====================================================================
        -:    3: * Copyright (c) 1999-2007 The OpenSSL Project.  All rights reserved.
        -:    4: *
        -:    5: * Redistribution and use in source and binary forms, with or without
        -:    6: * modification, are permitted provided that the following conditions
        -:    7: * are met:
        -:    8: *
        -:    9: * 1. Redistributions of source code must retain the above copyright
        -:   10: *    notice, this list of conditions and the following disclaimer. 
        -:   11: *
        -:   12: * 2. Redistributions in binary form must reproduce the above copyright
        -:   13: *    notice, this list of conditions and the following disclaimer in
        -:   14: *    the documentation and/or other materials provided with the
        -:   15: *    distribution.
        -:   16: *
        -:   17: * 3. All advertising materials mentioning features or use of this
        -:   18: *    software must display the following acknowledgment:
        -:   19: *    "This product includes software developed by the OpenSSL Project
        -:   20: *    for use in the OpenSSL Toolkit. (http://www.OpenSSL.org/)"
        -:   21: *
        -:   22: * 4. The names "OpenSSL Toolkit" and "OpenSSL Project" must not be used to
        -:   23: *    endorse or promote products derived from this software without
        -:   24: *    prior written permission. For written permission, please contact
        -:   25: *    openssl-core@OpenSSL.org.
        -:   26: *
        -:   27: * 5. Products derived from this software may not be called "OpenSSL"
        -:   28: *    nor may "OpenSSL" appear in their names without prior written
        -:   29: *    permission of the OpenSSL Project.
        -:   30: *
        -:   31: * 6. Redistributions of any form whatsoever must retain the following
        -:   32: *    acknowledgment:
        -:   33: *    "This product includes software developed by the OpenSSL Project
        -:   34: *    for use in the OpenSSL Toolkit (http://www.OpenSSL.org/)"
        -:   35: *
        -:   36: * THIS SOFTWARE IS PROVIDED BY THE OpenSSL PROJECT ``AS IS'' AND ANY
        -:   37: * EXPRESSED OR IMPLIED WARRANTIES, INCLUDING, BUT NOT LIMITED TO, THE
        -:   38: * IMPLIED WARRANTIES OF MERCHANTABILITY AND FITNESS FOR A PARTICULAR
        -:   39: * PURPOSE ARE DISCLAIMED.  IN NO EVENT SHALL THE OpenSSL PROJECT OR
        -:   40: * ITS CONTRIBUTORS BE LIABLE FOR ANY DIRECT, INDIRECT, INCIDENTAL,
        -:   41: * SPECIAL, EXEMPLARY, OR CONSEQUENTIAL DAMAGES (INCLUDING, BUT
        -:   42: * NOT LIMITED TO, PROCUREMENT OF SUBSTITUTE GOODS OR SERVICES;
        -:   43: * LOSS OF USE, DATA, OR PROFITS; OR BUSINESS INTERRUPTION)
        -:   44: * HOWEVER CAUSED AND ON ANY THEORY OF LIABILITY, WHETHER IN CONTRACT,
        -:   45: * STRICT LIABILITY, OR TORT (INCLUDING NEGLIGENCE OR OTHERWISE)
        -:   46: * ARISING IN ANY WAY OUT OF THE USE OF THIS SOFTWARE, EVEN IF ADVISED
        -:   47: * OF THE POSSIBILITY OF SUCH DAMAGE.
        -:   48: * ====================================================================
        -:   49: *
        -:   50: * This product includes cryptographic software written by Eric Young
        -:   51: * (eay@cryptsoft.com).  This product includes software written by Tim
        -:   52: * Hudson (tjh@cryptsoft.com).
        -:   53: *
        -:   54: */
        -:   55:
        -:   56:/* NOTE: this file was auto generated by the mkerr.pl script: any changes
        -:   57: * made to it will be overwritten when the script next updates this file,
        -:   58: * only reason strings will be preserved.
        -:   59: */
        -:   60:
        -:   61:#include <stdio.h>
        -:   62:#include <openssl/err.h>
        -:   63:#include <openssl/comp.h>
        -:   64:
        -:   65:/* BEGIN ERROR CODES */
        -:   66:#ifndef OPENSSL_NO_ERR
        -:   67:
        -:   68:#define ERR_FUNC(func) ERR_PACK(ERR_LIB_COMP,func,0)
        -:   69:#define ERR_REASON(reason) ERR_PACK(ERR_LIB_COMP,0,reason)
        -:   70:
        -:   71:static ERR_STRING_DATA COMP_str_functs[]=
        -:   72:	{
        -:   73:{ERR_FUNC(COMP_F_BIO_ZLIB_FLUSH),	"BIO_ZLIB_FLUSH"},
        -:   74:{ERR_FUNC(COMP_F_BIO_ZLIB_NEW),	"BIO_ZLIB_NEW"},
        -:   75:{ERR_FUNC(COMP_F_BIO_ZLIB_READ),	"BIO_ZLIB_READ"},
        -:   76:{ERR_FUNC(COMP_F_BIO_ZLIB_WRITE),	"BIO_ZLIB_WRITE"},
        -:   77:{0,NULL}
        -:   78:	};
        -:   79:
        -:   80:static ERR_STRING_DATA COMP_str_reasons[]=
        -:   81:	{
        -:   82:{ERR_REASON(COMP_R_ZLIB_DEFLATE_ERROR)   ,"zlib deflate error"},
        -:   83:{ERR_REASON(COMP_R_ZLIB_INFLATE_ERROR)   ,"zlib inflate error"},
        -:   84:{ERR_REASON(COMP_R_ZLIB_NOT_SUPPORTED)   ,"zlib not supported"},
        -:   85:{0,NULL}
        -:   86:	};
        -:   87:
        -:   88:#endif
        -:   89:
    20000:   90:void ERR_load_COMP_strings(void)
        -:   91:	{
        -:   92:#ifndef OPENSSL_NO_ERR
        -:   93:
    20000:   94:	if (ERR_func_error_string(COMP_str_functs[0].error) == NULL)
        -:   95:		{
    10000:   96:		ERR_load_strings(0,COMP_str_functs);
    10000:   97:		ERR_load_strings(0,COMP_str_reasons);
        -:   98:		}
        -:   99:#endif
    20000:  100:	}
