        -:    0:Source:bio_err.c
        -:    0:Graph:bio_err.gcno
        -:    0:Data:bio_err.gcda
        -:    0:Runs:10000
        -:    0:Programs:1
        -:    1:/* crypto/bio/bio_err.c */
        -:    2:/* ====================================================================
        -:    3: * Copyright (c) 1999-2011 The OpenSSL Project.  All rights reserved.
        -:    4: *
        -:    5: * Redistribution and use in source and binary forms, with or without
        -:    6: * modification, are permitted provided that the following conditions
        -:    7: * are met:
        -:    8: *
        -:    9: * 1. Redistributions of source code must retain the above copyright
        -:   10: *    notice, this list of conditions and the following disclaimer. 
        -:   11: *
        -:   12: * 2. Redistributions in binary form must reproduce the above copyright
        -:   13: *    notice, this list of conditions and the following disclaimer in
        -:   14: *    the documentation and/or other materials provided with the
        -:   15: *    distribution.
        -:   16: *
        -:   17: * 3. All advertising materials mentioning features or use of this
        -:   18: *    software must display the following acknowledgment:
        -:   19: *    "This product includes software developed by the OpenSSL Project
        -:   20: *    for use in the OpenSSL Toolkit. (http://www.OpenSSL.org/)"
        -:   21: *
        -:   22: * 4. The names "OpenSSL Toolkit" and "OpenSSL Project" must not be used to
        -:   23: *    endorse or promote products derived from this software without
        -:   24: *    prior written permission. For written permission, please contact
        -:   25: *    openssl-core@OpenSSL.org.
        -:   26: *
        -:   27: * 5. Products derived from this software may not be called "OpenSSL"
        -:   28: *    nor may "OpenSSL" appear in their names without prior written
        -:   29: *    permission of the OpenSSL Project.
        -:   30: *
        -:   31: * 6. Redistributions of any form whatsoever must retain the following
        -:   32: *    acknowledgment:
        -:   33: *    "This product includes software developed by the OpenSSL Project
        -:   34: *    for use in the OpenSSL Toolkit (http://www.OpenSSL.org/)"
        -:   35: *
        -:   36: * THIS SOFTWARE IS PROVIDED BY THE OpenSSL PROJECT ``AS IS'' AND ANY
        -:   37: * EXPRESSED OR IMPLIED WARRANTIES, INCLUDING, BUT NOT LIMITED TO, THE
        -:   38: * IMPLIED WARRANTIES OF MERCHANTABILITY AND FITNESS FOR A PARTICULAR
        -:   39: * PURPOSE ARE DISCLAIMED.  IN NO EVENT SHALL THE OpenSSL PROJECT OR
        -:   40: * ITS CONTRIBUTORS BE LIABLE FOR ANY DIRECT, INDIRECT, INCIDENTAL,
        -:   41: * SPECIAL, EXEMPLARY, OR CONSEQUENTIAL DAMAGES (INCLUDING, BUT
        -:   42: * NOT LIMITED TO, PROCUREMENT OF SUBSTITUTE GOODS OR SERVICES;
        -:   43: * LOSS OF USE, DATA, OR PROFITS; OR BUSINESS INTERRUPTION)
        -:   44: * HOWEVER CAUSED AND ON ANY THEORY OF LIABILITY, WHETHER IN CONTRACT,
        -:   45: * STRICT LIABILITY, OR TORT (INCLUDING NEGLIGENCE OR OTHERWISE)
        -:   46: * ARISING IN ANY WAY OUT OF THE USE OF THIS SOFTWARE, EVEN IF ADVISED
        -:   47: * OF THE POSSIBILITY OF SUCH DAMAGE.
        -:   48: * ====================================================================
        -:   49: *
        -:   50: * This product includes cryptographic software written by Eric Young
        -:   51: * (eay@cryptsoft.com).  This product includes software written by Tim
        -:   52: * Hudson (tjh@cryptsoft.com).
        -:   53: *
        -:   54: */
        -:   55:
        -:   56:/* NOTE: this file was auto generated by the mkerr.pl script: any changes
        -:   57: * made to it will be overwritten when the script next updates this file,
        -:   58: * only reason strings will be preserved.
        -:   59: */
        -:   60:
        -:   61:#include <stdio.h>
        -:   62:#include <openssl/err.h>
        -:   63:#include <openssl/bio.h>
        -:   64:
        -:   65:/* BEGIN ERROR CODES */
        -:   66:#ifndef OPENSSL_NO_ERR
        -:   67:
        -:   68:#define ERR_FUNC(func) ERR_PACK(ERR_LIB_BIO,func,0)
        -:   69:#define ERR_REASON(reason) ERR_PACK(ERR_LIB_BIO,0,reason)
        -:   70:
        -:   71:static ERR_STRING_DATA BIO_str_functs[]=
        -:   72:	{
        -:   73:{ERR_FUNC(BIO_F_ACPT_STATE),	"ACPT_STATE"},
        -:   74:{ERR_FUNC(BIO_F_BIO_ACCEPT),	"BIO_accept"},
        -:   75:{ERR_FUNC(BIO_F_BIO_BER_GET_HEADER),	"BIO_BER_GET_HEADER"},
        -:   76:{ERR_FUNC(BIO_F_BIO_CALLBACK_CTRL),	"BIO_callback_ctrl"},
        -:   77:{ERR_FUNC(BIO_F_BIO_CTRL),	"BIO_ctrl"},
        -:   78:{ERR_FUNC(BIO_F_BIO_GETHOSTBYNAME),	"BIO_gethostbyname"},
        -:   79:{ERR_FUNC(BIO_F_BIO_GETS),	"BIO_gets"},
        -:   80:{ERR_FUNC(BIO_F_BIO_GET_ACCEPT_SOCKET),	"BIO_get_accept_socket"},
        -:   81:{ERR_FUNC(BIO_F_BIO_GET_HOST_IP),	"BIO_get_host_ip"},
        -:   82:{ERR_FUNC(BIO_F_BIO_GET_PORT),	"BIO_get_port"},
        -:   83:{ERR_FUNC(BIO_F_BIO_MAKE_PAIR),	"BIO_MAKE_PAIR"},
        -:   84:{ERR_FUNC(BIO_F_BIO_NEW),	"BIO_new"},
        -:   85:{ERR_FUNC(BIO_F_BIO_NEW_FILE),	"BIO_new_file"},
        -:   86:{ERR_FUNC(BIO_F_BIO_NEW_MEM_BUF),	"BIO_new_mem_buf"},
        -:   87:{ERR_FUNC(BIO_F_BIO_NREAD),	"BIO_nread"},
        -:   88:{ERR_FUNC(BIO_F_BIO_NREAD0),	"BIO_nread0"},
        -:   89:{ERR_FUNC(BIO_F_BIO_NWRITE),	"BIO_nwrite"},
        -:   90:{ERR_FUNC(BIO_F_BIO_NWRITE0),	"BIO_nwrite0"},
        -:   91:{ERR_FUNC(BIO_F_BIO_PUTS),	"BIO_puts"},
        -:   92:{ERR_FUNC(BIO_F_BIO_READ),	"BIO_read"},
        -:   93:{ERR_FUNC(BIO_F_BIO_SOCK_INIT),	"BIO_sock_init"},
        -:   94:{ERR_FUNC(BIO_F_BIO_WRITE),	"BIO_write"},
        -:   95:{ERR_FUNC(BIO_F_BUFFER_CTRL),	"BUFFER_CTRL"},
        -:   96:{ERR_FUNC(BIO_F_CONN_CTRL),	"CONN_CTRL"},
        -:   97:{ERR_FUNC(BIO_F_CONN_STATE),	"CONN_STATE"},
        -:   98:{ERR_FUNC(BIO_F_DGRAM_SCTP_READ),	"DGRAM_SCTP_READ"},
        -:   99:{ERR_FUNC(BIO_F_FILE_CTRL),	"FILE_CTRL"},
        -:  100:{ERR_FUNC(BIO_F_FILE_READ),	"FILE_READ"},
        -:  101:{ERR_FUNC(BIO_F_LINEBUFFER_CTRL),	"LINEBUFFER_CTRL"},
        -:  102:{ERR_FUNC(BIO_F_MEM_READ),	"MEM_READ"},
        -:  103:{ERR_FUNC(BIO_F_MEM_WRITE),	"MEM_WRITE"},
        -:  104:{ERR_FUNC(BIO_F_SSL_NEW),	"SSL_new"},
        -:  105:{ERR_FUNC(BIO_F_WSASTARTUP),	"WSASTARTUP"},
        -:  106:{0,NULL}
        -:  107:	};
        -:  108:
        -:  109:static ERR_STRING_DATA BIO_str_reasons[]=
        -:  110:	{
        -:  111:{ERR_REASON(BIO_R_ACCEPT_ERROR)          ,"accept error"},
        -:  112:{ERR_REASON(BIO_R_BAD_FOPEN_MODE)        ,"bad fopen mode"},
        -:  113:{ERR_REASON(BIO_R_BAD_HOSTNAME_LOOKUP)   ,"bad hostname lookup"},
        -:  114:{ERR_REASON(BIO_R_BROKEN_PIPE)           ,"broken pipe"},
        -:  115:{ERR_REASON(BIO_R_CONNECT_ERROR)         ,"connect error"},
        -:  116:{ERR_REASON(BIO_R_EOF_ON_MEMORY_BIO)     ,"EOF on memory BIO"},
        -:  117:{ERR_REASON(BIO_R_ERROR_SETTING_NBIO)    ,"error setting nbio"},
        -:  118:{ERR_REASON(BIO_R_ERROR_SETTING_NBIO_ON_ACCEPTED_SOCKET),"error setting nbio on accepted socket"},
        -:  119:{ERR_REASON(BIO_R_ERROR_SETTING_NBIO_ON_ACCEPT_SOCKET),"error setting nbio on accept socket"},
        -:  120:{ERR_REASON(BIO_R_GETHOSTBYNAME_ADDR_IS_NOT_AF_INET),"gethostbyname addr is not af inet"},
        -:  121:{ERR_REASON(BIO_R_INVALID_ARGUMENT)      ,"invalid argument"},
        -:  122:{ERR_REASON(BIO_R_INVALID_IP_ADDRESS)    ,"invalid ip address"},
        -:  123:{ERR_REASON(BIO_R_IN_USE)                ,"in use"},
        -:  124:{ERR_REASON(BIO_R_KEEPALIVE)             ,"keepalive"},
        -:  125:{ERR_REASON(BIO_R_NBIO_CONNECT_ERROR)    ,"nbio connect error"},
        -:  126:{ERR_REASON(BIO_R_NO_ACCEPT_PORT_SPECIFIED),"no accept port specified"},
        -:  127:{ERR_REASON(BIO_R_NO_HOSTNAME_SPECIFIED) ,"no hostname specified"},
        -:  128:{ERR_REASON(BIO_R_NO_PORT_DEFINED)       ,"no port defined"},
        -:  129:{ERR_REASON(BIO_R_NO_PORT_SPECIFIED)     ,"no port specified"},
        -:  130:{ERR_REASON(BIO_R_NO_SUCH_FILE)          ,"no such file"},
        -:  131:{ERR_REASON(BIO_R_NULL_PARAMETER)        ,"null parameter"},
        -:  132:{ERR_REASON(BIO_R_TAG_MISMATCH)          ,"tag mismatch"},
        -:  133:{ERR_REASON(BIO_R_UNABLE_TO_BIND_SOCKET) ,"unable to bind socket"},
        -:  134:{ERR_REASON(BIO_R_UNABLE_TO_CREATE_SOCKET),"unable to create socket"},
        -:  135:{ERR_REASON(BIO_R_UNABLE_TO_LISTEN_SOCKET),"unable to listen socket"},
        -:  136:{ERR_REASON(BIO_R_UNINITIALIZED)         ,"uninitialized"},
        -:  137:{ERR_REASON(BIO_R_UNSUPPORTED_METHOD)    ,"unsupported method"},
        -:  138:{ERR_REASON(BIO_R_WRITE_TO_READ_ONLY_BIO),"write to read only BIO"},
        -:  139:{ERR_REASON(BIO_R_WSASTARTUP)            ,"WSAStartup"},
        -:  140:{0,NULL}
        -:  141:	};
        -:  142:
        -:  143:#endif
        -:  144:
    20000:  145:void ERR_load_BIO_strings(void)
        -:  146:	{
        -:  147:#ifndef OPENSSL_NO_ERR
        -:  148:
    20000:  149:	if (ERR_func_error_string(BIO_str_functs[0].error) == NULL)
        -:  150:		{
    10000:  151:		ERR_load_strings(0,BIO_str_functs);
    10000:  152:		ERR_load_strings(0,BIO_str_reasons);
        -:  153:		}
        -:  154:#endif
    20000:  155:	}
