        -:    0:Source:c_alld.c
        -:    0:Graph:c_alld.gcno
        -:    0:Data:c_alld.gcda
        -:    0:Runs:10000
        -:    0:Programs:1
        -:    1:/* crypto/evp/c_alld.c */
        -:    2:/* Copyright (C) 1995-1998 Eric Young (eay@cryptsoft.com)
        -:    3: * All rights reserved.
        -:    4: *
        -:    5: * This package is an SSL implementation written
        -:    6: * by Eric Young (eay@cryptsoft.com).
        -:    7: * The implementation was written so as to conform with Netscapes SSL.
        -:    8: * 
        -:    9: * This library is free for commercial and non-commercial use as long as
        -:   10: * the following conditions are aheared to.  The following conditions
        -:   11: * apply to all code found in this distribution, be it the RC4, RSA,
        -:   12: * lhash, DES, etc., code; not just the SSL code.  The SSL documentation
        -:   13: * included with this distribution is covered by the same copyright terms
        -:   14: * except that the holder is Tim Hudson (tjh@cryptsoft.com).
        -:   15: * 
        -:   16: * Copyright remains Eric Young's, and as such any Copyright notices in
        -:   17: * the code are not to be removed.
        -:   18: * If this package is used in a product, Eric Young should be given attribution
        -:   19: * as the author of the parts of the library used.
        -:   20: * This can be in the form of a textual message at program startup or
        -:   21: * in documentation (online or textual) provided with the package.
        -:   22: * 
        -:   23: * Redistribution and use in source and binary forms, with or without
        -:   24: * modification, are permitted provided that the following conditions
        -:   25: * are met:
        -:   26: * 1. Redistributions of source code must retain the copyright
        -:   27: *    notice, this list of conditions and the following disclaimer.
        -:   28: * 2. Redistributions in binary form must reproduce the above copyright
        -:   29: *    notice, this list of conditions and the following disclaimer in the
        -:   30: *    documentation and/or other materials provided with the distribution.
        -:   31: * 3. All advertising materials mentioning features or use of this software
        -:   32: *    must display the following acknowledgement:
        -:   33: *    "This product includes cryptographic software written by
        -:   34: *     Eric Young (eay@cryptsoft.com)"
        -:   35: *    The word 'cryptographic' can be left out if the rouines from the library
        -:   36: *    being used are not cryptographic related :-).
        -:   37: * 4. If you include any Windows specific code (or a derivative thereof) from 
        -:   38: *    the apps directory (application code) you must include an acknowledgement:
        -:   39: *    "This product includes software written by Tim Hudson (tjh@cryptsoft.com)"
        -:   40: * 
        -:   41: * THIS SOFTWARE IS PROVIDED BY ERIC YOUNG ``AS IS'' AND
        -:   42: * ANY EXPRESS OR IMPLIED WARRANTIES, INCLUDING, BUT NOT LIMITED TO, THE
        -:   43: * IMPLIED WARRANTIES OF MERCHANTABILITY AND FITNESS FOR A PARTICULAR PURPOSE
        -:   44: * ARE DISCLAIMED.  IN NO EVENT SHALL THE AUTHOR OR CONTRIBUTORS BE LIABLE
        -:   45: * FOR ANY DIRECT, INDIRECT, INCIDENTAL, SPECIAL, EXEMPLARY, OR CONSEQUENTIAL
        -:   46: * DAMAGES (INCLUDING, BUT NOT LIMITED TO, PROCUREMENT OF SUBSTITUTE GOODS
        -:   47: * OR SERVICES; LOSS OF USE, DATA, OR PROFITS; OR BUSINESS INTERRUPTION)
        -:   48: * HOWEVER CAUSED AND ON ANY THEORY OF LIABILITY, WHETHER IN CONTRACT, STRICT
        -:   49: * LIABILITY, OR TORT (INCLUDING NEGLIGENCE OR OTHERWISE) ARISING IN ANY WAY
        -:   50: * OUT OF THE USE OF THIS SOFTWARE, EVEN IF ADVISED OF THE POSSIBILITY OF
        -:   51: * SUCH DAMAGE.
        -:   52: * 
        -:   53: * The licence and distribution terms for any publically available version or
        -:   54: * derivative of this code cannot be changed.  i.e. this code cannot simply be
        -:   55: * copied and put under another distribution licence
        -:   56: * [including the GNU Public Licence.]
        -:   57: */
        -:   58:
        -:   59:#include <stdio.h>
        -:   60:#include "cryptlib.h"
        -:   61:#include <openssl/evp.h>
        -:   62:#include <openssl/pkcs12.h>
        -:   63:#include <openssl/objects.h>
        -:   64:
    10000:   65:void OpenSSL_add_all_digests(void)
        -:   66:	{
        -:   67:#ifndef OPENSSL_NO_MD4
    10000:   68:	EVP_add_digest(EVP_md4());
        -:   69:#endif
        -:   70:#ifndef OPENSSL_NO_MD5
    10000:   71:	EVP_add_digest(EVP_md5());
    10000:   72:	EVP_add_digest_alias(SN_md5,"ssl2-md5");
    10000:   73:	EVP_add_digest_alias(SN_md5,"ssl3-md5");
        -:   74:#endif
        -:   75:#if !defined(OPENSSL_NO_SHA) && !defined(OPENSSL_NO_SHA0)
    10000:   76:	EVP_add_digest(EVP_sha());
        -:   77:#ifndef OPENSSL_NO_DSA
    10000:   78:	EVP_add_digest(EVP_dss());
        -:   79:#endif
        -:   80:#endif
        -:   81:#if !defined(OPENSSL_NO_SHA) && !defined(OPENSSL_NO_SHA1)
    10000:   82:	EVP_add_digest(EVP_sha1());
    10000:   83:	EVP_add_digest_alias(SN_sha1,"ssl3-sha1");
    10000:   84:	EVP_add_digest_alias(SN_sha1WithRSAEncryption,SN_sha1WithRSA);
        -:   85:#ifndef OPENSSL_NO_DSA
    10000:   86:	EVP_add_digest(EVP_dss1());
    10000:   87:	EVP_add_digest_alias(SN_dsaWithSHA1,SN_dsaWithSHA1_2);
    10000:   88:	EVP_add_digest_alias(SN_dsaWithSHA1,"DSS1");
    10000:   89:	EVP_add_digest_alias(SN_dsaWithSHA1,"dss1");
        -:   90:#endif
        -:   91:#ifndef OPENSSL_NO_ECDSA
    10000:   92:	EVP_add_digest(EVP_ecdsa());
        -:   93:#endif
        -:   94:#endif
        -:   95:#if !defined(OPENSSL_NO_MDC2) && !defined(OPENSSL_NO_DES)
    10000:   96:	EVP_add_digest(EVP_mdc2());
        -:   97:#endif
        -:   98:#ifndef OPENSSL_NO_RIPEMD
    10000:   99:	EVP_add_digest(EVP_ripemd160());
    10000:  100:	EVP_add_digest_alias(SN_ripemd160,"ripemd");
    10000:  101:	EVP_add_digest_alias(SN_ripemd160,"rmd160");
        -:  102:#endif
        -:  103:#ifndef OPENSSL_NO_SHA256
    10000:  104:	EVP_add_digest(EVP_sha224());
    10000:  105:	EVP_add_digest(EVP_sha256());
        -:  106:#endif
        -:  107:#ifndef OPENSSL_NO_SHA512
    10000:  108:	EVP_add_digest(EVP_sha384());
    10000:  109:	EVP_add_digest(EVP_sha512());
        -:  110:#endif
        -:  111:#ifndef OPENSSL_NO_WHIRLPOOL
    10000:  112:	EVP_add_digest(EVP_whirlpool());
        -:  113:#endif
    10000:  114:	}
