        -:    0:Source:cversion.c
        -:    0:Graph:cversion.gcno
        -:    0:Data:cversion.gcda
        -:    0:Runs:10000
        -:    0:Programs:1
        -:    1:/* crypto/cversion.c */
        -:    2:/* Copyright (C) 1995-1998 Eric Young (eay@cryptsoft.com)
        -:    3: * All rights reserved.
        -:    4: *
        -:    5: * This package is an SSL implementation written
        -:    6: * by Eric Young (eay@cryptsoft.com).
        -:    7: * The implementation was written so as to conform with Netscapes SSL.
        -:    8: * 
        -:    9: * This library is free for commercial and non-commercial use as long as
        -:   10: * the following conditions are aheared to.  The following conditions
        -:   11: * apply to all code found in this distribution, be it the RC4, RSA,
        -:   12: * lhash, DES, etc., code; not just the SSL code.  The SSL documentation
        -:   13: * included with this distribution is covered by the same copyright terms
        -:   14: * except that the holder is Tim Hudson (tjh@cryptsoft.com).
        -:   15: * 
        -:   16: * Copyright remains Eric Young's, and as such any Copyright notices in
        -:   17: * the code are not to be removed.
        -:   18: * If this package is used in a product, Eric Young should be given attribution
        -:   19: * as the author of the parts of the library used.
        -:   20: * This can be in the form of a textual message at program startup or
        -:   21: * in documentation (online or textual) provided with the package.
        -:   22: * 
        -:   23: * Redistribution and use in source and binary forms, with or without
        -:   24: * modification, are permitted provided that the following conditions
        -:   25: * are met:
        -:   26: * 1. Redistributions of source code must retain the copyright
        -:   27: *    notice, this list of conditions and the following disclaimer.
        -:   28: * 2. Redistributions in binary form must reproduce the above copyright
        -:   29: *    notice, this list of conditions and the following disclaimer in the
        -:   30: *    documentation and/or other materials provided with the distribution.
        -:   31: * 3. All advertising materials mentioning features or use of this software
        -:   32: *    must display the following acknowledgement:
        -:   33: *    "This product includes cryptographic software written by
        -:   34: *     Eric Young (eay@cryptsoft.com)"
        -:   35: *    The word 'cryptographic' can be left out if the rouines from the library
        -:   36: *    being used are not cryptographic related :-).
        -:   37: * 4. If you include any Windows specific code (or a derivative thereof) from 
        -:   38: *    the apps directory (application code) you must include an acknowledgement:
        -:   39: *    "This product includes software written by Tim Hudson (tjh@cryptsoft.com)"
        -:   40: * 
        -:   41: * THIS SOFTWARE IS PROVIDED BY ERIC YOUNG ``AS IS'' AND
        -:   42: * ANY EXPRESS OR IMPLIED WARRANTIES, INCLUDING, BUT NOT LIMITED TO, THE
        -:   43: * IMPLIED WARRANTIES OF MERCHANTABILITY AND FITNESS FOR A PARTICULAR PURPOSE
        -:   44: * ARE DISCLAIMED.  IN NO EVENT SHALL THE AUTHOR OR CONTRIBUTORS BE LIABLE
        -:   45: * FOR ANY DIRECT, INDIRECT, INCIDENTAL, SPECIAL, EXEMPLARY, OR CONSEQUENTIAL
        -:   46: * DAMAGES (INCLUDING, BUT NOT LIMITED TO, PROCUREMENT OF SUBSTITUTE GOODS
        -:   47: * OR SERVICES; LOSS OF USE, DATA, OR PROFITS; OR BUSINESS INTERRUPTION)
        -:   48: * HOWEVER CAUSED AND ON ANY THEORY OF LIABILITY, WHETHER IN CONTRACT, STRICT
        -:   49: * LIABILITY, OR TORT (INCLUDING NEGLIGENCE OR OTHERWISE) ARISING IN ANY WAY
        -:   50: * OUT OF THE USE OF THIS SOFTWARE, EVEN IF ADVISED OF THE POSSIBILITY OF
        -:   51: * SUCH DAMAGE.
        -:   52: * 
        -:   53: * The licence and distribution terms for any publically available version or
        -:   54: * derivative of this code cannot be changed.  i.e. this code cannot simply be
        -:   55: * copied and put under another distribution licence
        -:   56: * [including the GNU Public Licence.]
        -:   57: */
        -:   58:
        -:   59:#include "cryptlib.h"
        -:   60:
        -:   61:#ifndef NO_WINDOWS_BRAINDEATH
        -:   62:#include "buildinf.h"
        -:   63:#endif
        -:   64:
    #####:   65:const char *SSLeay_version(int t)
        -:   66:	{
    #####:   67:	if (t == SSLEAY_VERSION)
        -:   68:		return OPENSSL_VERSION_TEXT;
    #####:   69:	if (t == SSLEAY_BUILT_ON)
        -:   70:		{
        -:   71:#ifdef DATE
        -:   72:		static char buf[sizeof(DATE)+11];
        -:   73:
    #####:   74:		BIO_snprintf(buf,sizeof buf,"built on: %s",DATE);
    #####:   75:		return(buf);
        -:   76:#else
        -:   77:		return("built on: date not available");
        -:   78:#endif
        -:   79:		}
    #####:   80:	if (t == SSLEAY_CFLAGS)
        -:   81:		{
        -:   82:#ifdef CFLAGS
        -:   83:		static char buf[sizeof(CFLAGS)+11];
        -:   84:
    #####:   85:		BIO_snprintf(buf,sizeof buf,"compiler: %s",CFLAGS);
    #####:   86:		return(buf);
        -:   87:#else
        -:   88:		return("compiler: information not available");
        -:   89:#endif
        -:   90:		}
    #####:   91:	if (t == SSLEAY_PLATFORM)
        -:   92:		{
        -:   93:#ifdef PLATFORM
        -:   94:		static char buf[sizeof(PLATFORM)+11];
        -:   95:
    #####:   96:		BIO_snprintf(buf,sizeof buf,"platform: %s", PLATFORM);
    #####:   97:		return(buf);
        -:   98:#else
        -:   99:		return("platform: information not available");
        -:  100:#endif
        -:  101:		}
    #####:  102:	if (t == SSLEAY_DIR)
        -:  103:		{
        -:  104:#ifdef OPENSSLDIR
        -:  105:		return "OPENSSLDIR: \"" OPENSSLDIR "\"";
        -:  106:#else
        -:  107:		return "OPENSSLDIR: N/A";
        -:  108:#endif
        -:  109:		}
    #####:  110:	return("not available");
        -:  111:	}
        -:  112:
    #####:  113:unsigned long SSLeay(void)
        -:  114:	{
    #####:  115:	return(SSLEAY_VERSION_NUMBER);
        -:  116:	}
        -:  117:
