        -:    0:Source:o_init.c
        -:    0:Graph:o_init.gcno
        -:    0:Data:o_init.gcda
        -:    0:Runs:10000
        -:    0:Programs:1
        -:    1:/* o_init.c */
        -:    2:/* Written by Dr Stephen N Henson (steve@openssl.org) for the OpenSSL
        -:    3: * project.
        -:    4: */
        -:    5:/* ====================================================================
        -:    6: * Copyright (c) 2011 The OpenSSL Project.  All rights reserved.
        -:    7: *
        -:    8: * Redistribution and use in source and binary forms, with or without
        -:    9: * modification, are permitted provided that the following conditions
        -:   10: * are met:
        -:   11: *
        -:   12: * 1. Redistributions of source code must retain the above copyright
        -:   13: *    notice, this list of conditions and the following disclaimer. 
        -:   14: *
        -:   15: * 2. Redistributions in binary form must reproduce the above copyright
        -:   16: *    notice, this list of conditions and the following disclaimer in
        -:   17: *    the documentation and/or other materials provided with the
        -:   18: *    distribution.
        -:   19: *
        -:   20: * 3. All advertising materials mentioning features or use of this
        -:   21: *    software must display the following acknowledgment:
        -:   22: *    "This product includes software developed by the OpenSSL Project
        -:   23: *    for use in the OpenSSL Toolkit. (http://www.openssl.org/)"
        -:   24: *
        -:   25: * 4. The names "OpenSSL Toolkit" and "OpenSSL Project" must not be used to
        -:   26: *    endorse or promote products derived from this software without
        -:   27: *    prior written permission. For written permission, please contact
        -:   28: *    openssl-core@openssl.org.
        -:   29: *
        -:   30: * 5. Products derived from this software may not be called "OpenSSL"
        -:   31: *    nor may "OpenSSL" appear in their names without prior written
        -:   32: *    permission of the OpenSSL Project.
        -:   33: *
        -:   34: * 6. Redistributions of any form whatsoever must retain the following
        -:   35: *    acknowledgment:
        -:   36: *    "This product includes software developed by the OpenSSL Project
        -:   37: *    for use in the OpenSSL Toolkit (http://www.openssl.org/)"
        -:   38: *
        -:   39: * THIS SOFTWARE IS PROVIDED BY THE OpenSSL PROJECT ``AS IS'' AND ANY
        -:   40: * EXPRESSED OR IMPLIED WARRANTIES, INCLUDING, BUT NOT LIMITED TO, THE
        -:   41: * IMPLIED WARRANTIES OF MERCHANTABILITY AND FITNESS FOR A PARTICULAR
        -:   42: * PURPOSE ARE DISCLAIMED.  IN NO EVENT SHALL THE OpenSSL PROJECT OR
        -:   43: * ITS CONTRIBUTORS BE LIABLE FOR ANY DIRECT, INDIRECT, INCIDENTAL,
        -:   44: * SPECIAL, EXEMPLARY, OR CONSEQUENTIAL DAMAGES (INCLUDING, BUT
        -:   45: * NOT LIMITED TO, PROCUREMENT OF SUBSTITUTE GOODS OR SERVICES;
        -:   46: * LOSS OF USE, DATA, OR PROFITS; OR BUSINESS INTERRUPTION)
        -:   47: * HOWEVER CAUSED AND ON ANY THEORY OF LIABILITY, WHETHER IN CONTRACT,
        -:   48: * STRICT LIABILITY, OR TORT (INCLUDING NEGLIGENCE OR OTHERWISE)
        -:   49: * ARISING IN ANY WAY OUT OF THE USE OF THIS SOFTWARE, EVEN IF ADVISED
        -:   50: * OF THE POSSIBILITY OF SUCH DAMAGE.
        -:   51: * ====================================================================
        -:   52: *
        -:   53: */
        -:   54:
        -:   55:#include <e_os.h>
        -:   56:#include <openssl/err.h>
        -:   57:#ifdef OPENSSL_FIPS
        -:   58:#include <openssl/fips.h>
        -:   59:#include <openssl/rand.h>
        -:   60:#endif
        -:   61:
        -:   62:/* Perform any essential OpenSSL initialization operations.
        -:   63: * Currently only sets FIPS callbacks
        -:   64: */
        -:   65:
  1330000:   66:void OPENSSL_init(void)
        -:   67:	{
        -:   68:	static int done = 0;
  1330000:   69:	if (done)
  1330000:   70:		return;
    10000:   71:	done = 1;
        -:   72:#ifdef OPENSSL_FIPS
        -:   73:	FIPS_set_locking_callbacks(CRYPTO_lock, CRYPTO_add_lock);
        -:   74:	FIPS_set_error_callbacks(ERR_put_error, ERR_add_error_vdata);
        -:   75:	FIPS_set_malloc_callbacks(CRYPTO_malloc, CRYPTO_free);
        -:   76:	RAND_init_fips();
        -:   77:#endif
        -:   78:#if 0
        -:   79:	fprintf(stderr, "Called OPENSSL_init\n");
        -:   80:#endif
        -:   81:	}
        -:   82:
