        -:    0:Source:rsa_err.c
        -:    0:Graph:rsa_err.gcno
        -:    0:Data:rsa_err.gcda
        -:    0:Runs:10000
        -:    0:Programs:1
        -:    1:/* crypto/rsa/rsa_err.c */
        -:    2:/* ====================================================================
        -:    3: * Copyright (c) 1999-2011 The OpenSSL Project.  All rights reserved.
        -:    4: *
        -:    5: * Redistribution and use in source and binary forms, with or without
        -:    6: * modification, are permitted provided that the following conditions
        -:    7: * are met:
        -:    8: *
        -:    9: * 1. Redistributions of source code must retain the above copyright
        -:   10: *    notice, this list of conditions and the following disclaimer. 
        -:   11: *
        -:   12: * 2. Redistributions in binary form must reproduce the above copyright
        -:   13: *    notice, this list of conditions and the following disclaimer in
        -:   14: *    the documentation and/or other materials provided with the
        -:   15: *    distribution.
        -:   16: *
        -:   17: * 3. All advertising materials mentioning features or use of this
        -:   18: *    software must display the following acknowledgment:
        -:   19: *    "This product includes software developed by the OpenSSL Project
        -:   20: *    for use in the OpenSSL Toolkit. (http://www.OpenSSL.org/)"
        -:   21: *
        -:   22: * 4. The names "OpenSSL Toolkit" and "OpenSSL Project" must not be used to
        -:   23: *    endorse or promote products derived from this software without
        -:   24: *    prior written permission. For written permission, please contact
        -:   25: *    openssl-core@OpenSSL.org.
        -:   26: *
        -:   27: * 5. Products derived from this software may not be called "OpenSSL"
        -:   28: *    nor may "OpenSSL" appear in their names without prior written
        -:   29: *    permission of the OpenSSL Project.
        -:   30: *
        -:   31: * 6. Redistributions of any form whatsoever must retain the following
        -:   32: *    acknowledgment:
        -:   33: *    "This product includes software developed by the OpenSSL Project
        -:   34: *    for use in the OpenSSL Toolkit (http://www.OpenSSL.org/)"
        -:   35: *
        -:   36: * THIS SOFTWARE IS PROVIDED BY THE OpenSSL PROJECT ``AS IS'' AND ANY
        -:   37: * EXPRESSED OR IMPLIED WARRANTIES, INCLUDING, BUT NOT LIMITED TO, THE
        -:   38: * IMPLIED WARRANTIES OF MERCHANTABILITY AND FITNESS FOR A PARTICULAR
        -:   39: * PURPOSE ARE DISCLAIMED.  IN NO EVENT SHALL THE OpenSSL PROJECT OR
        -:   40: * ITS CONTRIBUTORS BE LIABLE FOR ANY DIRECT, INDIRECT, INCIDENTAL,
        -:   41: * SPECIAL, EXEMPLARY, OR CONSEQUENTIAL DAMAGES (INCLUDING, BUT
        -:   42: * NOT LIMITED TO, PROCUREMENT OF SUBSTITUTE GOODS OR SERVICES;
        -:   43: * LOSS OF USE, DATA, OR PROFITS; OR BUSINESS INTERRUPTION)
        -:   44: * HOWEVER CAUSED AND ON ANY THEORY OF LIABILITY, WHETHER IN CONTRACT,
        -:   45: * STRICT LIABILITY, OR TORT (INCLUDING NEGLIGENCE OR OTHERWISE)
        -:   46: * ARISING IN ANY WAY OUT OF THE USE OF THIS SOFTWARE, EVEN IF ADVISED
        -:   47: * OF THE POSSIBILITY OF SUCH DAMAGE.
        -:   48: * ====================================================================
        -:   49: *
        -:   50: * This product includes cryptographic software written by Eric Young
        -:   51: * (eay@cryptsoft.com).  This product includes software written by Tim
        -:   52: * Hudson (tjh@cryptsoft.com).
        -:   53: *
        -:   54: */
        -:   55:
        -:   56:/* NOTE: this file was auto generated by the mkerr.pl script: any changes
        -:   57: * made to it will be overwritten when the script next updates this file,
        -:   58: * only reason strings will be preserved.
        -:   59: */
        -:   60:
        -:   61:#include <stdio.h>
        -:   62:#include <openssl/err.h>
        -:   63:#include <openssl/rsa.h>
        -:   64:
        -:   65:/* BEGIN ERROR CODES */
        -:   66:#ifndef OPENSSL_NO_ERR
        -:   67:
        -:   68:#define ERR_FUNC(func) ERR_PACK(ERR_LIB_RSA,func,0)
        -:   69:#define ERR_REASON(reason) ERR_PACK(ERR_LIB_RSA,0,reason)
        -:   70:
        -:   71:static ERR_STRING_DATA RSA_str_functs[]=
        -:   72:	{
        -:   73:{ERR_FUNC(RSA_F_CHECK_PADDING_MD),	"CHECK_PADDING_MD"},
        -:   74:{ERR_FUNC(RSA_F_DO_RSA_PRINT),	"DO_RSA_PRINT"},
        -:   75:{ERR_FUNC(RSA_F_INT_RSA_VERIFY),	"INT_RSA_VERIFY"},
        -:   76:{ERR_FUNC(RSA_F_MEMORY_LOCK),	"MEMORY_LOCK"},
        -:   77:{ERR_FUNC(RSA_F_OLD_RSA_PRIV_DECODE),	"OLD_RSA_PRIV_DECODE"},
        -:   78:{ERR_FUNC(RSA_F_PKEY_RSA_CTRL),	"PKEY_RSA_CTRL"},
        -:   79:{ERR_FUNC(RSA_F_PKEY_RSA_CTRL_STR),	"PKEY_RSA_CTRL_STR"},
        -:   80:{ERR_FUNC(RSA_F_PKEY_RSA_SIGN),	"PKEY_RSA_SIGN"},
        -:   81:{ERR_FUNC(RSA_F_PKEY_RSA_VERIFY),	"PKEY_RSA_VERIFY"},
        -:   82:{ERR_FUNC(RSA_F_PKEY_RSA_VERIFYRECOVER),	"PKEY_RSA_VERIFYRECOVER"},
        -:   83:{ERR_FUNC(RSA_F_RSA_BUILTIN_KEYGEN),	"RSA_BUILTIN_KEYGEN"},
        -:   84:{ERR_FUNC(RSA_F_RSA_CHECK_KEY),	"RSA_check_key"},
        -:   85:{ERR_FUNC(RSA_F_RSA_EAY_PRIVATE_DECRYPT),	"RSA_EAY_PRIVATE_DECRYPT"},
        -:   86:{ERR_FUNC(RSA_F_RSA_EAY_PRIVATE_ENCRYPT),	"RSA_EAY_PRIVATE_ENCRYPT"},
        -:   87:{ERR_FUNC(RSA_F_RSA_EAY_PUBLIC_DECRYPT),	"RSA_EAY_PUBLIC_DECRYPT"},
        -:   88:{ERR_FUNC(RSA_F_RSA_EAY_PUBLIC_ENCRYPT),	"RSA_EAY_PUBLIC_ENCRYPT"},
        -:   89:{ERR_FUNC(RSA_F_RSA_GENERATE_KEY),	"RSA_generate_key"},
        -:   90:{ERR_FUNC(RSA_F_RSA_GENERATE_KEY_EX),	"RSA_generate_key_ex"},
        -:   91:{ERR_FUNC(RSA_F_RSA_ITEM_VERIFY),	"RSA_ITEM_VERIFY"},
        -:   92:{ERR_FUNC(RSA_F_RSA_MEMORY_LOCK),	"RSA_memory_lock"},
        -:   93:{ERR_FUNC(RSA_F_RSA_NEW_METHOD),	"RSA_new_method"},
        -:   94:{ERR_FUNC(RSA_F_RSA_NULL),	"RSA_NULL"},
        -:   95:{ERR_FUNC(RSA_F_RSA_NULL_MOD_EXP),	"RSA_NULL_MOD_EXP"},
        -:   96:{ERR_FUNC(RSA_F_RSA_NULL_PRIVATE_DECRYPT),	"RSA_NULL_PRIVATE_DECRYPT"},
        -:   97:{ERR_FUNC(RSA_F_RSA_NULL_PRIVATE_ENCRYPT),	"RSA_NULL_PRIVATE_ENCRYPT"},
        -:   98:{ERR_FUNC(RSA_F_RSA_NULL_PUBLIC_DECRYPT),	"RSA_NULL_PUBLIC_DECRYPT"},
        -:   99:{ERR_FUNC(RSA_F_RSA_NULL_PUBLIC_ENCRYPT),	"RSA_NULL_PUBLIC_ENCRYPT"},
        -:  100:{ERR_FUNC(RSA_F_RSA_PADDING_ADD_NONE),	"RSA_padding_add_none"},
        -:  101:{ERR_FUNC(RSA_F_RSA_PADDING_ADD_PKCS1_OAEP),	"RSA_padding_add_PKCS1_OAEP"},
        -:  102:{ERR_FUNC(RSA_F_RSA_PADDING_ADD_PKCS1_PSS),	"RSA_padding_add_PKCS1_PSS"},
        -:  103:{ERR_FUNC(RSA_F_RSA_PADDING_ADD_PKCS1_PSS_MGF1),	"RSA_padding_add_PKCS1_PSS_mgf1"},
        -:  104:{ERR_FUNC(RSA_F_RSA_PADDING_ADD_PKCS1_TYPE_1),	"RSA_padding_add_PKCS1_type_1"},
        -:  105:{ERR_FUNC(RSA_F_RSA_PADDING_ADD_PKCS1_TYPE_2),	"RSA_padding_add_PKCS1_type_2"},
        -:  106:{ERR_FUNC(RSA_F_RSA_PADDING_ADD_SSLV23),	"RSA_padding_add_SSLv23"},
        -:  107:{ERR_FUNC(RSA_F_RSA_PADDING_ADD_X931),	"RSA_padding_add_X931"},
        -:  108:{ERR_FUNC(RSA_F_RSA_PADDING_CHECK_NONE),	"RSA_padding_check_none"},
        -:  109:{ERR_FUNC(RSA_F_RSA_PADDING_CHECK_PKCS1_OAEP),	"RSA_padding_check_PKCS1_OAEP"},
        -:  110:{ERR_FUNC(RSA_F_RSA_PADDING_CHECK_PKCS1_TYPE_1),	"RSA_padding_check_PKCS1_type_1"},
        -:  111:{ERR_FUNC(RSA_F_RSA_PADDING_CHECK_PKCS1_TYPE_2),	"RSA_padding_check_PKCS1_type_2"},
        -:  112:{ERR_FUNC(RSA_F_RSA_PADDING_CHECK_SSLV23),	"RSA_padding_check_SSLv23"},
        -:  113:{ERR_FUNC(RSA_F_RSA_PADDING_CHECK_X931),	"RSA_padding_check_X931"},
        -:  114:{ERR_FUNC(RSA_F_RSA_PRINT),	"RSA_print"},
        -:  115:{ERR_FUNC(RSA_F_RSA_PRINT_FP),	"RSA_print_fp"},
        -:  116:{ERR_FUNC(RSA_F_RSA_PRIVATE_DECRYPT),	"RSA_private_decrypt"},
        -:  117:{ERR_FUNC(RSA_F_RSA_PRIVATE_ENCRYPT),	"RSA_private_encrypt"},
        -:  118:{ERR_FUNC(RSA_F_RSA_PRIV_DECODE),	"RSA_PRIV_DECODE"},
        -:  119:{ERR_FUNC(RSA_F_RSA_PRIV_ENCODE),	"RSA_PRIV_ENCODE"},
        -:  120:{ERR_FUNC(RSA_F_RSA_PUBLIC_DECRYPT),	"RSA_public_decrypt"},
        -:  121:{ERR_FUNC(RSA_F_RSA_PUBLIC_ENCRYPT),	"RSA_public_encrypt"},
        -:  122:{ERR_FUNC(RSA_F_RSA_PUB_DECODE),	"RSA_PUB_DECODE"},
        -:  123:{ERR_FUNC(RSA_F_RSA_SETUP_BLINDING),	"RSA_setup_blinding"},
        -:  124:{ERR_FUNC(RSA_F_RSA_SIGN),	"RSA_sign"},
        -:  125:{ERR_FUNC(RSA_F_RSA_SIGN_ASN1_OCTET_STRING),	"RSA_sign_ASN1_OCTET_STRING"},
        -:  126:{ERR_FUNC(RSA_F_RSA_VERIFY),	"RSA_verify"},
        -:  127:{ERR_FUNC(RSA_F_RSA_VERIFY_ASN1_OCTET_STRING),	"RSA_verify_ASN1_OCTET_STRING"},
        -:  128:{ERR_FUNC(RSA_F_RSA_VERIFY_PKCS1_PSS),	"RSA_verify_PKCS1_PSS"},
        -:  129:{ERR_FUNC(RSA_F_RSA_VERIFY_PKCS1_PSS_MGF1),	"RSA_verify_PKCS1_PSS_mgf1"},
        -:  130:{0,NULL}
        -:  131:	};
        -:  132:
        -:  133:static ERR_STRING_DATA RSA_str_reasons[]=
        -:  134:	{
        -:  135:{ERR_REASON(RSA_R_ALGORITHM_MISMATCH)    ,"algorithm mismatch"},
        -:  136:{ERR_REASON(RSA_R_BAD_E_VALUE)           ,"bad e value"},
        -:  137:{ERR_REASON(RSA_R_BAD_FIXED_HEADER_DECRYPT),"bad fixed header decrypt"},
        -:  138:{ERR_REASON(RSA_R_BAD_PAD_BYTE_COUNT)    ,"bad pad byte count"},
        -:  139:{ERR_REASON(RSA_R_BAD_SIGNATURE)         ,"bad signature"},
        -:  140:{ERR_REASON(RSA_R_BLOCK_TYPE_IS_NOT_01)  ,"block type is not 01"},
        -:  141:{ERR_REASON(RSA_R_BLOCK_TYPE_IS_NOT_02)  ,"block type is not 02"},
        -:  142:{ERR_REASON(RSA_R_DATA_GREATER_THAN_MOD_LEN),"data greater than mod len"},
        -:  143:{ERR_REASON(RSA_R_DATA_TOO_LARGE)        ,"data too large"},
        -:  144:{ERR_REASON(RSA_R_DATA_TOO_LARGE_FOR_KEY_SIZE),"data too large for key size"},
        -:  145:{ERR_REASON(RSA_R_DATA_TOO_LARGE_FOR_MODULUS),"data too large for modulus"},
        -:  146:{ERR_REASON(RSA_R_DATA_TOO_SMALL)        ,"data too small"},
        -:  147:{ERR_REASON(RSA_R_DATA_TOO_SMALL_FOR_KEY_SIZE),"data too small for key size"},
        -:  148:{ERR_REASON(RSA_R_DIGEST_TOO_BIG_FOR_RSA_KEY),"digest too big for rsa key"},
        -:  149:{ERR_REASON(RSA_R_DMP1_NOT_CONGRUENT_TO_D),"dmp1 not congruent to d"},
        -:  150:{ERR_REASON(RSA_R_DMQ1_NOT_CONGRUENT_TO_D),"dmq1 not congruent to d"},
        -:  151:{ERR_REASON(RSA_R_D_E_NOT_CONGRUENT_TO_1),"d e not congruent to 1"},
        -:  152:{ERR_REASON(RSA_R_FIRST_OCTET_INVALID)   ,"first octet invalid"},
        -:  153:{ERR_REASON(RSA_R_ILLEGAL_OR_UNSUPPORTED_PADDING_MODE),"illegal or unsupported padding mode"},
        -:  154:{ERR_REASON(RSA_R_INVALID_DIGEST_LENGTH) ,"invalid digest length"},
        -:  155:{ERR_REASON(RSA_R_INVALID_HEADER)        ,"invalid header"},
        -:  156:{ERR_REASON(RSA_R_INVALID_KEYBITS)       ,"invalid keybits"},
        -:  157:{ERR_REASON(RSA_R_INVALID_MESSAGE_LENGTH),"invalid message length"},
        -:  158:{ERR_REASON(RSA_R_INVALID_MGF1_MD)       ,"invalid mgf1 md"},
        -:  159:{ERR_REASON(RSA_R_INVALID_PADDING)       ,"invalid padding"},
        -:  160:{ERR_REASON(RSA_R_INVALID_PADDING_MODE)  ,"invalid padding mode"},
        -:  161:{ERR_REASON(RSA_R_INVALID_PSS_PARAMETERS),"invalid pss parameters"},
        -:  162:{ERR_REASON(RSA_R_INVALID_PSS_SALTLEN)   ,"invalid pss saltlen"},
        -:  163:{ERR_REASON(RSA_R_INVALID_SALT_LENGTH)   ,"invalid salt length"},
        -:  164:{ERR_REASON(RSA_R_INVALID_TRAILER)       ,"invalid trailer"},
        -:  165:{ERR_REASON(RSA_R_INVALID_X931_DIGEST)   ,"invalid x931 digest"},
        -:  166:{ERR_REASON(RSA_R_IQMP_NOT_INVERSE_OF_Q) ,"iqmp not inverse of q"},
        -:  167:{ERR_REASON(RSA_R_KEY_SIZE_TOO_SMALL)    ,"key size too small"},
        -:  168:{ERR_REASON(RSA_R_LAST_OCTET_INVALID)    ,"last octet invalid"},
        -:  169:{ERR_REASON(RSA_R_MODULUS_TOO_LARGE)     ,"modulus too large"},
        -:  170:{ERR_REASON(RSA_R_NON_FIPS_RSA_METHOD)   ,"non fips rsa method"},
        -:  171:{ERR_REASON(RSA_R_NO_PUBLIC_EXPONENT)    ,"no public exponent"},
        -:  172:{ERR_REASON(RSA_R_NULL_BEFORE_BLOCK_MISSING),"null before block missing"},
        -:  173:{ERR_REASON(RSA_R_N_DOES_NOT_EQUAL_P_Q)  ,"n does not equal p q"},
        -:  174:{ERR_REASON(RSA_R_OAEP_DECODING_ERROR)   ,"oaep decoding error"},
        -:  175:{ERR_REASON(RSA_R_OPERATION_NOT_ALLOWED_IN_FIPS_MODE),"operation not allowed in fips mode"},
        -:  176:{ERR_REASON(RSA_R_OPERATION_NOT_SUPPORTED_FOR_THIS_KEYTYPE),"operation not supported for this keytype"},
        -:  177:{ERR_REASON(RSA_R_PADDING_CHECK_FAILED)  ,"padding check failed"},
        -:  178:{ERR_REASON(RSA_R_P_NOT_PRIME)           ,"p not prime"},
        -:  179:{ERR_REASON(RSA_R_Q_NOT_PRIME)           ,"q not prime"},
        -:  180:{ERR_REASON(RSA_R_RSA_OPERATIONS_NOT_SUPPORTED),"rsa operations not supported"},
        -:  181:{ERR_REASON(RSA_R_SLEN_CHECK_FAILED)     ,"salt length check failed"},
        -:  182:{ERR_REASON(RSA_R_SLEN_RECOVERY_FAILED)  ,"salt length recovery failed"},
        -:  183:{ERR_REASON(RSA_R_SSLV3_ROLLBACK_ATTACK) ,"sslv3 rollback attack"},
        -:  184:{ERR_REASON(RSA_R_THE_ASN1_OBJECT_IDENTIFIER_IS_NOT_KNOWN_FOR_THIS_MD),"the asn1 object identifier is not known for this md"},
        -:  185:{ERR_REASON(RSA_R_UNKNOWN_ALGORITHM_TYPE),"unknown algorithm type"},
        -:  186:{ERR_REASON(RSA_R_UNKNOWN_MASK_DIGEST)   ,"unknown mask digest"},
        -:  187:{ERR_REASON(RSA_R_UNKNOWN_PADDING_TYPE)  ,"unknown padding type"},
        -:  188:{ERR_REASON(RSA_R_UNKNOWN_PSS_DIGEST)    ,"unknown pss digest"},
        -:  189:{ERR_REASON(RSA_R_UNSUPPORTED_MASK_ALGORITHM),"unsupported mask algorithm"},
        -:  190:{ERR_REASON(RSA_R_UNSUPPORTED_MASK_PARAMETER),"unsupported mask parameter"},
        -:  191:{ERR_REASON(RSA_R_UNSUPPORTED_SIGNATURE_TYPE),"unsupported signature type"},
        -:  192:{ERR_REASON(RSA_R_VALUE_MISSING)         ,"value missing"},
        -:  193:{ERR_REASON(RSA_R_WRONG_SIGNATURE_LENGTH),"wrong signature length"},
        -:  194:{0,NULL}
        -:  195:	};
        -:  196:
        -:  197:#endif
        -:  198:
    20000:  199:void ERR_load_RSA_strings(void)
        -:  200:	{
        -:  201:#ifndef OPENSSL_NO_ERR
        -:  202:
    20000:  203:	if (ERR_func_error_string(RSA_str_functs[0].error) == NULL)
        -:  204:		{
    10000:  205:		ERR_load_strings(0,RSA_str_functs);
    10000:  206:		ERR_load_strings(0,RSA_str_reasons);
        -:  207:		}
        -:  208:#endif
    20000:  209:	}
